{"D:\\KI 2 NAM 4\\SQA\\CODE\\DO_AN\\nestjs-api-ecm\\src\\app.controller.ts": {"path":"D:\\KI 2 NAM 4\\SQA\\CODE\\DO_AN\\nestjs-api-ecm\\src\\app.controller.ts","statementMap":{"0":{"start":{"line":1,"column":0},"end":{"line":1,"column":49}},"1":{"start":{"line":2,"column":0},"end":{"line":2,"column":43}},"2":{"start":{"line":5,"column":7},"end":{"line":12,"column":null}},"3":{"start":{"line":6,"column":31},"end":{"line":6,"column":43}},"4":{"start":{"line":10,"column":4},"end":{"line":10,"column":38}},"5":{"start":{"line":5,"column":13},"end":{"line":5,"column":26}},"6":{"start":{"line":9,"column":2},"end":{"line":11,"column":null}},"7":{"start":{"line":5,"column":13},"end":{"line":12,"column":null}}},"fnMap":{"0":{"name":"(anonymous_2)","decl":{"start":{"line":6,"column":2},"end":{"line":6,"column":31}},"loc":{"start":{"line":6,"column":53},"end":{"line":6,"column":57}}},"1":{"name":"(anonymous_3)","decl":{"start":{"line":9,"column":2},"end":{"line":9,"column":10}},"loc":{"start":{"line":9,"column":10},"end":{"line":11,"column":3}}}},"branchMap":{},"s":{"0":2,"1":2,"2":2,"3":4,"4":4,"5":2,"6":2,"7":2},"f":{"0":4,"1":4},"b":{}}
,"D:\\KI 2 NAM 4\\SQA\\CODE\\DO_AN\\nestjs-api-ecm\\src\\app.module.ts": {"path":"D:\\KI 2 NAM 4\\SQA\\CODE\\DO_AN\\nestjs-api-ecm\\src\\app.module.ts","statementMap":{"0":{"start":{"line":1,"column":0},"end":{"line":1,"column":40}},"1":{"start":{"line":2,"column":0},"end":{"line":2,"column":49}},"2":{"start":{"line":3,"column":0},"end":{"line":3,"column":43}},"3":{"start":{"line":4,"column":0},"end":{"line":4,"column":57}},"4":{"start":{"line":5,"column":0},"end":{"line":5,"column":48}},"5":{"start":{"line":6,"column":0},"end":{"line":6,"column":61}},"6":{"start":{"line":7,"column":0},"end":{"line":7,"column":58}},"7":{"start":{"line":8,"column":0},"end":{"line":8,"column":76}},"8":{"start":{"line":9,"column":0},"end":{"line":9,"column":40}},"9":{"start":{"line":10,"column":0},"end":{"line":10,"column":75}},"10":{"start":{"line":11,"column":0},"end":{"line":11,"column":89}},"11":{"start":{"line":12,"column":0},"end":{"line":12,"column":88}},"12":{"start":{"line":13,"column":0},"end":{"line":13,"column":72}},"13":{"start":{"line":14,"column":0},"end":{"line":14,"column":78}},"14":{"start":{"line":15,"column":0},"end":{"line":15,"column":68}},"15":{"start":{"line":16,"column":0},"end":{"line":16,"column":84}},"16":{"start":{"line":17,"column":0},"end":{"line":17,"column":58}},"17":{"start":{"line":18,"column":0},"end":{"line":18,"column":85}},"18":{"start":{"line":19,"column":0},"end":{"line":19,"column":59}},"19":{"start":{"line":65,"column":7},"end":{"line":65,"column":null}},"20":{"start":{"line":65,"column":13},"end":{"line":65,"column":22}},"21":{"start":{"line":65,"column":13},"end":{"line":65,"column":null}},"22":{"start":{"line":27,"column":59},"end":{"line":30,"column":8}},"23":{"start":{"line":37,"column":53},"end":{"line":58,"column":8}}},"fnMap":{"0":{"name":"(anonymous_1)","decl":{"start":{"line":27,"column":18},"end":{"line":27,"column":23}},"loc":{"start":{"line":27,"column":59},"end":{"line":30,"column":8}}},"1":{"name":"(anonymous_2)","decl":{"start":{"line":37,"column":18},"end":{"line":37,"column":19}},"loc":{"start":{"line":37,"column":53},"end":{"line":58,"column":8}}}},"branchMap":{},"s":{"0":0,"1":0,"2":0,"3":0,"4":0,"5":0,"6":0,"7":0,"8":0,"9":0,"10":0,"11":0,"12":0,"13":0,"14":0,"15":0,"16":0,"17":0,"18":0,"19":0,"20":0,"21":0,"22":0,"23":0},"f":{"0":0,"1":0},"b":{}}
,"D:\\KI 2 NAM 4\\SQA\\CODE\\DO_AN\\nestjs-api-ecm\\src\\app.service.ts": {"path":"D:\\KI 2 NAM 4\\SQA\\CODE\\DO_AN\\nestjs-api-ecm\\src\\app.service.ts","statementMap":{"0":{"start":{"line":1,"column":0},"end":{"line":1,"column":44}},"1":{"start":{"line":4,"column":7},"end":{"line":8,"column":null}},"2":{"start":{"line":6,"column":4},"end":{"line":6,"column":26}},"3":{"start":{"line":4,"column":13},"end":{"line":4,"column":23}},"4":{"start":{"line":4,"column":13},"end":{"line":8,"column":null}}},"fnMap":{"0":{"name":"(anonymous_1)","decl":{"start":{"line":5,"column":2},"end":{"line":5,"column":10}},"loc":{"start":{"line":5,"column":10},"end":{"line":7,"column":3}}}},"branchMap":{},"s":{"0":2,"1":2,"2":1,"3":2,"4":2},"f":{"0":1},"b":{}}
,"D:\\KI 2 NAM 4\\SQA\\CODE\\DO_AN\\nestjs-api-ecm\\src\\main.ts": {"path":"D:\\KI 2 NAM 4\\SQA\\CODE\\DO_AN\\nestjs-api-ecm\\src\\main.ts","statementMap":{"0":{"start":{"line":1,"column":0},"end":{"line":1,"column":43}},"1":{"start":{"line":2,"column":0},"end":{"line":2,"column":41}},"2":{"start":{"line":3,"column":0},"end":{"line":3,"column":47}},"3":{"start":{"line":4,"column":0},"end":{"line":4,"column":65}},"4":{"start":{"line":7,"column":14},"end":{"line":7,"column":49}},"5":{"start":{"line":8,"column":2},"end":{"line":12,"column":5}},"6":{"start":{"line":13,"column":24},"end":{"line":13,"column":46}},"7":{"start":{"line":14,"column":15},"end":{"line":14,"column":56}},"8":{"start":{"line":15,"column":17},"end":{"line":21,"column":12}},"9":{"start":{"line":22,"column":19},"end":{"line":22,"column":60}},"10":{"start":{"line":23,"column":2},"end":{"line":23,"column":44}},"11":{"start":{"line":24,"column":2},"end":{"line":24,"column":25}},"12":{"start":{"line":26,"column":0},"end":{"line":26,"column":12}}},"fnMap":{"0":{"name":"bootstrap","decl":{"start":{"line":6,"column":15},"end":{"line":6,"column":24}},"loc":{"start":{"line":6,"column":24},"end":{"line":25,"column":1}}}},"branchMap":{"0":{"loc":{"start":{"line":14,"column":15},"end":{"line":14,"column":56}},"type":"binary-expr","locations":[{"start":{"line":14,"column":15},"end":{"line":14,"column":48}},{"start":{"line":14,"column":52},"end":{"line":14,"column":56}}]}},"s":{"0":0,"1":0,"2":0,"3":0,"4":0,"5":0,"6":0,"7":0,"8":0,"9":0,"10":0,"11":0,"12":0},"f":{"0":0},"b":{"0":[0,0]}}
,"D:\\KI 2 NAM 4\\SQA\\CODE\\DO_AN\\nestjs-api-ecm\\src\\Until\\configConst.ts": {"path":"D:\\KI 2 NAM 4\\SQA\\CODE\\DO_AN\\nestjs-api-ecm\\src\\Until\\configConst.ts","statementMap":{"0":{"start":{"line":1,"column":13},"end":{"line":4,"column":2}},"1":{"start":{"line":6,"column":13},"end":{"line":9,"column":2}}},"fnMap":{},"branchMap":{},"s":{"0":7,"1":7},"f":{},"b":{}}
,"D:\\KI 2 NAM 4\\SQA\\CODE\\DO_AN\\nestjs-api-ecm\\src\\Until\\responseUtil.ts": {"path":"D:\\KI 2 NAM 4\\SQA\\CODE\\DO_AN\\nestjs-api-ecm\\src\\Until\\responseUtil.ts","statementMap":{"0":{"start":{"line":1,"column":13},"end":{"line":42,"column":2}},"1":{"start":{"line":3,"column":4},"end":{"line":8,"column":6}},"2":{"start":{"line":12,"column":4},"end":{"line":16,"column":6}},"3":{"start":{"line":20,"column":4},"end":{"line":24,"column":6}},"4":{"start":{"line":28,"column":4},"end":{"line":32,"column":6}},"5":{"start":{"line":36,"column":4},"end":{"line":40,"column":6}}},"fnMap":{"0":{"name":"(anonymous_0)","decl":{"start":{"line":2,"column":6},"end":{"line":2,"column":7}},"loc":{"start":{"line":2,"column":20},"end":{"line":9,"column":3}}},"1":{"name":"(anonymous_1)","decl":{"start":{"line":11,"column":12},"end":{"line":11,"column":15}},"loc":{"start":{"line":11,"column":17},"end":{"line":17,"column":3}}},"2":{"name":"(anonymous_2)","decl":{"start":{"line":19,"column":9},"end":{"line":19,"column":10}},"loc":{"start":{"line":19,"column":30},"end":{"line":25,"column":3}}},"3":{"name":"(anonymous_3)","decl":{"start":{"line":27,"column":16},"end":{"line":27,"column":17}},"loc":{"start":{"line":27,"column":37},"end":{"line":33,"column":3}}},"4":{"name":"(anonymous_4)","decl":{"start":{"line":35,"column":15},"end":{"line":35,"column":16}},"loc":{"start":{"line":35,"column":31},"end":{"line":41,"column":3}}}},"branchMap":{"0":{"loc":{"start":{"line":23,"column":15},"end":{"line":23,"column":49}},"type":"binary-expr","locations":[{"start":{"line":23,"column":15},"end":{"line":23,"column":22}},{"start":{"line":23,"column":26},"end":{"line":23,"column":49}}]},"1":{"loc":{"start":{"line":31,"column":15},"end":{"line":31,"column":40}},"type":"binary-expr","locations":[{"start":{"line":31,"column":15},"end":{"line":31,"column":22}},{"start":{"line":31,"column":26},"end":{"line":31,"column":40}}]}},"s":{"0":37,"1":77,"2":1,"3":100,"4":8,"5":2},"f":{"0":77,"1":1,"2":100,"3":8,"4":2},"b":{"0":[100,1],"1":[8,1]}}
,"D:\\KI 2 NAM 4\\SQA\\CODE\\DO_AN\\nestjs-api-ecm\\src\\backend\\backend.module.ts": {"path":"D:\\KI 2 NAM 4\\SQA\\CODE\\DO_AN\\nestjs-api-ecm\\src\\backend\\backend.module.ts","statementMap":{"0":{"start":{"line":1,"column":0},"end":{"line":1,"column":40}},"1":{"start":{"line":2,"column":0},"end":{"line":2,"column":57}},"2":{"start":{"line":3,"column":0},"end":{"line":3,"column":60}},"3":{"start":{"line":4,"column":0},"end":{"line":4,"column":57}},"4":{"start":{"line":5,"column":0},"end":{"line":5,"column":69}},"5":{"start":{"line":6,"column":0},"end":{"line":6,"column":51}},"6":{"start":{"line":8,"column":0},"end":{"line":8,"column":48}},"7":{"start":{"line":9,"column":0},"end":{"line":9,"column":76}},"8":{"start":{"line":10,"column":0},"end":{"line":10,"column":85}},"9":{"start":{"line":11,"column":0},"end":{"line":11,"column":76}},"10":{"start":{"line":12,"column":0},"end":{"line":12,"column":68}},"11":{"start":{"line":13,"column":0},"end":{"line":13,"column":82}},"12":{"start":{"line":14,"column":0},"end":{"line":14,"column":56}},"13":{"start":{"line":15,"column":0},"end":{"line":15,"column":54}},"14":{"start":{"line":16,"column":0},"end":{"line":16,"column":71}},"15":{"start":{"line":17,"column":0},"end":{"line":17,"column":80}},"16":{"start":{"line":18,"column":0},"end":{"line":18,"column":67}},"17":{"start":{"line":19,"column":0},"end":{"line":19,"column":93}},"18":{"start":{"line":20,"column":0},"end":{"line":20,"column":48}},"19":{"start":{"line":44,"column":7},"end":{"line":44,"column":null}},"20":{"start":{"line":44,"column":13},"end":{"line":44,"column":26}},"21":{"start":{"line":44,"column":13},"end":{"line":44,"column":null}}},"fnMap":{},"branchMap":{},"s":{"0":0,"1":0,"2":0,"3":0,"4":0,"5":0,"6":0,"7":0,"8":0,"9":0,"10":0,"11":0,"12":0,"13":0,"14":0,"15":0,"16":0,"17":0,"18":0,"19":0,"20":0,"21":0},"f":{},"b":{}}
,"D:\\KI 2 NAM 4\\SQA\\CODE\\DO_AN\\nestjs-api-ecm\\src\\backend\\article\\article.controller.ts": {"path":"D:\\KI 2 NAM 4\\SQA\\CODE\\DO_AN\\nestjs-api-ecm\\src\\backend\\article\\article.controller.ts","statementMap":{"0":{"start":{"line":1,"column":0},"end":{"line":1,"column":44}},"1":{"start":{"line":4,"column":7},"end":{"line":4,"column":null}},"2":{"start":{"line":4,"column":13},"end":{"line":4,"column":30}},"3":{"start":{"line":4,"column":13},"end":{"line":4,"column":null}}},"fnMap":{},"branchMap":{},"s":{"0":0,"1":0,"2":0,"3":0},"f":{},"b":{}}
,"D:\\KI 2 NAM 4\\SQA\\CODE\\DO_AN\\nestjs-api-ecm\\src\\backend\\article\\article.module.ts": {"path":"D:\\KI 2 NAM 4\\SQA\\CODE\\DO_AN\\nestjs-api-ecm\\src\\backend\\article\\article.module.ts","statementMap":{"0":{"start":{"line":1,"column":0},"end":{"line":1,"column":40}},"1":{"start":{"line":2,"column":0},"end":{"line":2,"column":57}},"2":{"start":{"line":3,"column":0},"end":{"line":3,"column":51}},"3":{"start":{"line":9,"column":7},"end":{"line":9,"column":null}},"4":{"start":{"line":9,"column":13},"end":{"line":9,"column":26}},"5":{"start":{"line":9,"column":13},"end":{"line":9,"column":null}}},"fnMap":{},"branchMap":{},"s":{"0":0,"1":0,"2":0,"3":0,"4":0,"5":0},"f":{},"b":{}}
,"D:\\KI 2 NAM 4\\SQA\\CODE\\DO_AN\\nestjs-api-ecm\\src\\backend\\article\\article.service.ts": {"path":"D:\\KI 2 NAM 4\\SQA\\CODE\\DO_AN\\nestjs-api-ecm\\src\\backend\\article\\article.service.ts","statementMap":{"0":{"start":{"line":1,"column":0},"end":{"line":1,"column":44}},"1":{"start":{"line":4,"column":7},"end":{"line":4,"column":null}},"2":{"start":{"line":4,"column":13},"end":{"line":4,"column":27}},"3":{"start":{"line":4,"column":13},"end":{"line":4,"column":null}}},"fnMap":{},"branchMap":{},"s":{"0":0,"1":0,"2":0,"3":0},"f":{},"b":{}}
,"D:\\KI 2 NAM 4\\SQA\\CODE\\DO_AN\\nestjs-api-ecm\\src\\backend\\auth\\change-password\\change-password.controller.ts": {"path":"D:\\KI 2 NAM 4\\SQA\\CODE\\DO_AN\\nestjs-api-ecm\\src\\backend\\auth\\change-password\\change-password.controller.ts","statementMap":{"0":{"start":{"line":1,"column":0},"end":{"line":1,"column":72}},"1":{"start":{"line":2,"column":0},"end":{"line":2,"column":66}},"2":{"start":{"line":3,"column":0},"end":{"line":3,"column":68}},"3":{"start":{"line":4,"column":0},"end":{"line":4,"column":57}},"4":{"start":{"line":5,"column":0},"end":{"line":5,"column":55}},"5":{"start":{"line":6,"column":0},"end":{"line":6,"column":51}},"6":{"start":{"line":7,"column":0},"end":{"line":7,"column":50}},"7":{"start":{"line":8,"column":0},"end":{"line":8,"column":51}},"8":{"start":{"line":14,"column":7},"end":{"line":34,"column":null}},"9":{"start":{"line":15,"column":31},"end":{"line":15,"column":54}},"10":{"start":{"line":23,"column":4},"end":{"line":32,"column":5}},"11":{"start":{"line":24,"column":20},"end":{"line":26,"column":null}},"12":{"start":{"line":28,"column":6},"end":{"line":28,"column":39}},"13":{"start":{"line":30,"column":27},"end":{"line":30,"column":77}},"14":{"start":{"line":31,"column":6},"end":{"line":31,"column":49}},"15":{"start":{"line":14,"column":13},"end":{"line":14,"column":37}},"16":{"start":{"line":19,"column":8},"end":{"line":33,"column":null}},"17":{"start":{"line":14,"column":13},"end":{"line":34,"column":null}}},"fnMap":{"0":{"name":"(anonymous_4)","decl":{"start":{"line":15,"column":2},"end":{"line":15,"column":31}},"loc":{"start":{"line":15,"column":75},"end":{"line":15,"column":79}}},"1":{"name":"(anonymous_5)","decl":{"start":{"line":19,"column":2},"end":{"line":19,"column":7}},"loc":{"start":{"line":21,"column":40},"end":{"line":33,"column":3}}}},"branchMap":{"0":{"loc":{"start":{"line":30,"column":27},"end":{"line":30,"column":77}},"type":"cond-expr","locations":[{"start":{"line":30,"column":48},"end":{"line":30,"column":57}},{"start":{"line":30,"column":60},"end":{"line":30,"column":77}}]}},"s":{"0":1,"1":1,"2":1,"3":1,"4":1,"5":1,"6":1,"7":1,"8":1,"9":4,"10":4,"11":4,"12":3,"13":1,"14":1,"15":1,"16":1,"17":1},"f":{"0":4,"1":4},"b":{"0":[1,0]}}
,"D:\\KI 2 NAM 4\\SQA\\CODE\\DO_AN\\nestjs-api-ecm\\src\\backend\\auth\\change-password\\change-password.module.ts": {"path":"D:\\KI 2 NAM 4\\SQA\\CODE\\DO_AN\\nestjs-api-ecm\\src\\backend\\auth\\change-password\\change-password.module.ts","statementMap":{"0":{"start":{"line":1,"column":0},"end":{"line":1,"column":40}},"1":{"start":{"line":2,"column":0},"end":{"line":2,"column":66}},"2":{"start":{"line":3,"column":0},"end":{"line":3,"column":72}},"3":{"start":{"line":4,"column":0},"end":{"line":4,"column":48}},"4":{"start":{"line":5,"column":0},"end":{"line":5,"column":60}},"5":{"start":{"line":12,"column":7},"end":{"line":12,"column":null}},"6":{"start":{"line":12,"column":13},"end":{"line":12,"column":33}},"7":{"start":{"line":12,"column":13},"end":{"line":12,"column":null}}},"fnMap":{},"branchMap":{},"s":{"0":0,"1":0,"2":0,"3":0,"4":0,"5":0,"6":0,"7":0},"f":{},"b":{}}
,"D:\\KI 2 NAM 4\\SQA\\CODE\\DO_AN\\nestjs-api-ecm\\src\\backend\\auth\\change-password\\change-password.service.ts": {"path":"D:\\KI 2 NAM 4\\SQA\\CODE\\DO_AN\\nestjs-api-ecm\\src\\backend\\auth\\change-password\\change-password.service.ts","statementMap":{"0":{"start":{"line":1,"column":0},"end":{"line":1,"column":63}},"1":{"start":{"line":2,"column":0},"end":{"line":2,"column":60}},"2":{"start":{"line":3,"column":0},"end":{"line":3,"column":37}},"3":{"start":{"line":4,"column":0},"end":{"line":4,"column":51}},"4":{"start":{"line":6,"column":0},"end":{"line":6,"column":33}},"5":{"start":{"line":9,"column":7},"end":{"line":43,"column":null}},"6":{"start":{"line":11,"column":45},"end":{"line":11,"column":55}},"7":{"start":{"line":15,"column":17},"end":{"line":17,"column":6}},"8":{"start":{"line":20,"column":4},"end":{"line":22,"column":5}},"9":{"start":{"line":21,"column":6},"end":{"line":21,"column":74}},"10":{"start":{"line":24,"column":22},"end":{"line":26,"column":null}},"11":{"start":{"line":29,"column":4},"end":{"line":31,"column":5}},"12":{"start":{"line":30,"column":6},"end":{"line":30,"column":53}},"13":{"start":{"line":33,"column":4},"end":{"line":33,"column":69}},"14":{"start":{"line":35,"column":18},"end":{"line":35,"column":42}},"15":{"start":{"line":37,"column":4},"end":{"line":39,"column":5}},"16":{"start":{"line":38,"column":6},"end":{"line":38,"column":56}},"17":{"start":{"line":41,"column":4},"end":{"line":41,"column":17}},"18":{"start":{"line":9,"column":13},"end":{"line":9,"column":34}},"19":{"start":{"line":9,"column":13},"end":{"line":43,"column":null}}},"fnMap":{"0":{"name":"(anonymous_10)","decl":{"start":{"line":10,"column":2},"end":{"line":10,"column":null}},"loc":{"start":{"line":11,"column":71},"end":{"line":12,"column":6}}},"1":{"name":"(anonymous_11)","decl":{"start":{"line":14,"column":2},"end":{"line":14,"column":7}},"loc":{"start":{"line":14,"column":68},"end":{"line":42,"column":3}}}},"branchMap":{"0":{"loc":{"start":{"line":20,"column":4},"end":{"line":22,"column":5}},"type":"if","locations":[{"start":{"line":20,"column":4},"end":{"line":22,"column":5}}]},"1":{"loc":{"start":{"line":29,"column":4},"end":{"line":31,"column":5}},"type":"if","locations":[{"start":{"line":29,"column":4},"end":{"line":31,"column":5}}]},"2":{"loc":{"start":{"line":37,"column":4},"end":{"line":39,"column":5}},"type":"if","locations":[{"start":{"line":37,"column":4},"end":{"line":39,"column":5}}]}},"s":{"0":2,"1":2,"2":2,"3":2,"4":2,"5":2,"6":8,"7":8,"8":8,"9":1,"10":7,"11":6,"12":1,"13":5,"14":4,"15":4,"16":2,"17":2,"18":2,"19":2},"f":{"0":8,"1":8},"b":{"0":[1],"1":[1],"2":[2]}}
,"D:\\KI 2 NAM 4\\SQA\\CODE\\DO_AN\\nestjs-api-ecm\\src\\backend\\auth\\login-module\\login-module.controller.ts": {"path":"D:\\KI 2 NAM 4\\SQA\\CODE\\DO_AN\\nestjs-api-ecm\\src\\backend\\auth\\login-module\\login-module.controller.ts","statementMap":{"0":{"start":{"line":1,"column":0},"end":{"line":1,"column":56}},"1":{"start":{"line":2,"column":0},"end":{"line":2,"column":54}},"2":{"start":{"line":3,"column":0},"end":{"line":3,"column":57}},"3":{"start":{"line":4,"column":0},"end":{"line":4,"column":42}},"4":{"start":{"line":5,"column":0},"end":{"line":5,"column":88}},"5":{"start":{"line":9,"column":7},"end":{"line":22,"column":null}},"6":{"start":{"line":10,"column":31},"end":{"line":10,"column":51}},"7":{"start":{"line":14,"column":4},"end":{"line":20,"column":5}},"8":{"start":{"line":15,"column":19},"end":{"line":15,"column":61}},"9":{"start":{"line":16,"column":6},"end":{"line":16,"column":38}},"10":{"start":{"line":18,"column":27},"end":{"line":18,"column":77}},"11":{"start":{"line":19,"column":6},"end":{"line":19,"column":49}},"12":{"start":{"line":9,"column":13},"end":{"line":9,"column":34}},"13":{"start":{"line":13,"column":8},"end":{"line":21,"column":null}},"14":{"start":{"line":9,"column":13},"end":{"line":22,"column":null}}},"fnMap":{"0":{"name":"(anonymous_4)","decl":{"start":{"line":10,"column":2},"end":{"line":10,"column":31}},"loc":{"start":{"line":10,"column":69},"end":{"line":10,"column":73}}},"1":{"name":"(anonymous_5)","decl":{"start":{"line":13,"column":2},"end":{"line":13,"column":7}},"loc":{"start":{"line":13,"column":37},"end":{"line":21,"column":3}}}},"branchMap":{"0":{"loc":{"start":{"line":18,"column":27},"end":{"line":18,"column":77}},"type":"cond-expr","locations":[{"start":{"line":18,"column":48},"end":{"line":18,"column":57}},{"start":{"line":18,"column":60},"end":{"line":18,"column":77}}]}},"s":{"0":1,"1":1,"2":1,"3":1,"4":1,"5":1,"6":3,"7":3,"8":3,"9":1,"10":2,"11":2,"12":1,"13":1,"14":1},"f":{"0":3,"1":3},"b":{"0":[1,1]}}
,"D:\\KI 2 NAM 4\\SQA\\CODE\\DO_AN\\nestjs-api-ecm\\src\\backend\\auth\\login-module\\login-module.module.ts": {"path":"D:\\KI 2 NAM 4\\SQA\\CODE\\DO_AN\\nestjs-api-ecm\\src\\backend\\auth\\login-module\\login-module.module.ts","statementMap":{"0":{"start":{"line":1,"column":0},"end":{"line":1,"column":40}},"1":{"start":{"line":2,"column":0},"end":{"line":2,"column":60}},"2":{"start":{"line":3,"column":0},"end":{"line":3,"column":66}},"3":{"start":{"line":4,"column":0},"end":{"line":4,"column":60}},"4":{"start":{"line":5,"column":0},"end":{"line":5,"column":48}},"5":{"start":{"line":12,"column":7},"end":{"line":12,"column":null}},"6":{"start":{"line":12,"column":13},"end":{"line":12,"column":30}},"7":{"start":{"line":12,"column":13},"end":{"line":12,"column":null}}},"fnMap":{},"branchMap":{},"s":{"0":0,"1":0,"2":0,"3":0,"4":0,"5":0,"6":0,"7":0},"f":{},"b":{}}
,"D:\\KI 2 NAM 4\\SQA\\CODE\\DO_AN\\nestjs-api-ecm\\src\\backend\\auth\\login-module\\login-module.service.ts": {"path":"D:\\KI 2 NAM 4\\SQA\\CODE\\DO_AN\\nestjs-api-ecm\\src\\backend\\auth\\login-module\\login-module.service.ts","statementMap":{"0":{"start":{"line":1,"column":0},"end":{"line":1,"column":null}},"1":{"start":{"line":7,"column":0},"end":{"line":7,"column":51}},"2":{"start":{"line":8,"column":0},"end":{"line":8,"column":37}},"3":{"start":{"line":9,"column":0},"end":{"line":9,"column":41}},"4":{"start":{"line":10,"column":0},"end":{"line":10,"column":47}},"5":{"start":{"line":11,"column":0},"end":{"line":11,"column":33}},"6":{"start":{"line":13,"column":0},"end":{"line":13,"column":60}},"7":{"start":{"line":16,"column":7},"end":{"line":56,"column":null}},"8":{"start":{"line":18,"column":45},"end":{"line":18,"column":61}},"9":{"start":{"line":19,"column":12},"end":{"line":19,"column":17}},"10":{"start":{"line":20,"column":12},"end":{"line":20,"column":27}},"11":{"start":{"line":24,"column":17},"end":{"line":26,"column":6}},"12":{"start":{"line":29,"column":4},"end":{"line":31,"column":5}},"13":{"start":{"line":30,"column":6},"end":{"line":30,"column":68}},"14":{"start":{"line":33,"column":30},"end":{"line":35,"column":null}},"15":{"start":{"line":37,"column":4},"end":{"line":39,"column":5}},"16":{"start":{"line":38,"column":6},"end":{"line":38,"column":75}},"17":{"start":{"line":42,"column":24},"end":{"line":46,"column":6}},"18":{"start":{"line":48,"column":4},"end":{"line":48,"column":29}},"19":{"start":{"line":49,"column":4},"end":{"line":49,"column":41}},"20":{"start":{"line":51,"column":4},"end":{"line":54,"column":6}},"21":{"start":{"line":16,"column":13},"end":{"line":16,"column":31}},"22":{"start":{"line":16,"column":13},"end":{"line":56,"column":null}}},"fnMap":{"0":{"name":"(anonymous_10)","decl":{"start":{"line":17,"column":2},"end":{"line":17,"column":null}},"loc":{"start":{"line":20,"column":40},"end":{"line":21,"column":6}}},"1":{"name":"(anonymous_11)","decl":{"start":{"line":23,"column":2},"end":{"line":23,"column":7}},"loc":{"start":{"line":23,"column":32},"end":{"line":55,"column":3}}}},"branchMap":{"0":{"loc":{"start":{"line":29,"column":4},"end":{"line":31,"column":5}},"type":"if","locations":[{"start":{"line":29,"column":4},"end":{"line":31,"column":5}}]},"1":{"loc":{"start":{"line":37,"column":4},"end":{"line":39,"column":5}},"type":"if","locations":[{"start":{"line":37,"column":4},"end":{"line":39,"column":5}}]}},"s":{"0":2,"1":2,"2":2,"3":2,"4":2,"5":2,"6":2,"7":2,"8":4,"9":4,"10":4,"11":4,"12":4,"13":1,"14":3,"15":3,"16":1,"17":2,"18":1,"19":1,"20":1,"21":2,"22":2},"f":{"0":4,"1":4},"b":{"0":[1],"1":[1]}}
,"D:\\KI 2 NAM 4\\SQA\\CODE\\DO_AN\\nestjs-api-ecm\\src\\backend\\auth\\logout\\logout.controller.ts": {"path":"D:\\KI 2 NAM 4\\SQA\\CODE\\DO_AN\\nestjs-api-ecm\\src\\backend\\auth\\logout\\logout.controller.ts","statementMap":{"0":{"start":{"line":1,"column":0},"end":{"line":1,"column":74}},"1":{"start":{"line":2,"column":0},"end":{"line":2,"column":49}},"2":{"start":{"line":3,"column":0},"end":{"line":3,"column":57}},"3":{"start":{"line":4,"column":0},"end":{"line":4,"column":57}},"4":{"start":{"line":5,"column":0},"end":{"line":5,"column":53}},"5":{"start":{"line":6,"column":0},"end":{"line":6,"column":52}},"6":{"start":{"line":7,"column":0},"end":{"line":7,"column":53}},"7":{"start":{"line":8,"column":0},"end":{"line":8,"column":60}},"8":{"start":{"line":14,"column":7},"end":{"line":31,"column":null}},"9":{"start":{"line":15,"column":31},"end":{"line":15,"column":46}},"10":{"start":{"line":23,"column":4},"end":{"line":29,"column":5}},"11":{"start":{"line":24,"column":20},"end":{"line":24,"column":71}},"12":{"start":{"line":25,"column":6},"end":{"line":25,"column":39}},"13":{"start":{"line":27,"column":27},"end":{"line":27,"column":77}},"14":{"start":{"line":28,"column":6},"end":{"line":28,"column":49}},"15":{"start":{"line":14,"column":13},"end":{"line":14,"column":29}},"16":{"start":{"line":19,"column":8},"end":{"line":30,"column":null}},"17":{"start":{"line":14,"column":13},"end":{"line":31,"column":null}}},"fnMap":{"0":{"name":"(anonymous_4)","decl":{"start":{"line":15,"column":2},"end":{"line":15,"column":31}},"loc":{"start":{"line":15,"column":59},"end":{"line":15,"column":63}}},"1":{"name":"(anonymous_5)","decl":{"start":{"line":19,"column":2},"end":{"line":19,"column":7}},"loc":{"start":{"line":21,"column":32},"end":{"line":30,"column":3}}}},"branchMap":{"0":{"loc":{"start":{"line":27,"column":27},"end":{"line":27,"column":77}},"type":"cond-expr","locations":[{"start":{"line":27,"column":48},"end":{"line":27,"column":57}},{"start":{"line":27,"column":60},"end":{"line":27,"column":77}}]}},"s":{"0":1,"1":1,"2":1,"3":1,"4":1,"5":1,"6":1,"7":1,"8":1,"9":4,"10":4,"11":4,"12":1,"13":3,"14":3,"15":1,"16":1,"17":1},"f":{"0":4,"1":4},"b":{"0":[2,1]}}
,"D:\\KI 2 NAM 4\\SQA\\CODE\\DO_AN\\nestjs-api-ecm\\src\\backend\\auth\\logout\\logout.module.ts": {"path":"D:\\KI 2 NAM 4\\SQA\\CODE\\DO_AN\\nestjs-api-ecm\\src\\backend\\auth\\logout\\logout.module.ts","statementMap":{"0":{"start":{"line":1,"column":0},"end":{"line":1,"column":40}},"1":{"start":{"line":2,"column":0},"end":{"line":2,"column":49}},"2":{"start":{"line":3,"column":0},"end":{"line":3,"column":55}},"3":{"start":{"line":4,"column":0},"end":{"line":4,"column":48}},"4":{"start":{"line":5,"column":0},"end":{"line":5,"column":60}},"5":{"start":{"line":12,"column":7},"end":{"line":12,"column":null}},"6":{"start":{"line":12,"column":13},"end":{"line":12,"column":25}},"7":{"start":{"line":12,"column":13},"end":{"line":12,"column":null}}},"fnMap":{},"branchMap":{},"s":{"0":0,"1":0,"2":0,"3":0,"4":0,"5":0,"6":0,"7":0},"f":{},"b":{}}
,"D:\\KI 2 NAM 4\\SQA\\CODE\\DO_AN\\nestjs-api-ecm\\src\\backend\\auth\\logout\\logout.service.ts": {"path":"D:\\KI 2 NAM 4\\SQA\\CODE\\DO_AN\\nestjs-api-ecm\\src\\backend\\auth\\logout\\logout.service.ts","statementMap":{"0":{"start":{"line":1,"column":0},"end":{"line":1,"column":44}},"1":{"start":{"line":2,"column":0},"end":{"line":2,"column":51}},"2":{"start":{"line":3,"column":0},"end":{"line":3,"column":60}},"3":{"start":{"line":4,"column":0},"end":{"line":4,"column":37}},"4":{"start":{"line":7,"column":7},"end":{"line":31,"column":null}},"5":{"start":{"line":9,"column":45},"end":{"line":9,"column":55}},"6":{"start":{"line":13,"column":17},"end":{"line":16,"column":6}},"7":{"start":{"line":18,"column":4},"end":{"line":20,"column":5}},"8":{"start":{"line":19,"column":6},"end":{"line":19,"column":48}},"9":{"start":{"line":22,"column":4},"end":{"line":22,"column":22}},"10":{"start":{"line":23,"column":22},"end":{"line":23,"column":52}},"11":{"start":{"line":25,"column":4},"end":{"line":27,"column":5}},"12":{"start":{"line":26,"column":6},"end":{"line":26,"column":57}},"13":{"start":{"line":29,"column":4},"end":{"line":29,"column":16}},"14":{"start":{"line":7,"column":13},"end":{"line":7,"column":26}},"15":{"start":{"line":7,"column":13},"end":{"line":31,"column":null}}},"fnMap":{"0":{"name":"(anonymous_4)","decl":{"start":{"line":8,"column":2},"end":{"line":8,"column":null}},"loc":{"start":{"line":9,"column":71},"end":{"line":10,"column":6}}},"1":{"name":"(anonymous_5)","decl":{"start":{"line":12,"column":2},"end":{"line":12,"column":7}},"loc":{"start":{"line":12,"column":52},"end":{"line":30,"column":3}}}},"branchMap":{"0":{"loc":{"start":{"line":18,"column":4},"end":{"line":20,"column":5}},"type":"if","locations":[{"start":{"line":18,"column":4},"end":{"line":20,"column":5}}]},"1":{"loc":{"start":{"line":25,"column":4},"end":{"line":27,"column":5}},"type":"if","locations":[{"start":{"line":25,"column":4},"end":{"line":27,"column":5}}]}},"s":{"0":2,"1":2,"2":2,"3":2,"4":2,"5":4,"6":4,"7":4,"8":2,"9":2,"10":2,"11":2,"12":1,"13":1,"14":2,"15":2},"f":{"0":4,"1":4},"b":{"0":[2],"1":[1]}}
,"D:\\KI 2 NAM 4\\SQA\\CODE\\DO_AN\\nestjs-api-ecm\\src\\backend\\auth\\register-module\\register-module.controller.ts": {"path":"D:\\KI 2 NAM 4\\SQA\\CODE\\DO_AN\\nestjs-api-ecm\\src\\backend\\auth\\register-module\\register-module.controller.ts","statementMap":{"0":{"start":{"line":1,"column":0},"end":{"line":1,"column":63}},"1":{"start":{"line":2,"column":0},"end":{"line":2,"column":83}},"2":{"start":{"line":3,"column":0},"end":{"line":3,"column":64}},"3":{"start":{"line":4,"column":0},"end":{"line":4,"column":57}},"4":{"start":{"line":5,"column":0},"end":{"line":5,"column":60}},"5":{"start":{"line":6,"column":0},"end":{"line":6,"column":42}},"6":{"start":{"line":10,"column":7},"end":{"line":28,"column":null}},"7":{"start":{"line":11,"column":31},"end":{"line":11,"column":54}},"8":{"start":{"line":15,"column":4},"end":{"line":21,"column":5}},"9":{"start":{"line":16,"column":20},"end":{"line":16,"column":74}},"10":{"start":{"line":17,"column":6},"end":{"line":17,"column":39}},"11":{"start":{"line":19,"column":27},"end":{"line":19,"column":77}},"12":{"start":{"line":20,"column":6},"end":{"line":20,"column":49}},"13":{"start":{"line":26,"column":4},"end":{"line":26,"column":56}},"14":{"start":{"line":10,"column":13},"end":{"line":10,"column":37}},"15":{"start":{"line":14,"column":8},"end":{"line":22,"column":null}},"16":{"start":{"line":25,"column":8},"end":{"line":27,"column":null}},"17":{"start":{"line":10,"column":13},"end":{"line":28,"column":null}}},"fnMap":{"0":{"name":"(anonymous_4)","decl":{"start":{"line":11,"column":2},"end":{"line":11,"column":31}},"loc":{"start":{"line":11,"column":75},"end":{"line":11,"column":79}}},"1":{"name":"(anonymous_5)","decl":{"start":{"line":14,"column":2},"end":{"line":14,"column":7}},"loc":{"start":{"line":14,"column":51},"end":{"line":22,"column":3}}},"2":{"name":"(anonymous_6)","decl":{"start":{"line":25,"column":2},"end":{"line":25,"column":7}},"loc":{"start":{"line":25,"column":43},"end":{"line":27,"column":3}}}},"branchMap":{"0":{"loc":{"start":{"line":19,"column":27},"end":{"line":19,"column":77}},"type":"cond-expr","locations":[{"start":{"line":19,"column":48},"end":{"line":19,"column":57}},{"start":{"line":19,"column":60},"end":{"line":19,"column":77}}]}},"s":{"0":2,"1":2,"2":2,"3":2,"4":2,"5":2,"6":2,"7":8,"8":4,"9":4,"10":1,"11":3,"12":3,"13":4,"14":2,"15":2,"16":2,"17":2},"f":{"0":8,"1":4,"2":4},"b":{"0":[2,1]}}
,"D:\\KI 2 NAM 4\\SQA\\CODE\\DO_AN\\nestjs-api-ecm\\src\\backend\\auth\\register-module\\register-module.module.ts": {"path":"D:\\KI 2 NAM 4\\SQA\\CODE\\DO_AN\\nestjs-api-ecm\\src\\backend\\auth\\register-module\\register-module.module.ts","statementMap":{"0":{"start":{"line":1,"column":0},"end":{"line":1,"column":40}},"1":{"start":{"line":2,"column":0},"end":{"line":2,"column":48}},"2":{"start":{"line":3,"column":0},"end":{"line":3,"column":60}},"3":{"start":{"line":4,"column":0},"end":{"line":4,"column":103}},"4":{"start":{"line":5,"column":0},"end":{"line":5,"column":114}},"5":{"start":{"line":6,"column":0},"end":{"line":6,"column":84}},"6":{"start":{"line":13,"column":7},"end":{"line":13,"column":null}},"7":{"start":{"line":13,"column":13},"end":{"line":13,"column":33}},"8":{"start":{"line":13,"column":13},"end":{"line":13,"column":null}}},"fnMap":{},"branchMap":{},"s":{"0":0,"1":0,"2":0,"3":0,"4":0,"5":0,"6":0,"7":0,"8":0},"f":{},"b":{}}
,"D:\\KI 2 NAM 4\\SQA\\CODE\\DO_AN\\nestjs-api-ecm\\src\\backend\\auth\\register-module\\register-service\\register-module.service.ts": {"path":"D:\\KI 2 NAM 4\\SQA\\CODE\\DO_AN\\nestjs-api-ecm\\src\\backend\\auth\\register-module\\register-service\\register-module.service.ts","statementMap":{"0":{"start":{"line":1,"column":0},"end":{"line":1,"column":74}},"1":{"start":{"line":2,"column":0},"end":{"line":2,"column":51}},"2":{"start":{"line":3,"column":0},"end":{"line":3,"column":62}},"3":{"start":{"line":4,"column":0},"end":{"line":4,"column":33}},"4":{"start":{"line":5,"column":0},"end":{"line":5,"column":41}},"5":{"start":{"line":6,"column":0},"end":{"line":6,"column":60}},"6":{"start":{"line":8,"column":0},"end":{"line":8,"column":39}},"7":{"start":{"line":9,"column":0},"end":{"line":9,"column":48}},"8":{"start":{"line":11,"column":0},"end":{"line":11,"column":84}},"9":{"start":{"line":15,"column":7},"end":{"line":145,"column":null}},"10":{"start":{"line":17,"column":45},"end":{"line":17,"column":61}},"11":{"start":{"line":19,"column":21},"end":{"line":19,"column":41}},"12":{"start":{"line":20,"column":21},"end":{"line":20,"column":33}},"13":{"start":{"line":22,"column":4},"end":{"line":22,"column":53}},"14":{"start":{"line":26,"column":4},"end":{"line":49,"column":5}},"15":{"start":{"line":27,"column":6},"end":{"line":27,"column":32}},"16":{"start":{"line":28,"column":26},"end":{"line":34,"column":8}},"17":{"start":{"line":36,"column":26},"end":{"line":41,"column":8}},"18":{"start":{"line":43,"column":19},"end":{"line":43,"column":58}},"19":{"start":{"line":44,"column":6},"end":{"line":44,"column":49}},"20":{"start":{"line":45,"column":6},"end":{"line":45,"column":18}},"21":{"start":{"line":47,"column":6},"end":{"line":47,"column":51}},"22":{"start":{"line":48,"column":6},"end":{"line":48,"column":66}},"23":{"start":{"line":55,"column":25},"end":{"line":57,"column":6}},"24":{"start":{"line":59,"column":4},"end":{"line":61,"column":5}},"25":{"start":{"line":60,"column":6},"end":{"line":60,"column":50}},"26":{"start":{"line":63,"column":4},"end":{"line":69,"column":5}},"27":{"start":{"line":64,"column":6},"end":{"line":67,"column":8}},"28":{"start":{"line":68,"column":6},"end":{"line":68,"column":79}},"29":{"start":{"line":72,"column":24},"end":{"line":72,"column":59}},"30":{"start":{"line":73,"column":4},"end":{"line":73,"column":32}},"31":{"start":{"line":74,"column":4},"end":{"line":74,"column":41}},"32":{"start":{"line":76,"column":4},"end":{"line":122,"column":5}},"33":{"start":{"line":78,"column":29},"end":{"line":78,"column":74}},"34":{"start":{"line":81,"column":19},"end":{"line":86,"column":8}},"35":{"start":{"line":89,"column":24},"end":{"line":89,"column":60}},"36":{"start":{"line":92,"column":23},"end":{"line":98,"column":8}},"37":{"start":{"line":101,"column":6},"end":{"line":101,"column":47}},"38":{"start":{"line":102,"column":6},"end":{"line":102,"column":25}},"39":{"start":{"line":105,"column":6},"end":{"line":105,"column":44}},"40":{"start":{"line":106,"column":6},"end":{"line":106,"column":26}},"41":{"start":{"line":108,"column":6},"end":{"line":111,"column":8}},"42":{"start":{"line":112,"column":6},"end":{"line":112,"column":26}},"43":{"start":{"line":113,"column":6},"end":{"line":113,"column":40}},"44":{"start":{"line":116,"column":6},"end":{"line":116,"column":46}},"45":{"start":{"line":117,"column":6},"end":{"line":119,"column":8}},"46":{"start":{"line":121,"column":6},"end":{"line":121,"column":34}},"47":{"start":{"line":126,"column":18},"end":{"line":126,"column":31}},"48":{"start":{"line":127,"column":19},"end":{"line":127,"column":34}},"49":{"start":{"line":129,"column":23},"end":{"line":129,"column":57}},"50":{"start":{"line":130,"column":4},"end":{"line":132,"column":5}},"51":{"start":{"line":131,"column":6},"end":{"line":131,"column":47}},"52":{"start":{"line":134,"column":19},"end":{"line":136,"column":null}},"53":{"start":{"line":139,"column":4},"end":{"line":141,"column":5}},"54":{"start":{"line":140,"column":6},"end":{"line":140,"column":56}},"55":{"start":{"line":143,"column":4},"end":{"line":143,"column":16}},"56":{"start":{"line":15,"column":13},"end":{"line":15,"column":34}},"57":{"start":{"line":15,"column":13},"end":{"line":145,"column":null}}},"fnMap":{"0":{"name":"(anonymous_10)","decl":{"start":{"line":16,"column":2},"end":{"line":16,"column":null}},"loc":{"start":{"line":20,"column":43},"end":{"line":23,"column":3}}},"1":{"name":"(anonymous_11)","decl":{"start":{"line":25,"column":10},"end":{"line":25,"column":15}},"loc":{"start":{"line":25,"column":54},"end":{"line":50,"column":3}}},"2":{"name":"(anonymous_12)","decl":{"start":{"line":53,"column":2},"end":{"line":53,"column":7}},"loc":{"start":{"line":53,"column":43},"end":{"line":123,"column":3}}},"3":{"name":"(anonymous_13)","decl":{"start":{"line":125,"column":2},"end":{"line":125,"column":7}},"loc":{"start":{"line":125,"column":35},"end":{"line":144,"column":3}}}},"branchMap":{"0":{"loc":{"start":{"line":59,"column":4},"end":{"line":61,"column":5}},"type":"if","locations":[{"start":{"line":59,"column":4},"end":{"line":61,"column":5}}]},"1":{"loc":{"start":{"line":63,"column":4},"end":{"line":69,"column":5}},"type":"if","locations":[{"start":{"line":63,"column":4},"end":{"line":69,"column":5}}]},"2":{"loc":{"start":{"line":63,"column":8},"end":{"line":63,"column":46}},"type":"binary-expr","locations":[{"start":{"line":63,"column":8},"end":{"line":63,"column":20}},{"start":{"line":63,"column":24},"end":{"line":63,"column":46}}]},"3":{"loc":{"start":{"line":130,"column":4},"end":{"line":132,"column":5}},"type":"if","locations":[{"start":{"line":130,"column":4},"end":{"line":132,"column":5}}]},"4":{"loc":{"start":{"line":139,"column":4},"end":{"line":141,"column":5}},"type":"if","locations":[{"start":{"line":139,"column":4},"end":{"line":141,"column":5}}]}},"s":{"0":4,"1":4,"2":4,"3":4,"4":4,"5":4,"6":4,"7":4,"8":4,"9":4,"10":7,"11":7,"12":7,"13":7,"14":2,"15":2,"16":2,"17":2,"18":2,"19":2,"20":2,"21":0,"22":0,"23":4,"24":4,"25":1,"26":3,"27":1,"28":1,"29":2,"30":2,"31":2,"32":2,"33":2,"34":2,"35":2,"36":1,"37":1,"38":1,"39":1,"40":1,"41":1,"42":1,"43":1,"44":1,"45":1,"46":2,"47":3,"48":3,"49":3,"50":3,"51":1,"52":2,"53":2,"54":1,"55":1,"56":4,"57":4},"f":{"0":7,"1":2,"2":4,"3":3},"b":{"0":[1],"1":[1],"2":[3,1],"3":[1],"4":[1]}}
,"D:\\KI 2 NAM 4\\SQA\\CODE\\DO_AN\\nestjs-api-ecm\\src\\backend\\cart\\cart.controller.ts": {"path":"D:\\KI 2 NAM 4\\SQA\\CODE\\DO_AN\\nestjs-api-ecm\\src\\backend\\cart\\cart.controller.ts","statementMap":{"0":{"start":{"line":1,"column":0},"end":{"line":1,"column":null}},"1":{"start":{"line":12,"column":0},"end":{"line":12,"column":57}},"2":{"start":{"line":13,"column":0},"end":{"line":13,"column":53}},"3":{"start":{"line":14,"column":0},"end":{"line":14,"column":52}},"4":{"start":{"line":15,"column":0},"end":{"line":15,"column":53}},"5":{"start":{"line":16,"column":0},"end":{"line":16,"column":57}},"6":{"start":{"line":17,"column":0},"end":{"line":17,"column":60}},"7":{"start":{"line":18,"column":0},"end":{"line":18,"column":69}},"8":{"start":{"line":19,"column":0},"end":{"line":19,"column":69}},"9":{"start":{"line":20,"column":0},"end":{"line":20,"column":67}},"10":{"start":{"line":26,"column":7},"end":{"line":102,"column":null}},"11":{"start":{"line":27,"column":31},"end":{"line":27,"column":44}},"12":{"start":{"line":35,"column":4},"end":{"line":41,"column":5}},"13":{"start":{"line":36,"column":23},"end":{"line":36,"column":66}},"14":{"start":{"line":37,"column":6},"end":{"line":37,"column":42}},"15":{"start":{"line":39,"column":27},"end":{"line":39,"column":77}},"16":{"start":{"line":40,"column":6},"end":{"line":40,"column":49}},"17":{"start":{"line":50,"column":4},"end":{"line":56,"column":5}},"18":{"start":{"line":51,"column":24},"end":{"line":51,"column":68}},"19":{"start":{"line":52,"column":6},"end":{"line":52,"column":43}},"20":{"start":{"line":54,"column":27},"end":{"line":54,"column":77}},"21":{"start":{"line":55,"column":6},"end":{"line":55,"column":49}},"22":{"start":{"line":62,"column":4},"end":{"line":71,"column":5}},"23":{"start":{"line":63,"column":22},"end":{"line":65,"column":8}},"24":{"start":{"line":66,"column":25},"end":{"line":66,"column":71}},"25":{"start":{"line":67,"column":6},"end":{"line":67,"column":44}},"26":{"start":{"line":69,"column":27},"end":{"line":69,"column":77}},"27":{"start":{"line":70,"column":6},"end":{"line":70,"column":49}},"28":{"start":{"line":77,"column":4},"end":{"line":86,"column":5}},"29":{"start":{"line":78,"column":28},"end":{"line":80,"column":null}},"30":{"start":{"line":82,"column":6},"end":{"line":82,"column":47}},"31":{"start":{"line":84,"column":27},"end":{"line":84,"column":77}},"32":{"start":{"line":85,"column":6},"end":{"line":85,"column":49}},"33":{"start":{"line":94,"column":4},"end":{"line":100,"column":5}},"34":{"start":{"line":95,"column":20},"end":{"line":95,"column":96}},"35":{"start":{"line":96,"column":6},"end":{"line":96,"column":39}},"36":{"start":{"line":98,"column":27},"end":{"line":98,"column":77}},"37":{"start":{"line":99,"column":6},"end":{"line":99,"column":49}},"38":{"start":{"line":26,"column":13},"end":{"line":26,"column":27}},"39":{"start":{"line":31,"column":8},"end":{"line":42,"column":null}},"40":{"start":{"line":46,"column":8},"end":{"line":57,"column":null}},"41":{"start":{"line":61,"column":8},"end":{"line":72,"column":null}},"42":{"start":{"line":76,"column":8},"end":{"line":87,"column":null}},"43":{"start":{"line":91,"column":8},"end":{"line":101,"column":null}},"44":{"start":{"line":26,"column":13},"end":{"line":102,"column":null}}},"fnMap":{"0":{"name":"(anonymous_4)","decl":{"start":{"line":27,"column":2},"end":{"line":27,"column":31}},"loc":{"start":{"line":27,"column":55},"end":{"line":27,"column":59}}},"1":{"name":"(anonymous_5)","decl":{"start":{"line":31,"column":2},"end":{"line":31,"column":7}},"loc":{"start":{"line":33,"column":33},"end":{"line":42,"column":3}}},"2":{"name":"(anonymous_6)","decl":{"start":{"line":46,"column":2},"end":{"line":46,"column":7}},"loc":{"start":{"line":48,"column":40},"end":{"line":57,"column":3}}},"3":{"name":"(anonymous_7)","decl":{"start":{"line":61,"column":2},"end":{"line":61,"column":7}},"loc":{"start":{"line":61,"column":61},"end":{"line":72,"column":3}}},"4":{"name":"(anonymous_8)","decl":{"start":{"line":76,"column":2},"end":{"line":76,"column":7}},"loc":{"start":{"line":76,"column":51},"end":{"line":87,"column":3}}},"5":{"name":"(anonymous_9)","decl":{"start":{"line":91,"column":2},"end":{"line":91,"column":7}},"loc":{"start":{"line":93,"column":42},"end":{"line":101,"column":3}}}},"branchMap":{"0":{"loc":{"start":{"line":39,"column":27},"end":{"line":39,"column":77}},"type":"cond-expr","locations":[{"start":{"line":39,"column":48},"end":{"line":39,"column":57}},{"start":{"line":39,"column":60},"end":{"line":39,"column":77}}]},"1":{"loc":{"start":{"line":54,"column":27},"end":{"line":54,"column":77}},"type":"cond-expr","locations":[{"start":{"line":54,"column":48},"end":{"line":54,"column":57}},{"start":{"line":54,"column":60},"end":{"line":54,"column":77}}]},"2":{"loc":{"start":{"line":69,"column":27},"end":{"line":69,"column":77}},"type":"cond-expr","locations":[{"start":{"line":69,"column":48},"end":{"line":69,"column":57}},{"start":{"line":69,"column":60},"end":{"line":69,"column":77}}]},"3":{"loc":{"start":{"line":84,"column":27},"end":{"line":84,"column":77}},"type":"cond-expr","locations":[{"start":{"line":84,"column":48},"end":{"line":84,"column":57}},{"start":{"line":84,"column":60},"end":{"line":84,"column":77}}]},"4":{"loc":{"start":{"line":98,"column":27},"end":{"line":98,"column":77}},"type":"cond-expr","locations":[{"start":{"line":98,"column":48},"end":{"line":98,"column":57}},{"start":{"line":98,"column":60},"end":{"line":98,"column":77}}]}},"s":{"0":5,"1":5,"2":5,"3":5,"4":5,"5":5,"6":5,"7":5,"8":5,"9":5,"10":5,"11":16,"12":3,"13":3,"14":1,"15":2,"16":2,"17":3,"18":3,"19":1,"20":2,"21":2,"22":4,"23":4,"24":4,"25":2,"26":2,"27":2,"28":3,"29":3,"30":1,"31":2,"32":2,"33":3,"34":3,"35":2,"36":1,"37":1,"38":5,"39":5,"40":5,"41":5,"42":5,"43":5,"44":5},"f":{"0":16,"1":3,"2":3,"3":4,"4":3,"5":3},"b":{"0":[1,1],"1":[1,1],"2":[1,1],"3":[1,1],"4":[1,0]}}
,"D:\\KI 2 NAM 4\\SQA\\CODE\\DO_AN\\nestjs-api-ecm\\src\\backend\\cart\\cart.module.ts": {"path":"D:\\KI 2 NAM 4\\SQA\\CODE\\DO_AN\\nestjs-api-ecm\\src\\backend\\cart\\cart.module.ts","statementMap":{"0":{"start":{"line":1,"column":0},"end":{"line":1,"column":40}},"1":{"start":{"line":2,"column":0},"end":{"line":2,"column":45}},"2":{"start":{"line":3,"column":0},"end":{"line":3,"column":51}},"3":{"start":{"line":5,"column":0},"end":{"line":5,"column":46}},"4":{"start":{"line":8,"column":0},"end":{"line":8,"column":87}},"5":{"start":{"line":19,"column":7},"end":{"line":19,"column":null}},"6":{"start":{"line":19,"column":13},"end":{"line":19,"column":23}},"7":{"start":{"line":19,"column":13},"end":{"line":19,"column":null}}},"fnMap":{},"branchMap":{},"s":{"0":0,"1":0,"2":0,"3":0,"4":0,"5":0,"6":0,"7":0},"f":{},"b":{}}
,"D:\\KI 2 NAM 4\\SQA\\CODE\\DO_AN\\nestjs-api-ecm\\src\\backend\\cart\\cart.service.ts": {"path":"D:\\KI 2 NAM 4\\SQA\\CODE\\DO_AN\\nestjs-api-ecm\\src\\backend\\cart\\cart.service.ts","statementMap":{"0":{"start":{"line":1,"column":0},"end":{"line":1,"column":44}},"1":{"start":{"line":4,"column":0},"end":{"line":4,"column":51}},"2":{"start":{"line":5,"column":0},"end":{"line":5,"column":63}},"3":{"start":{"line":6,"column":0},"end":{"line":6,"column":89}},"4":{"start":{"line":7,"column":0},"end":{"line":7,"column":64}},"5":{"start":{"line":9,"column":0},"end":{"line":9,"column":27}},"6":{"start":{"line":12,"column":7},"end":{"line":100,"column":null}},"7":{"start":{"line":17,"column":4},"end":{"line":17,"column":20}},"8":{"start":{"line":15,"column":21},"end":{"line":15,"column":31}},"9":{"start":{"line":21,"column":4},"end":{"line":23,"column":5}},"10":{"start":{"line":22,"column":6},"end":{"line":22,"column":61}},"11":{"start":{"line":25,"column":4},"end":{"line":27,"column":5}},"12":{"start":{"line":26,"column":6},"end":{"line":26,"column":55}},"13":{"start":{"line":29,"column":26},"end":{"line":33,"column":6}},"14":{"start":{"line":35,"column":4},"end":{"line":35,"column":43}},"15":{"start":{"line":35,"column":15},"end":{"line":35,"column":43}},"16":{"start":{"line":37,"column":4},"end":{"line":42,"column":6}},"17":{"start":{"line":46,"column":27},"end":{"line":46,"column":29}},"18":{"start":{"line":47,"column":4},"end":{"line":47,"column":61}},"19":{"start":{"line":47,"column":25},"end":{"line":47,"column":61}},"20":{"start":{"line":48,"column":26},"end":{"line":51,"column":6}},"21":{"start":{"line":52,"column":4},"end":{"line":52,"column":46}},"22":{"start":{"line":52,"column":15},"end":{"line":52,"column":46}},"23":{"start":{"line":53,"column":4},"end":{"line":56,"column":6}},"24":{"start":{"line":60,"column":27},"end":{"line":63,"column":6}},"25":{"start":{"line":64,"column":24},"end":{"line":64,"column":64}},"26":{"start":{"line":65,"column":4},"end":{"line":68,"column":5}},"27":{"start":{"line":66,"column":6},"end":{"line":66,"column":49}},"28":{"start":{"line":67,"column":6},"end":{"line":67,"column":61}},"29":{"start":{"line":69,"column":4},"end":{"line":69,"column":53}},"30":{"start":{"line":73,"column":27},"end":{"line":73,"column":29}},"31":{"start":{"line":74,"column":4},"end":{"line":74,"column":61}},"32":{"start":{"line":74,"column":25},"end":{"line":74,"column":61}},"33":{"start":{"line":75,"column":4},"end":{"line":75,"column":70}},"34":{"start":{"line":75,"column":28},"end":{"line":75,"column":70}},"35":{"start":{"line":76,"column":4},"end":{"line":76,"column":52}},"36":{"start":{"line":80,"column":4},"end":{"line":80,"column":49}},"37":{"start":{"line":84,"column":4},"end":{"line":86,"column":5}},"38":{"start":{"line":85,"column":6},"end":{"line":85,"column":50}},"39":{"start":{"line":87,"column":4},"end":{"line":98,"column":5}},"40":{"start":{"line":88,"column":21},"end":{"line":91,"column":8}},"41":{"start":{"line":92,"column":6},"end":{"line":94,"column":7}},"42":{"start":{"line":93,"column":8},"end":{"line":93,"column":68}},"43":{"start":{"line":95,"column":6},"end":{"line":95,"column":20}},"44":{"start":{"line":97,"column":6},"end":{"line":97,"column":59}},"45":{"start":{"line":12,"column":13},"end":{"line":12,"column":24}},"46":{"start":{"line":12,"column":13},"end":{"line":100,"column":null}}},"fnMap":{"0":{"name":"(anonymous_4)","decl":{"start":{"line":13,"column":2},"end":{"line":13,"column":null}},"loc":{"start":{"line":15,"column":45},"end":{"line":18,"column":3}}},"1":{"name":"(anonymous_5)","decl":{"start":{"line":20,"column":2},"end":{"line":20,"column":7}},"loc":{"start":{"line":20,"column":52},"end":{"line":43,"column":3}}},"2":{"name":"(anonymous_6)","decl":{"start":{"line":45,"column":2},"end":{"line":45,"column":7}},"loc":{"start":{"line":45,"column":35},"end":{"line":57,"column":3}}},"3":{"name":"(anonymous_7)","decl":{"start":{"line":59,"column":2},"end":{"line":59,"column":7}},"loc":{"start":{"line":59,"column":40},"end":{"line":70,"column":3}}},"4":{"name":"(anonymous_8)","decl":{"start":{"line":72,"column":2},"end":{"line":72,"column":7}},"loc":{"start":{"line":72,"column":27},"end":{"line":77,"column":3}}},"5":{"name":"(anonymous_9)","decl":{"start":{"line":79,"column":2},"end":{"line":79,"column":7}},"loc":{"start":{"line":79,"column":55},"end":{"line":81,"column":3}}},"6":{"name":"(anonymous_10)","decl":{"start":{"line":83,"column":2},"end":{"line":83,"column":7}},"loc":{"start":{"line":83,"column":64},"end":{"line":99,"column":3}}}},"branchMap":{"0":{"loc":{"start":{"line":20,"column":16},"end":{"line":20,"column":32}},"type":"default-arg","locations":[{"start":{"line":20,"column":31},"end":{"line":20,"column":32}}]},"1":{"loc":{"start":{"line":20,"column":34},"end":{"line":20,"column":52}},"type":"default-arg","locations":[{"start":{"line":20,"column":50},"end":{"line":20,"column":52}}]},"2":{"loc":{"start":{"line":21,"column":4},"end":{"line":23,"column":5}},"type":"if","locations":[{"start":{"line":21,"column":4},"end":{"line":23,"column":5}}]},"3":{"loc":{"start":{"line":25,"column":4},"end":{"line":27,"column":5}},"type":"if","locations":[{"start":{"line":25,"column":4},"end":{"line":27,"column":5}}]},"4":{"loc":{"start":{"line":35,"column":4},"end":{"line":35,"column":43}},"type":"if","locations":[{"start":{"line":35,"column":4},"end":{"line":35,"column":43}}]},"5":{"loc":{"start":{"line":47,"column":4},"end":{"line":47,"column":61}},"type":"if","locations":[{"start":{"line":47,"column":4},"end":{"line":47,"column":61}}]},"6":{"loc":{"start":{"line":52,"column":4},"end":{"line":52,"column":46}},"type":"if","locations":[{"start":{"line":52,"column":4},"end":{"line":52,"column":46}}]},"7":{"loc":{"start":{"line":65,"column":4},"end":{"line":68,"column":5}},"type":"if","locations":[{"start":{"line":65,"column":4},"end":{"line":68,"column":5}}]},"8":{"loc":{"start":{"line":74,"column":4},"end":{"line":74,"column":61}},"type":"if","locations":[{"start":{"line":74,"column":4},"end":{"line":74,"column":61}}]},"9":{"loc":{"start":{"line":75,"column":4},"end":{"line":75,"column":70}},"type":"if","locations":[{"start":{"line":75,"column":4},"end":{"line":75,"column":70}}]},"10":{"loc":{"start":{"line":84,"column":4},"end":{"line":86,"column":5}},"type":"if","locations":[{"start":{"line":84,"column":4},"end":{"line":86,"column":5}}]},"11":{"loc":{"start":{"line":84,"column":8},"end":{"line":84,"column":42}},"type":"binary-expr","locations":[{"start":{"line":84,"column":8},"end":{"line":84,"column":17}},{"start":{"line":84,"column":21},"end":{"line":84,"column":42}}]},"12":{"loc":{"start":{"line":92,"column":6},"end":{"line":94,"column":7}},"type":"if","locations":[{"start":{"line":92,"column":6},"end":{"line":94,"column":7}}]}},"s":{"0":11,"1":11,"2":11,"3":11,"4":11,"5":11,"6":11,"7":23,"8":23,"9":4,"10":1,"11":3,"12":1,"13":2,"14":2,"15":1,"16":1,"17":4,"18":4,"19":3,"20":4,"21":3,"22":1,"23":2,"24":4,"25":4,"26":4,"27":2,"28":2,"29":2,"30":4,"31":4,"32":2,"33":4,"34":0,"35":4,"36":3,"37":4,"38":1,"39":3,"40":3,"41":2,"42":1,"43":1,"44":2,"45":11,"46":11},"f":{"0":23,"1":4,"2":4,"3":4,"4":4,"5":3,"6":4},"b":{"0":[0],"1":[0],"2":[1],"3":[1],"4":[1],"5":[3],"6":[1],"7":[2],"8":[2],"9":[0],"10":[1],"11":[4,4],"12":[1]}}
,"D:\\KI 2 NAM 4\\SQA\\CODE\\DO_AN\\nestjs-api-ecm\\src\\backend\\category\\category.controller.ts": {"path":"D:\\KI 2 NAM 4\\SQA\\CODE\\DO_AN\\nestjs-api-ecm\\src\\backend\\category\\category.controller.ts","statementMap":{"0":{"start":{"line":1,"column":0},"end":{"line":1,"column":null}},"1":{"start":{"line":12,"column":0},"end":{"line":12,"column":67}},"2":{"start":{"line":13,"column":0},"end":{"line":13,"column":53}},"3":{"start":{"line":14,"column":0},"end":{"line":14,"column":52}},"4":{"start":{"line":15,"column":0},"end":{"line":15,"column":53}},"5":{"start":{"line":16,"column":0},"end":{"line":16,"column":57}},"6":{"start":{"line":17,"column":0},"end":{"line":17,"column":76}},"7":{"start":{"line":18,"column":0},"end":{"line":18,"column":72}},"8":{"start":{"line":19,"column":0},"end":{"line":19,"column":76}},"9":{"start":{"line":20,"column":0},"end":{"line":20,"column":50}},"10":{"start":{"line":26,"column":7},"end":{"line":113,"column":null}},"11":{"start":{"line":27,"column":31},"end":{"line":27,"column":48}},"12":{"start":{"line":47,"column":4},"end":{"line":61,"column":5}},"13":{"start":{"line":48,"column":22},"end":{"line":51,"column":8}},"14":{"start":{"line":52,"column":27},"end":{"line":55,"column":null}},"15":{"start":{"line":57,"column":6},"end":{"line":57,"column":46}},"16":{"start":{"line":59,"column":27},"end":{"line":59,"column":77}},"17":{"start":{"line":60,"column":6},"end":{"line":60,"column":49}},"18":{"start":{"line":67,"column":4},"end":{"line":73,"column":5}},"19":{"start":{"line":68,"column":23},"end":{"line":68,"column":68}},"20":{"start":{"line":69,"column":6},"end":{"line":69,"column":42}},"21":{"start":{"line":71,"column":27},"end":{"line":71,"column":77}},"22":{"start":{"line":72,"column":6},"end":{"line":72,"column":49}},"23":{"start":{"line":79,"column":4},"end":{"line":84,"column":5}},"24":{"start":{"line":80,"column":6},"end":{"line":80,"column":71}},"25":{"start":{"line":82,"column":27},"end":{"line":82,"column":77}},"26":{"start":{"line":83,"column":6},"end":{"line":83,"column":49}},"27":{"start":{"line":90,"column":4},"end":{"line":99,"column":5}},"28":{"start":{"line":91,"column":20},"end":{"line":93,"column":null}},"29":{"start":{"line":95,"column":6},"end":{"line":95,"column":39}},"30":{"start":{"line":97,"column":27},"end":{"line":97,"column":77}},"31":{"start":{"line":98,"column":6},"end":{"line":98,"column":49}},"32":{"start":{"line":105,"column":4},"end":{"line":111,"column":5}},"33":{"start":{"line":106,"column":20},"end":{"line":106,"column":57}},"34":{"start":{"line":107,"column":6},"end":{"line":107,"column":39}},"35":{"start":{"line":109,"column":27},"end":{"line":109,"column":77}},"36":{"start":{"line":110,"column":6},"end":{"line":110,"column":49}},"37":{"start":{"line":26,"column":13},"end":{"line":26,"column":31}},"38":{"start":{"line":41,"column":8},"end":{"line":62,"column":null}},"39":{"start":{"line":66,"column":8},"end":{"line":74,"column":null}},"40":{"start":{"line":78,"column":8},"end":{"line":85,"column":null}},"41":{"start":{"line":89,"column":8},"end":{"line":100,"column":null}},"42":{"start":{"line":104,"column":8},"end":{"line":112,"column":null}},"43":{"start":{"line":26,"column":13},"end":{"line":113,"column":null}}},"fnMap":{"0":{"name":"(anonymous_4)","decl":{"start":{"line":27,"column":2},"end":{"line":27,"column":31}},"loc":{"start":{"line":27,"column":63},"end":{"line":27,"column":67}}},"1":{"name":"(anonymous_5)","decl":{"start":{"line":41,"column":2},"end":{"line":41,"column":7}},"loc":{"start":{"line":45,"column":41},"end":{"line":62,"column":3}}},"2":{"name":"(anonymous_6)","decl":{"start":{"line":66,"column":2},"end":{"line":66,"column":7}},"loc":{"start":{"line":66,"column":52},"end":{"line":74,"column":3}}},"3":{"name":"(anonymous_7)","decl":{"start":{"line":78,"column":2},"end":{"line":78,"column":7}},"loc":{"start":{"line":78,"column":38},"end":{"line":85,"column":3}}},"4":{"name":"(anonymous_8)","decl":{"start":{"line":89,"column":2},"end":{"line":89,"column":7}},"loc":{"start":{"line":89,"column":59},"end":{"line":100,"column":3}}},"5":{"name":"(anonymous_9)","decl":{"start":{"line":104,"column":2},"end":{"line":104,"column":7}},"loc":{"start":{"line":104,"column":38},"end":{"line":112,"column":3}}}},"branchMap":{"0":{"loc":{"start":{"line":49,"column":16},"end":{"line":49,"column":50}},"type":"cond-expr","locations":[{"start":{"line":49,"column":39},"end":{"line":49,"column":45}},{"start":{"line":49,"column":48},"end":{"line":49,"column":50}}]},"1":{"loc":{"start":{"line":50,"column":14},"end":{"line":50,"column":44}},"type":"cond-expr","locations":[{"start":{"line":50,"column":35},"end":{"line":50,"column":39}},{"start":{"line":50,"column":42},"end":{"line":50,"column":44}}]},"2":{"loc":{"start":{"line":59,"column":27},"end":{"line":59,"column":77}},"type":"cond-expr","locations":[{"start":{"line":59,"column":48},"end":{"line":59,"column":57}},{"start":{"line":59,"column":60},"end":{"line":59,"column":77}}]},"3":{"loc":{"start":{"line":71,"column":27},"end":{"line":71,"column":77}},"type":"cond-expr","locations":[{"start":{"line":71,"column":48},"end":{"line":71,"column":57}},{"start":{"line":71,"column":60},"end":{"line":71,"column":77}}]},"4":{"loc":{"start":{"line":82,"column":27},"end":{"line":82,"column":77}},"type":"cond-expr","locations":[{"start":{"line":82,"column":48},"end":{"line":82,"column":57}},{"start":{"line":82,"column":60},"end":{"line":82,"column":77}}]},"5":{"loc":{"start":{"line":97,"column":27},"end":{"line":97,"column":77}},"type":"cond-expr","locations":[{"start":{"line":97,"column":48},"end":{"line":97,"column":57}},{"start":{"line":97,"column":60},"end":{"line":97,"column":77}}]},"6":{"loc":{"start":{"line":109,"column":27},"end":{"line":109,"column":77}},"type":"cond-expr","locations":[{"start":{"line":109,"column":48},"end":{"line":109,"column":57}},{"start":{"line":109,"column":60},"end":{"line":109,"column":77}}]}},"s":{"0":5,"1":5,"2":5,"3":5,"4":5,"5":5,"6":5,"7":5,"8":5,"9":5,"10":5,"11":16,"12":4,"13":4,"14":4,"15":2,"16":2,"17":2,"18":3,"19":3,"20":1,"21":2,"22":2,"23":3,"24":3,"25":2,"26":2,"27":3,"28":3,"29":1,"30":2,"31":2,"32":3,"33":3,"34":1,"35":2,"36":2,"37":5,"38":5,"39":5,"40":5,"41":5,"42":5,"43":5},"f":{"0":16,"1":4,"2":3,"3":3,"4":3,"5":3},"b":{"0":[1,3],"1":[1,3],"2":[1,1],"3":[1,1],"4":[1,1],"5":[1,1],"6":[1,1]}}
,"D:\\KI 2 NAM 4\\SQA\\CODE\\DO_AN\\nestjs-api-ecm\\src\\backend\\category\\category.module.ts": {"path":"D:\\KI 2 NAM 4\\SQA\\CODE\\DO_AN\\nestjs-api-ecm\\src\\backend\\category\\category.module.ts","statementMap":{"0":{"start":{"line":1,"column":0},"end":{"line":1,"column":40}},"1":{"start":{"line":2,"column":0},"end":{"line":2,"column":59}},"2":{"start":{"line":3,"column":0},"end":{"line":3,"column":53}},"3":{"start":{"line":4,"column":0},"end":{"line":4,"column":48}},"4":{"start":{"line":5,"column":0},"end":{"line":5,"column":78}},"5":{"start":{"line":6,"column":0},"end":{"line":6,"column":58}},"6":{"start":{"line":7,"column":0},"end":{"line":7,"column":75}},"7":{"start":{"line":17,"column":7},"end":{"line":17,"column":null}},"8":{"start":{"line":17,"column":13},"end":{"line":17,"column":27}},"9":{"start":{"line":17,"column":13},"end":{"line":17,"column":null}}},"fnMap":{},"branchMap":{},"s":{"0":0,"1":0,"2":0,"3":0,"4":0,"5":0,"6":0,"7":0,"8":0,"9":0},"f":{},"b":{}}
,"D:\\KI 2 NAM 4\\SQA\\CODE\\DO_AN\\nestjs-api-ecm\\src\\backend\\category\\category.service.ts": {"path":"D:\\KI 2 NAM 4\\SQA\\CODE\\DO_AN\\nestjs-api-ecm\\src\\backend\\category\\category.service.ts","statementMap":{"0":{"start":{"line":1,"column":0},"end":{"line":1,"column":44}},"1":{"start":{"line":2,"column":0},"end":{"line":2,"column":51}},"2":{"start":{"line":3,"column":0},"end":{"line":3,"column":80}},"3":{"start":{"line":4,"column":0},"end":{"line":4,"column":47}},"4":{"start":{"line":7,"column":0},"end":{"line":7,"column":66}},"5":{"start":{"line":8,"column":0},"end":{"line":8,"column":68}},"6":{"start":{"line":9,"column":0},"end":{"line":9,"column":71}},"7":{"start":{"line":13,"column":7},"end":{"line":71,"column":null}},"8":{"start":{"line":18,"column":4},"end":{"line":18,"column":24}},"9":{"start":{"line":16,"column":21},"end":{"line":16,"column":35}},"10":{"start":{"line":22,"column":4},"end":{"line":24,"column":5}},"11":{"start":{"line":23,"column":6},"end":{"line":23,"column":61}},"12":{"start":{"line":26,"column":4},"end":{"line":28,"column":5}},"13":{"start":{"line":27,"column":6},"end":{"line":27,"column":55}},"14":{"start":{"line":30,"column":27},"end":{"line":30,"column":29}},"15":{"start":{"line":31,"column":4},"end":{"line":31,"column":58}},"16":{"start":{"line":31,"column":24},"end":{"line":31,"column":58}},"17":{"start":{"line":32,"column":4},"end":{"line":32,"column":65}},"18":{"start":{"line":32,"column":22},"end":{"line":32,"column":65}},"19":{"start":{"line":34,"column":26},"end":{"line":38,"column":6}},"20":{"start":{"line":40,"column":4},"end":{"line":40,"column":47}},"21":{"start":{"line":40,"column":15},"end":{"line":40,"column":47}},"22":{"start":{"line":42,"column":4},"end":{"line":47,"column":6}},"23":{"start":{"line":51,"column":4},"end":{"line":56,"column":5}},"24":{"start":{"line":55,"column":6},"end":{"line":55,"column":46}},"25":{"start":{"line":57,"column":4},"end":{"line":57,"column":69}},"26":{"start":{"line":61,"column":4},"end":{"line":61,"column":35}},"27":{"start":{"line":65,"column":4},"end":{"line":65,"column":53}},"28":{"start":{"line":69,"column":4},"end":{"line":69,"column":34}},"29":{"start":{"line":13,"column":13},"end":{"line":13,"column":28}},"30":{"start":{"line":13,"column":13},"end":{"line":71,"column":null}}},"fnMap":{"0":{"name":"(anonymous_4)","decl":{"start":{"line":14,"column":2},"end":{"line":14,"column":null}},"loc":{"start":{"line":16,"column":53},"end":{"line":19,"column":3}}},"1":{"name":"(anonymous_5)","decl":{"start":{"line":21,"column":2},"end":{"line":21,"column":7}},"loc":{"start":{"line":21,"column":66},"end":{"line":48,"column":3}}},"2":{"name":"(anonymous_6)","decl":{"start":{"line":50,"column":2},"end":{"line":50,"column":7}},"loc":{"start":{"line":50,"column":44},"end":{"line":58,"column":3}}},"3":{"name":"(anonymous_7)","decl":{"start":{"line":60,"column":2},"end":{"line":60,"column":7}},"loc":{"start":{"line":60,"column":25},"end":{"line":62,"column":3}}},"4":{"name":"(anonymous_8)","decl":{"start":{"line":64,"column":2},"end":{"line":64,"column":7}},"loc":{"start":{"line":64,"column":63},"end":{"line":66,"column":3}}},"5":{"name":"(anonymous_9)","decl":{"start":{"line":68,"column":2},"end":{"line":68,"column":7}},"loc":{"start":{"line":68,"column":25},"end":{"line":70,"column":3}}}},"branchMap":{"0":{"loc":{"start":{"line":21,"column":16},"end":{"line":21,"column":32}},"type":"default-arg","locations":[{"start":{"line":21,"column":31},"end":{"line":21,"column":32}}]},"1":{"loc":{"start":{"line":21,"column":34},"end":{"line":21,"column":52}},"type":"default-arg","locations":[{"start":{"line":21,"column":50},"end":{"line":21,"column":52}}]},"2":{"loc":{"start":{"line":22,"column":4},"end":{"line":24,"column":5}},"type":"if","locations":[{"start":{"line":22,"column":4},"end":{"line":24,"column":5}}]},"3":{"loc":{"start":{"line":26,"column":4},"end":{"line":28,"column":5}},"type":"if","locations":[{"start":{"line":26,"column":4},"end":{"line":28,"column":5}}]},"4":{"loc":{"start":{"line":31,"column":4},"end":{"line":31,"column":58}},"type":"if","locations":[{"start":{"line":31,"column":4},"end":{"line":31,"column":58}}]},"5":{"loc":{"start":{"line":32,"column":4},"end":{"line":32,"column":65}},"type":"if","locations":[{"start":{"line":32,"column":4},"end":{"line":32,"column":65}}]},"6":{"loc":{"start":{"line":40,"column":4},"end":{"line":40,"column":47}},"type":"if","locations":[{"start":{"line":40,"column":4},"end":{"line":40,"column":47}}]},"7":{"loc":{"start":{"line":51,"column":4},"end":{"line":56,"column":5}},"type":"if","locations":[{"start":{"line":51,"column":4},"end":{"line":56,"column":5}}]},"8":{"loc":{"start":{"line":52,"column":6},"end":{"line":53,"column":45}},"type":"binary-expr","locations":[{"start":{"line":52,"column":6},"end":{"line":52,"column":44}},{"start":{"line":53,"column":6},"end":{"line":53,"column":45}}]}},"s":{"0":11,"1":11,"2":11,"3":11,"4":11,"5":11,"6":11,"7":11,"8":35,"9":35,"10":11,"11":2,"12":9,"13":2,"14":7,"15":7,"16":3,"17":7,"18":3,"19":7,"20":7,"21":1,"22":6,"23":7,"24":2,"25":5,"26":6,"27":2,"28":2,"29":11,"30":11},"f":{"0":35,"1":11,"2":7,"3":6,"4":2,"5":2},"b":{"0":[0],"1":[0],"2":[2],"3":[2],"4":[3],"5":[3],"6":[1],"7":[2],"8":[7,4]}}
,"D:\\KI 2 NAM 4\\SQA\\CODE\\DO_AN\\nestjs-api-ecm\\src\\backend\\cloudinary\\cloudinary.controller.ts": {"path":"D:\\KI 2 NAM 4\\SQA\\CODE\\DO_AN\\nestjs-api-ecm\\src\\backend\\cloudinary\\cloudinary.controller.ts","statementMap":{"0":{"start":{"line":1,"column":0},"end":{"line":1,"column":null}},"1":{"start":{"line":7,"column":0},"end":{"line":7,"column":78}},"2":{"start":{"line":9,"column":0},"end":{"line":9,"column":60}},"3":{"start":{"line":10,"column":0},"end":{"line":10,"column":64}},"4":{"start":{"line":14,"column":7},"end":{"line":40,"column":null}},"5":{"start":{"line":15,"column":31},"end":{"line":15,"column":50}},"6":{"start":{"line":35,"column":26},"end":{"line":36,"column":null}},"7":{"start":{"line":36,"column":26},"end":{"line":36,"column":65}},"8":{"start":{"line":38,"column":4},"end":{"line":38,"column":60}},"9":{"start":{"line":38,"column":41},"end":{"line":38,"column":58}},"10":{"start":{"line":14,"column":13},"end":{"line":14,"column":33}},"11":{"start":{"line":34,"column":8},"end":{"line":39,"column":null}},"12":{"start":{"line":14,"column":13},"end":{"line":40,"column":null}}},"fnMap":{"0":{"name":"(anonymous_4)","decl":{"start":{"line":15,"column":2},"end":{"line":15,"column":31}},"loc":{"start":{"line":15,"column":67},"end":{"line":15,"column":71}}},"1":{"name":"(anonymous_5)","decl":{"start":{"line":34,"column":2},"end":{"line":34,"column":7}},"loc":{"start":{"line":34,"column":58},"end":{"line":39,"column":3}}},"2":{"name":"(anonymous_6)","decl":{"start":{"line":36,"column":16},"end":{"line":36,"column":17}},"loc":{"start":{"line":36,"column":26},"end":{"line":36,"column":65}}},"3":{"name":"(anonymous_7)","decl":{"start":{"line":38,"column":29},"end":{"line":38,"column":30}},"loc":{"start":{"line":38,"column":41},"end":{"line":38,"column":58}}}},"branchMap":{},"s":{"0":0,"1":0,"2":0,"3":0,"4":0,"5":0,"6":0,"7":0,"8":0,"9":0,"10":0,"11":0,"12":0},"f":{"0":0,"1":0,"2":0,"3":0},"b":{}}
,"D:\\KI 2 NAM 4\\SQA\\CODE\\DO_AN\\nestjs-api-ecm\\src\\backend\\cloudinary\\cloudinary.module.ts": {"path":"D:\\KI 2 NAM 4\\SQA\\CODE\\DO_AN\\nestjs-api-ecm\\src\\backend\\cloudinary\\cloudinary.module.ts","statementMap":{"0":{"start":{"line":1,"column":0},"end":{"line":1,"column":40}},"1":{"start":{"line":2,"column":0},"end":{"line":2,"column":78}},"2":{"start":{"line":3,"column":0},"end":{"line":3,"column":80}},"3":{"start":{"line":4,"column":0},"end":{"line":4,"column":84}},"4":{"start":{"line":11,"column":7},"end":{"line":11,"column":null}},"5":{"start":{"line":11,"column":13},"end":{"line":11,"column":29}},"6":{"start":{"line":11,"column":13},"end":{"line":11,"column":null}}},"fnMap":{},"branchMap":{},"s":{"0":0,"1":0,"2":0,"3":0,"4":0,"5":0,"6":0},"f":{},"b":{}}
,"D:\\KI 2 NAM 4\\SQA\\CODE\\DO_AN\\nestjs-api-ecm\\src\\backend\\cloudinary\\cloudinary.provider.ts": {"path":"D:\\KI 2 NAM 4\\SQA\\CODE\\DO_AN\\nestjs-api-ecm\\src\\backend\\cloudinary\\cloudinary.provider.ts","statementMap":{"0":{"start":{"line":1,"column":0},"end":{"line":1,"column":46}},"1":{"start":{"line":3,"column":13},"end":{"line":12,"column":2}},"2":{"start":{"line":6,"column":4},"end":{"line":10,"column":7}}},"fnMap":{"0":{"name":"(anonymous_0)","decl":{"start":{"line":5,"column":14},"end":{"line":5,"column":17}},"loc":{"start":{"line":5,"column":19},"end":{"line":11,"column":3}}}},"branchMap":{},"s":{"0":0,"1":0,"2":0},"f":{"0":0},"b":{}}
,"D:\\KI 2 NAM 4\\SQA\\CODE\\DO_AN\\nestjs-api-ecm\\src\\backend\\cloudinary\\cloudinary.service.ts": {"path":"D:\\KI 2 NAM 4\\SQA\\CODE\\DO_AN\\nestjs-api-ecm\\src\\backend\\cloudinary\\cloudinary.service.ts","statementMap":{"0":{"start":{"line":1,"column":0},"end":{"line":1,"column":44}},"1":{"start":{"line":2,"column":0},"end":{"line":2,"column":46}},"2":{"start":{"line":4,"column":0},"end":{"line":4,"column":43}},"3":{"start":{"line":8,"column":7},"end":{"line":29,"column":null}},"4":{"start":{"line":10,"column":4},"end":{"line":27,"column":7}},"5":{"start":{"line":11,"column":27},"end":{"line":22,"column":null}},"6":{"start":{"line":20,"column":10},"end":{"line":20,"column":42}},"7":{"start":{"line":20,"column":21},"end":{"line":20,"column":42}},"8":{"start":{"line":21,"column":10},"end":{"line":21,"column":26}},"9":{"start":{"line":26,"column":6},"end":{"line":26,"column":67}},"10":{"start":{"line":8,"column":13},"end":{"line":8,"column":30}},"11":{"start":{"line":8,"column":13},"end":{"line":29,"column":null}}},"fnMap":{"0":{"name":"(anonymous_7)","decl":{"start":{"line":9,"column":2},"end":{"line":9,"column":12}},"loc":{"start":{"line":9,"column":30},"end":{"line":28,"column":3}}},"1":{"name":"(anonymous_8)","decl":{"start":{"line":10,"column":43},"end":{"line":10,"column":44}},"loc":{"start":{"line":10,"column":63},"end":{"line":27,"column":5}}},"2":{"name":"(anonymous_9)","decl":{"start":{"line":19,"column":8},"end":{"line":19,"column":9}},"loc":{"start":{"line":19,"column":26},"end":{"line":22,"column":9}}}},"branchMap":{"0":{"loc":{"start":{"line":20,"column":10},"end":{"line":20,"column":42}},"type":"if","locations":[{"start":{"line":20,"column":10},"end":{"line":20,"column":42}}]}},"s":{"0":0,"1":0,"2":0,"3":0,"4":0,"5":0,"6":0,"7":0,"8":0,"9":0,"10":0,"11":0},"f":{"0":0,"1":0,"2":0},"b":{"0":[0]}}
,"D:\\KI 2 NAM 4\\SQA\\CODE\\DO_AN\\nestjs-api-ecm\\src\\backend\\dashboard\\dashboard.controller.ts": {"path":"D:\\KI 2 NAM 4\\SQA\\CODE\\DO_AN\\nestjs-api-ecm\\src\\backend\\dashboard\\dashboard.controller.ts","statementMap":{"0":{"start":{"line":1,"column":0},"end":{"line":1,"column":72}},"1":{"start":{"line":2,"column":0},"end":{"line":2,"column":55}},"2":{"start":{"line":3,"column":0},"end":{"line":3,"column":51}},"3":{"start":{"line":4,"column":0},"end":{"line":4,"column":50}},"4":{"start":{"line":5,"column":0},"end":{"line":5,"column":79}},"5":{"start":{"line":6,"column":0},"end":{"line":6,"column":51}},"6":{"start":{"line":7,"column":0},"end":{"line":7,"column":55}},"7":{"start":{"line":8,"column":0},"end":{"line":8,"column":60}},"8":{"start":{"line":14,"column":7},"end":{"line":164,"column":null}},"9":{"start":{"line":15,"column":31},"end":{"line":15,"column":49}},"10":{"start":{"line":25,"column":4},"end":{"line":31,"column":5}},"11":{"start":{"line":26,"column":21},"end":{"line":26,"column":80}},"12":{"start":{"line":27,"column":6},"end":{"line":27,"column":40}},"13":{"start":{"line":29,"column":27},"end":{"line":29,"column":77}},"14":{"start":{"line":30,"column":6},"end":{"line":30,"column":49}},"15":{"start":{"line":42,"column":4},"end":{"line":48,"column":5}},"16":{"start":{"line":43,"column":21},"end":{"line":43,"column":86}},"17":{"start":{"line":44,"column":6},"end":{"line":44,"column":40}},"18":{"start":{"line":46,"column":27},"end":{"line":46,"column":77}},"19":{"start":{"line":47,"column":6},"end":{"line":47,"column":49}},"20":{"start":{"line":61,"column":4},"end":{"line":67,"column":5}},"21":{"start":{"line":62,"column":26},"end":{"line":62,"column":89}},"22":{"start":{"line":63,"column":6},"end":{"line":63,"column":45}},"23":{"start":{"line":65,"column":27},"end":{"line":65,"column":77}},"24":{"start":{"line":66,"column":6},"end":{"line":66,"column":49}},"25":{"start":{"line":80,"column":4},"end":{"line":86,"column":5}},"26":{"start":{"line":81,"column":27},"end":{"line":81,"column":91}},"27":{"start":{"line":82,"column":6},"end":{"line":82,"column":46}},"28":{"start":{"line":84,"column":27},"end":{"line":84,"column":77}},"29":{"start":{"line":85,"column":6},"end":{"line":85,"column":49}},"30":{"start":{"line":99,"column":4},"end":{"line":105,"column":5}},"31":{"start":{"line":100,"column":32},"end":{"line":100,"column":92}},"32":{"start":{"line":101,"column":6},"end":{"line":101,"column":51}},"33":{"start":{"line":103,"column":27},"end":{"line":103,"column":77}},"34":{"start":{"line":104,"column":6},"end":{"line":104,"column":49}},"35":{"start":{"line":118,"column":4},"end":{"line":124,"column":5}},"36":{"start":{"line":119,"column":32},"end":{"line":119,"column":92}},"37":{"start":{"line":120,"column":6},"end":{"line":120,"column":51}},"38":{"start":{"line":122,"column":27},"end":{"line":122,"column":77}},"39":{"start":{"line":123,"column":6},"end":{"line":123,"column":49}},"40":{"start":{"line":129,"column":4},"end":{"line":135,"column":5}},"41":{"start":{"line":130,"column":29},"end":{"line":130,"column":75}},"42":{"start":{"line":131,"column":6},"end":{"line":131,"column":48}},"43":{"start":{"line":133,"column":27},"end":{"line":133,"column":77}},"44":{"start":{"line":134,"column":6},"end":{"line":134,"column":49}},"45":{"start":{"line":140,"column":4},"end":{"line":146,"column":5}},"46":{"start":{"line":141,"column":30},"end":{"line":141,"column":77}},"47":{"start":{"line":142,"column":6},"end":{"line":142,"column":49}},"48":{"start":{"line":144,"column":27},"end":{"line":144,"column":77}},"49":{"start":{"line":145,"column":6},"end":{"line":145,"column":49}},"50":{"start":{"line":156,"column":4},"end":{"line":162,"column":5}},"51":{"start":{"line":157,"column":20},"end":{"line":157,"column":72}},"52":{"start":{"line":158,"column":6},"end":{"line":158,"column":39}},"53":{"start":{"line":160,"column":27},"end":{"line":160,"column":77}},"54":{"start":{"line":161,"column":6},"end":{"line":161,"column":49}},"55":{"start":{"line":14,"column":13},"end":{"line":14,"column":32}},"56":{"start":{"line":24,"column":8},"end":{"line":32,"column":null}},"57":{"start":{"line":41,"column":8},"end":{"line":49,"column":null}},"58":{"start":{"line":58,"column":8},"end":{"line":68,"column":null}},"59":{"start":{"line":77,"column":8},"end":{"line":87,"column":null}},"60":{"start":{"line":96,"column":8},"end":{"line":106,"column":null}},"61":{"start":{"line":115,"column":8},"end":{"line":125,"column":null}},"62":{"start":{"line":128,"column":8},"end":{"line":136,"column":null}},"63":{"start":{"line":139,"column":8},"end":{"line":147,"column":null}},"64":{"start":{"line":155,"column":8},"end":{"line":163,"column":null}},"65":{"start":{"line":14,"column":13},"end":{"line":164,"column":null}}},"fnMap":{"0":{"name":"(anonymous_4)","decl":{"start":{"line":15,"column":2},"end":{"line":15,"column":31}},"loc":{"start":{"line":15,"column":65},"end":{"line":15,"column":69}}},"1":{"name":"(anonymous_5)","decl":{"start":{"line":24,"column":2},"end":{"line":24,"column":7}},"loc":{"start":{"line":24,"column":68},"end":{"line":32,"column":3}}},"2":{"name":"(anonymous_6)","decl":{"start":{"line":41,"column":2},"end":{"line":41,"column":7}},"loc":{"start":{"line":41,"column":71},"end":{"line":49,"column":3}}},"3":{"name":"(anonymous_7)","decl":{"start":{"line":58,"column":2},"end":{"line":58,"column":7}},"loc":{"start":{"line":59,"column":49},"end":{"line":68,"column":3}}},"4":{"name":"(anonymous_8)","decl":{"start":{"line":77,"column":2},"end":{"line":77,"column":7}},"loc":{"start":{"line":78,"column":49},"end":{"line":87,"column":3}}},"5":{"name":"(anonymous_9)","decl":{"start":{"line":96,"column":2},"end":{"line":96,"column":7}},"loc":{"start":{"line":97,"column":49},"end":{"line":106,"column":3}}},"6":{"name":"(anonymous_10)","decl":{"start":{"line":115,"column":2},"end":{"line":115,"column":7}},"loc":{"start":{"line":116,"column":49},"end":{"line":125,"column":3}}},"7":{"name":"(anonymous_11)","decl":{"start":{"line":128,"column":2},"end":{"line":128,"column":7}},"loc":{"start":{"line":128,"column":22},"end":{"line":136,"column":3}}},"8":{"name":"(anonymous_12)","decl":{"start":{"line":139,"column":2},"end":{"line":139,"column":7}},"loc":{"start":{"line":139,"column":25},"end":{"line":147,"column":3}}},"9":{"name":"(anonymous_13)","decl":{"start":{"line":155,"column":2},"end":{"line":155,"column":7}},"loc":{"start":{"line":155,"column":30},"end":{"line":163,"column":3}}}},"branchMap":{"0":{"loc":{"start":{"line":29,"column":27},"end":{"line":29,"column":77}},"type":"cond-expr","locations":[{"start":{"line":29,"column":48},"end":{"line":29,"column":57}},{"start":{"line":29,"column":60},"end":{"line":29,"column":77}}]},"1":{"loc":{"start":{"line":46,"column":27},"end":{"line":46,"column":77}},"type":"cond-expr","locations":[{"start":{"line":46,"column":48},"end":{"line":46,"column":57}},{"start":{"line":46,"column":60},"end":{"line":46,"column":77}}]},"2":{"loc":{"start":{"line":65,"column":27},"end":{"line":65,"column":77}},"type":"cond-expr","locations":[{"start":{"line":65,"column":48},"end":{"line":65,"column":57}},{"start":{"line":65,"column":60},"end":{"line":65,"column":77}}]},"3":{"loc":{"start":{"line":84,"column":27},"end":{"line":84,"column":77}},"type":"cond-expr","locations":[{"start":{"line":84,"column":48},"end":{"line":84,"column":57}},{"start":{"line":84,"column":60},"end":{"line":84,"column":77}}]},"4":{"loc":{"start":{"line":103,"column":27},"end":{"line":103,"column":77}},"type":"cond-expr","locations":[{"start":{"line":103,"column":48},"end":{"line":103,"column":57}},{"start":{"line":103,"column":60},"end":{"line":103,"column":77}}]},"5":{"loc":{"start":{"line":122,"column":27},"end":{"line":122,"column":77}},"type":"cond-expr","locations":[{"start":{"line":122,"column":48},"end":{"line":122,"column":57}},{"start":{"line":122,"column":60},"end":{"line":122,"column":77}}]},"6":{"loc":{"start":{"line":133,"column":27},"end":{"line":133,"column":77}},"type":"cond-expr","locations":[{"start":{"line":133,"column":48},"end":{"line":133,"column":57}},{"start":{"line":133,"column":60},"end":{"line":133,"column":77}}]},"7":{"loc":{"start":{"line":144,"column":27},"end":{"line":144,"column":77}},"type":"cond-expr","locations":[{"start":{"line":144,"column":48},"end":{"line":144,"column":57}},{"start":{"line":144,"column":60},"end":{"line":144,"column":77}}]},"8":{"loc":{"start":{"line":160,"column":27},"end":{"line":160,"column":77}},"type":"cond-expr","locations":[{"start":{"line":160,"column":48},"end":{"line":160,"column":57}},{"start":{"line":160,"column":60},"end":{"line":160,"column":77}}]}},"s":{"0":9,"1":9,"2":9,"3":9,"4":9,"5":9,"6":9,"7":9,"8":9,"9":36,"10":4,"11":4,"12":2,"13":2,"14":2,"15":4,"16":4,"17":2,"18":2,"19":2,"20":4,"21":4,"22":2,"23":2,"24":2,"25":4,"26":4,"27":2,"28":2,"29":2,"30":4,"31":4,"32":2,"33":2,"34":2,"35":4,"36":4,"37":2,"38":2,"39":2,"40":4,"41":4,"42":2,"43":2,"44":2,"45":4,"46":4,"47":2,"48":2,"49":2,"50":4,"51":4,"52":2,"53":2,"54":2,"55":9,"56":9,"57":9,"58":9,"59":9,"60":9,"61":9,"62":9,"63":9,"64":9,"65":9},"f":{"0":36,"1":4,"2":4,"3":4,"4":4,"5":4,"6":4,"7":4,"8":4,"9":4},"b":{"0":[1,1],"1":[1,1],"2":[1,1],"3":[1,1],"4":[1,1],"5":[1,1],"6":[1,1],"7":[1,1],"8":[1,1]}}
[...]
1":{"start":{"line":102,"column":16},"end":{"line":104,"column":17}},"22":{"start":{"line":102,"column":29},"end":{"line":102,"column":38}},"23":{"start":{"line":103,"column":20},"end":{"line":103,"column":67}},"24":{"start":{"line":105,"column":16},"end":{"line":105,"column":22}},"25":{"start":{"line":108,"column":16},"end":{"line":108,"column":40}},"26":{"start":{"line":109,"column":16},"end":{"line":109,"column":65}},"27":{"start":{"line":110,"column":16},"end":{"line":110,"column":76}},"28":{"start":{"line":111,"column":16},"end":{"line":113,"column":17}},"29":{"start":{"line":111,"column":29},"end":{"line":111,"column":30}},"30":{"start":{"line":112,"column":20},"end":{"line":112,"column":94}},"31":{"start":{"line":114,"column":16},"end":{"line":114,"column":22}},"32":{"start":{"line":117,"column":16},"end":{"line":117,"column":42}},"33":{"start":{"line":118,"column":16},"end":{"line":118,"column":85}},"34":{"start":{"line":119,"column":16},"end":{"line":119,"column":76}},"35":{"start":{"line":120,"column":16},"end":{"line":122,"column":17}},"36":{"start":{"line":120,"column":29},"end":{"line":120,"column":30}},"37":{"start":{"line":121,"column":20},"end":{"line":121,"column":67}},"38":{"start":{"line":123,"column":16},"end":{"line":123,"column":22}},"39":{"start":{"line":126,"column":16},"end":{"line":126,"column":39}},"40":{"start":{"line":127,"column":16},"end":{"line":127,"column":49}},"41":{"start":{"line":128,"column":36},"end":{"line":128,"column":53}},"42":{"start":{"line":129,"column":16},"end":{"line":129,"column":99}},"43":{"start":{"line":130,"column":16},"end":{"line":132,"column":17}},"44":{"start":{"line":130,"column":29},"end":{"line":130,"column":30}},"45":{"start":{"line":131,"column":20},"end":{"line":131,"column":59}},"46":{"start":{"line":133,"column":16},"end":{"line":133,"column":22}},"47":{"start":{"line":136,"column":16},"end":{"line":136,"column":54}},"48":{"start":{"line":139,"column":24},"end":{"line":153,"column":25}},"49":{"start":{"line":155,"column":27},"end":{"line":165,"column":10}},"50":{"start":{"line":156,"column":29},"end":{"line":156,"column":74}},"51":{"start":{"line":156,"column":49},"end":{"line":156,"column":73}},"52":{"start":{"line":157,"column":12},"end":{"line":164,"column":14}},"53":{"start":{"line":167,"column":8},"end":{"line":167,"column":26}},"54":{"start":{"line":171,"column":23},"end":{"line":184,"column":25}},"55":{"start":{"line":186,"column":8},"end":{"line":190,"column":12}},"56":{"start":{"line":186,"column":34},"end":{"line":190,"column":10}},"57":{"start":{"line":194,"column":23},"end":{"line":206,"column":25}},"58":{"start":{"line":208,"column":8},"end":{"line":212,"column":12}},"59":{"start":{"line":208,"column":34},"end":{"line":212,"column":10}},"60":{"start":{"line":6,"column":13},"end":{"line":6,"column":28}},"61":{"start":{"line":6,"column":13},"end":{"line":214,"column":null}}},"fnMap":{"0":{"name":"(anonymous_2)","decl":{"start":{"line":7,"column":4},"end":{"line":7,"column":33}},"loc":{"start":{"line":7,"column":55},"end":{"line":9,"column":5}}},"1":{"name":"(anonymous_3)","decl":{"start":{"line":11,"column":4},"end":{"line":11,"column":9}},"loc":{"start":{"line":15,"column":25},"end":{"line":60,"column":5}}},"2":{"name":"(anonymous_4)","decl":{"start":{"line":62,"column":4},"end":{"line":62,"column":9}},"loc":{"start":{"line":62,"column":65},"end":{"line":81,"column":5}}},"3":{"name":"(anonymous_5)","decl":{"start":{"line":76,"column":26},"end":{"line":76,"column":29}},"loc":{"start":{"line":76,"column":34},"end":{"line":80,"column":10}}},"4":{"name":"(anonymous_6)","decl":{"start":{"line":83,"column":4},"end":{"line":83,"column":9}},"loc":{"start":{"line":83,"column":52},"end":{"line":168,"column":5}}},"5":{"name":"(anonymous_7)","decl":{"start":{"line":155,"column":43},"end":{"line":155,"column":44}},"loc":{"start":{"line":155,"column":54},"end":{"line":165,"column":9}}},"6":{"name":"(anonymous_8)","decl":{"start":{"line":156,"column":42},"end":{"line":156,"column":43}},"loc":{"start":{"line":156,"column":49},"end":{"line":156,"column":73}}},"7":{"name":"(anonymous_9)","decl":{"start":{"line":170,"column":4},"end":{"line":170,"column":9}},"loc":{"start":{"line":170,"column":61},"end":{"line":191,"column":5}}},"8":{"name":"(anonymous_10)","decl":{"start":{"line":186,"column":26},"end":{"line":186,"column":29}},"loc":{"start":{"line":186,"column":34},"end":{"line":190,"column":10}}},"9":{"name":"(anonymous_11)","decl":{"start":{"line":193,"column":4},"end":{"line":193,"column":9}},"loc":{"start":{"line":193,"column":61},"end":{"line":213,"column":5}}},"10":{"name":"(anonymous_12)","decl":{"start":{"line":208,"column":26},"end":{"line":208,"column":29}},"loc":{"start":{"line":208,"column":34},"end":{"line":212,"column":10}}}},"branchMap":{"0":{"loc":{"start":{"line":51,"column":39},"end":{"line":51,"column":67}},"type":"binary-expr","locations":[{"start":{"line":51,"column":39},"end":{"line":51,"column":60}},{"start":{"line":51,"column":64},"end":{"line":51,"column":67}}]},"1":{"loc":{"start":{"line":52,"column":36},"end":{"line":52,"column":61}},"type":"binary-expr","locations":[{"start":{"line":52,"column":36},"end":{"line":52,"column":54}},{"start":{"line":52,"column":58},"end":{"line":52,"column":61}}]},"2":{"loc":{"start":{"line":53,"column":40},"end":{"line":53,"column":69}},"type":"binary-expr","locations":[{"start":{"line":53,"column":40},"end":{"line":53,"column":62}},{"start":{"line":53,"column":66},"end":{"line":53,"column":69}}]},"3":{"loc":{"start":{"line":54,"column":37},"end":{"line":54,"column":63}},"type":"binary-expr","locations":[{"start":{"line":54,"column":37},"end":{"line":54,"column":56}},{"start":{"line":54,"column":60},"end":{"line":54,"column":63}}]},"4":{"loc":{"start":{"line":55,"column":43},"end":{"line":55,"column":75}},"type":"binary-expr","locations":[{"start":{"line":55,"column":43},"end":{"line":55,"column":68}},{"start":{"line":55,"column":72},"end":{"line":55,"column":75}}]},"5":{"loc":{"start":{"line":56,"column":40},"end":{"line":56,"column":69}},"type":"binary-expr","locations":[{"start":{"line":56,"column":40},"end":{"line":56,"column":62}},{"start":{"line":56,"column":66},"end":{"line":56,"column":69}}]},"6":{"loc":{"start":{"line":57,"column":46},"end":{"line":57,"column":81}},"type":"binary-expr","locations":[{"start":{"line":57,"column":46},"end":{"line":57,"column":74}},{"start":{"line":57,"column":78},"end":{"line":57,"column":81}}]},"7":{"loc":{"start":{"line":58,"column":43},"end":{"line":58,"column":75}},"type":"binary-expr","locations":[{"start":{"line":58,"column":43},"end":{"line":58,"column":68}},{"start":{"line":58,"column":72},"end":{"line":58,"column":75}}]},"8":{"loc":{"start":{"line":90,"column":8},"end":{"line":137,"column":9}},"type":"switch","locations":[{"start":{"line":91,"column":12},"end":{"line":105,"column":22}},{"start":{"line":107,"column":12},"end":{"line":114,"column":22}},{"start":{"line":116,"column":12},"end":{"line":123,"column":22}},{"start":{"line":125,"column":12},"end":{"line":133,"column":22}},{"start":{"line":135,"column":12},"end":{"line":136,"column":54}}]},"9":{"loc":{"start":{"line":158,"column":16},"end":{"line":163,"column":null}},"type":"binary-expr","locations":[{"start":{"line":158,"column":16},"end":{"line":158,"column":24}},{"start":{"line":158,"column":28},"end":{"line":163,"column":null}}]}},"s":{"0":16,"1":16,"2":16,"3":16,"4":19,"5":19,"6":3,"7":3,"8":4,"9":4,"10":8,"11":6,"12":6,"13":6,"14":1,"15":1,"16":1,"17":1,"18":1,"19":1,"20":1,"21":1,"22":1,"23":1,"24":1,"25":2,"26":2,"27":2,"28":2,"29":2,"30":24,"31":2,"32":1,"33":1,"34":1,"35":1,"36":1,"37":4,"38":1,"39":1,"40":1,"41":1,"42":1,"43":1,"44":1,"45":4,"46":1,"47":1,"48":5,"49":5,"50":33,"51":21,"52":33,"53":5,"54":3,"55":3,"56":2,"57":3,"58":3,"59":4,"60":16,"61":16},"f":{"0":19,"1":3,"2":4,"3":8,"4":6,"5":33,"6":21,"7":3,"8":2,"9":3,"10":4},"b":{"0":[3,2],"1":[3,2],"2":[3,2],"3":[3,2],"4":[3,2],"5":[3,2],"6":[3,2],"7":[3,2],"8":[1,2,1,1,1],"9":[33,29]}}
,"D:\\KI 2 NAM 4\\SQA\\CODE\\DO_AN\\nestjs-api-ecm\\src\\repository\\ProductRepository.ts": {"path":"D:\\KI 2 NAM 4\\SQA\\CODE\\DO_AN\\nestjs-api-ecm\\src\\repository\\ProductRepository.ts","statementMap":{"0":{"start":{"line":1,"column":0},"end":{"line":1,"column":65}},"1":{"start":{"line":2,"column":0},"end":{"line":2,"column":73}},"2":{"start":{"line":3,"column":0},"end":{"line":3,"column":83}},"3":{"start":{"line":7,"column":7},"end":{"line":11,"column":null}},"4":{"start":{"line":9,"column":8},"end":{"line":9,"column":55}},"5":{"start":{"line":8,"column":33},"end":{"line":8,"column":45}},"6":{"start":{"line":7,"column":13},"end":{"line":7,"column":30}},"7":{"start":{"line":7,"column":13},"end":{"line":11,"column":null}}},"fnMap":{"0":{"name":"(anonymous_2)","decl":{"start":{"line":8,"column":4},"end":{"line":8,"column":33}},"loc":{"start":{"line":8,"column":55},"end":{"line":10,"column":5}}}},"branchMap":{},"s":{"0":0,"1":0,"2":0,"3":0,"4":0,"5":0,"6":0,"7":0},"f":{"0":0},"b":{}}
,"D:\\KI 2 NAM 4\\SQA\\CODE\\DO_AN\\nestjs-api-ecm\\src\\repository\\SupplierRepository.ts": {"path":"D:\\KI 2 NAM 4\\SQA\\CODE\\DO_AN\\nestjs-api-ecm\\src\\repository\\SupplierRepository.ts","statementMap":{"0":{"start":{"line":1,"column":0},"end":{"line":1,"column":53}},"1":{"start":{"line":3,"column":0},"end":{"line":3,"column":76}},"2":{"start":{"line":6,"column":7},"end":{"line":8,"column":null}},"3":{"start":{"line":6,"column":13},"end":{"line":6,"column":31}},"4":{"start":{"line":6,"column":13},"end":{"line":8,"column":null}}},"fnMap":{},"branchMap":{},"s":{"0":2,"1":2,"2":2,"3":2,"4":2},"f":{},"b":{}}
,"D:\\KI 2 NAM 4\\SQA\\CODE\\DO_AN\\nestjs-api-ecm\\src\\repository\\UserRepository.ts": {"path":"D:\\KI 2 NAM 4\\SQA\\CODE\\DO_AN\\nestjs-api-ecm\\src\\repository\\UserRepository.ts","statementMap":{"0":{"start":{"line":1,"column":0},"end":{"line":1,"column":65}},"1":{"start":{"line":2,"column":0},"end":{"line":2,"column":58}},"2":{"start":{"line":5,"column":7},"end":{"line":9,"column":null}},"3":{"start":{"line":7,"column":8},"end":{"line":7,"column":40}},"4":{"start":{"line":6,"column":33},"end":{"line":6,"column":45}},"5":{"start":{"line":5,"column":13},"end":{"line":5,"column":27}},"6":{"start":{"line":5,"column":13},"end":{"line":9,"column":null}}},"fnMap":{"0":{"name":"(anonymous_2)","decl":{"start":{"line":6,"column":4},"end":{"line":6,"column":33}},"loc":{"start":{"line":6,"column":55},"end":{"line":8,"column":5}}}},"branchMap":{},"s":{"0":11,"1":11,"2":11,"3":0,"4":0,"5":11,"6":11},"f":{"0":0},"b":{}}
,"D:\\KI 2 NAM 4\\SQA\\CODE\\DO_AN\\nestjs-api-ecm\\src\\share\\GenerateEntityCode.ts": {"path":"D:\\KI 2 NAM 4\\SQA\\CODE\\DO_AN\\nestjs-api-ecm\\src\\share\\GenerateEntityCode.ts","statementMap":{"0":{"start":{"line":3,"column":26},"end":{"line":3,"column":49}},"1":{"start":{"line":4,"column":27},"end":{"line":4,"column":70}},"2":{"start":{"line":5,"column":8},"end":{"line":5,"column":58}},"3":{"start":{"line":1,"column":0},"end":{"line":1,"column":13}}},"fnMap":{"0":{"name":"(anonymous_0)","decl":{"start":{"line":2,"column":11},"end":{"line":2,"column":17}},"loc":{"start":{"line":2,"column":54},"end":{"line":6,"column":5}}}},"branchMap":{},"s":{"0":15,"1":15,"2":15,"3":6},"f":{"0":15},"b":{}}
,"D:\\KI 2 NAM 4\\SQA\\CODE\\DO_AN\\nestjs-api-ecm\\src\\share\\ParseBooleanPipe.ts": {"path":"D:\\KI 2 NAM 4\\SQA\\CODE\\DO_AN\\nestjs-api-ecm\\src\\share\\ParseBooleanPipe.ts","statementMap":{"0":{"start":{"line":1,"column":0},"end":{"line":1,"column":80}},"1":{"start":{"line":4,"column":7},"end":{"line":11,"column":null}},"2":{"start":{"line":6,"column":8},"end":{"line":6,"column":50}},"3":{"start":{"line":6,"column":33},"end":{"line":6,"column":50}},"4":{"start":{"line":7,"column":8},"end":{"line":7,"column":42}},"5":{"start":{"line":7,"column":30},"end":{"line":7,"column":42}},"6":{"start":{"line":8,"column":8},"end":{"line":8,"column":44}},"7":{"start":{"line":8,"column":31},"end":{"line":8,"column":44}},"8":{"start":{"line":9,"column":8},"end":{"line":9,"column":86}},"9":{"start":{"line":4,"column":13},"end":{"line":4,"column":29}},"10":{"start":{"line":4,"column":13},"end":{"line":11,"column":null}}},"fnMap":{"0":{"name":"(anonymous_1)","decl":{"start":{"line":5,"column":4},"end":{"line":5,"column":13}},"loc":{"start":{"line":5,"column":27},"end":{"line":10,"column":5}}}},"branchMap":{"0":{"loc":{"start":{"line":6,"column":8},"end":{"line":6,"column":50}},"type":"if","locations":[{"start":{"line":6,"column":8},"end":{"line":6,"column":50}}]},"1":{"loc":{"start":{"line":7,"column":8},"end":{"line":7,"column":42}},"type":"if","locations":[{"start":{"line":7,"column":8},"end":{"line":7,"column":42}}]},"2":{"loc":{"start":{"line":8,"column":8},"end":{"line":8,"column":44}},"type":"if","locations":[{"start":{"line":8,"column":8},"end":{"line":8,"column":44}}]}},"s":{"0":4,"1":4,"2":19,"3":2,"4":17,"5":2,"6":15,"7":2,"8":13,"9":4,"10":4},"f":{"0":19},"b":{"0":[2],"1":[2],"2":[2]}}
,"D:\\KI 2 NAM 4\\SQA\\CODE\\DO_AN\\nestjs-api-ecm\\src\\share\\Enum\\Enum.ts": {"path":"D:\\KI 2 NAM 4\\SQA\\CODE\\DO_AN\\nestjs-api-ecm\\src\\share\\Enum\\Enum.ts","statementMap":{"0":{"start":{"line":1,"column":0},"end":{"line":1,"column":null}},"1":{"start":{"line":2,"column":4},"end":{"line":2,"column":null}},"2":{"start":{"line":3,"column":4},"end":{"line":3,"column":null}},"3":{"start":{"line":4,"column":4},"end":{"line":4,"column":null}},"4":{"start":{"line":7,"column":0},"end":{"line":7,"column":null}},"5":{"start":{"line":8,"column":4},"end":{"line":8,"column":null}},"6":{"start":{"line":9,"column":4},"end":{"line":9,"column":null}},"7":{"start":{"line":10,"column":4},"end":{"line":10,"column":null}},"8":{"start":{"line":11,"column":4},"end":{"line":11,"column":null}},"9":{"start":{"line":14,"column":0},"end":{"line":14,"column":null}},"10":{"start":{"line":15,"column":4},"end":{"line":15,"column":null}},"11":{"start":{"line":16,"column":4},"end":{"line":16,"column":null}},"12":{"start":{"line":17,"column":4},"end":{"line":17,"column":null}},"13":{"start":{"line":20,"column":0},"end":{"line":20,"column":null}},"14":{"start":{"line":21,"column":4},"end":{"line":21,"column":null}},"15":{"start":{"line":22,"column":4},"end":{"line":22,"column":null}},"16":{"start":{"line":23,"column":4},"end":{"line":23,"column":null}},"17":{"start":{"line":26,"column":0},"end":{"line":26,"column":null}},"18":{"start":{"line":27,"column":4},"end":{"line":27,"column":null}},"19":{"start":{"line":28,"column":4},"end":{"line":28,"column":null}},"20":{"start":{"line":29,"column":4},"end":{"line":29,"column":null}},"21":{"start":{"line":30,"column":4},"end":{"line":30,"column":null}},"22":{"start":{"line":31,"column":4},"end":{"line":31,"column":null}},"23":{"start":{"line":34,"column":0},"end":{"line":34,"column":null}},"24":{"start":{"line":35,"column":4},"end":{"line":35,"column":null}},"25":{"start":{"line":36,"column":4},"end":{"line":36,"column":null}},"26":{"start":{"line":39,"column":0},"end":{"line":39,"column":null}},"27":{"start":{"line":40,"column":4},"end":{"line":40,"column":null}},"28":{"start":{"line":41,"column":4},"end":{"line":41,"column":null}},"29":{"start":{"line":42,"column":4},"end":{"line":42,"column":null}},"30":{"start":{"line":43,"column":4},"end":{"line":43,"column":null}},"31":{"start":{"line":46,"column":0},"end":{"line":46,"column":null}},"32":{"start":{"line":47,"column":4},"end":{"line":47,"column":null}},"33":{"start":{"line":48,"column":4},"end":{"line":48,"column":null}},"34":{"start":{"line":49,"column":4},"end":{"line":49,"column":null}},"35":{"start":{"line":52,"column":0},"end":{"line":52,"column":null}},"36":{"start":{"line":53,"column":4},"end":{"line":53,"column":null}},"37":{"start":{"line":54,"column":4},"end":{"line":54,"column":null}}},"fnMap":{"0":{"name":"(anonymous_0)","decl":{"start":{"line":1,"column":0},"end":{"line":1,"column":12}},"loc":{"start":{"line":1,"column":20},"end":{"line":5,"column":1}}},"1":{"name":"(anonymous_1)","decl":{"start":{"line":7,"column":0},"end":{"line":7,"column":12}},"loc":{"start":{"line":7,"column":28},"end":{"line":12,"column":1}}},"2":{"name":"(anonymous_2)","decl":{"start":{"line":14,"column":0},"end":{"line":14,"column":12}},"loc":{"start":{"line":14,"column":23},"end":{"line":18,"column":1}}},"3":{"name":"(anonymous_3)","decl":{"start":{"line":20,"column":0},"end":{"line":20,"column":12}},"loc":{"start":{"line":20,"column":25},"end":{"line":24,"column":1}}},"4":{"name":"(anonymous_4)","decl":{"start":{"line":26,"column":0},"end":{"line":26,"column":12}},"loc":{"start":{"line":26,"column":23},"end":{"line":32,"column":1}}},"5":{"name":"(anonymous_5)","decl":{"start":{"line":34,"column":0},"end":{"line":34,"column":12}},"loc":{"start":{"line":34,"column":25},"end":{"line":37,"column":1}}},"6":{"name":"(anonymous_6)","decl":{"start":{"line":39,"column":0},"end":{"line":39,"column":12}},"loc":{"start":{"line":39,"column":22},"end":{"line":44,"column":1}}},"7":{"name":"(anonymous_7)","decl":{"start":{"line":46,"column":0},"end":{"line":46,"column":12}},"loc":{"start":{"line":46,"column":28},"end":{"line":50,"column":1}}},"8":{"name":"(anonymous_8)","decl":{"start":{"line":52,"column":0},"end":{"line":52,"column":12}},"loc":{"start":{"line":52,"column":30},"end":{"line":55,"column":1}}}},"branchMap":{"0":{"loc":{"start":{"line":1,"column":12},"end":{"line":1,"column":null}},"type":"binary-expr","locations":[{"start":{"line":1,"column":12},"end":{"line":1,"column":20}},{"start":{"line":1,"column":20},"end":{"line":1,"column":null}}]},"1":{"loc":{"start":{"line":7,"column":12},"end":{"line":7,"column":null}},"type":"binary-expr","locations":[{"start":{"line":7,"column":12},"end":{"line":7,"column":28}},{"start":{"line":7,"column":28},"end":{"line":7,"column":null}}]},"2":{"loc":{"start":{"line":14,"column":12},"end":{"line":14,"column":null}},"type":"binary-expr","locations":[{"start":{"line":14,"column":12},"end":{"line":14,"column":23}},{"start":{"line":14,"column":23},"end":{"line":14,"column":null}}]},"3":{"loc":{"start":{"line":20,"column":12},"end":{"line":20,"column":null}},"type":"binary-expr","locations":[{"start":{"line":20,"column":12},"end":{"line":20,"column":25}},{"start":{"line":20,"column":25},"end":{"line":20,"column":null}}]},"4":{"loc":{"start":{"line":26,"column":12},"end":{"line":26,"column":null}},"type":"binary-expr","locations":[{"start":{"line":26,"column":12},"end":{"line":26,"column":23}},{"start":{"line":26,"column":23},"end":{"line":26,"column":null}}]},"5":{"loc":{"start":{"line":34,"column":12},"end":{"line":34,"column":null}},"type":"binary-expr","locations":[{"start":{"line":34,"column":12},"end":{"line":34,"column":25}},{"start":{"line":34,"column":25},"end":{"line":34,"column":null}}]},"6":{"loc":{"start":{"line":39,"column":12},"end":{"line":39,"column":null}},"type":"binary-expr","locations":[{"start":{"line":39,"column":12},"end":{"line":39,"column":22}},{"start":{"line":39,"column":22},"end":{"line":39,"column":null}}]},"7":{"loc":{"start":{"line":46,"column":12},"end":{"line":46,"column":null}},"type":"binary-expr","locations":[{"start":{"line":46,"column":12},"end":{"line":46,"column":28}},{"start":{"line":46,"column":28},"end":{"line":46,"column":null}}]},"8":{"loc":{"start":{"line":52,"column":12},"end":{"line":52,"column":null}},"type":"binary-expr","locations":[{"start":{"line":52,"column":12},"end":{"line":52,"column":30}},{"start":{"line":52,"column":30},"end":{"line":52,"column":null}}]}},"s":{"0":75,"1":75,"2":75,"3":75,"4":75,"5":75,"6":75,"7":75,"8":75,"9":75,"10":75,"11":75,"12":75,"13":75,"14":75,"15":75,"16":75,"17":75,"18":75,"19":75,"20":75,"21":75,"22":75,"23":75,"24":75,"25":75,"26":75,"27":75,"28":75,"29":75,"30":75,"31":75,"32":75,"33":75,"34":75,"35":75,"36":75,"37":75},"f":{"0":75,"1":75,"2":75,"3":75,"4":75,"5":75,"6":75,"7":75,"8":75},"b":{"0":[75,75],"1":[75,75],"2":[75,75],"3":[75,75],"4":[75,75],"5":[75,75],"6":[75,75],"7":[75,75],"8":[75,75]}}
}
