TN:
SF:src\app.controller.ts
FN:6,(anonymous_2)
FN:9,(anonymous_3)
FNF:2
FNH:2
FNDA:4,(anonymous_2)
FNDA:4,(anonymous_3)
DA:1,2
DA:2,2
DA:5,2
DA:6,4
DA:9,2
DA:10,4
LF:6
LH:6
BRF:0
BRH:0
end_of_record
TN:
SF:src\app.module.ts
FN:27,(anonymous_1)
FN:37,(anonymous_2)
FNF:2
FNH:0
FNDA:0,(anonymous_1)
FNDA:0,(anonymous_2)
DA:1,0
DA:2,0
DA:3,0
DA:4,0
DA:5,0
DA:6,0
DA:7,0
DA:8,0
DA:9,0
DA:10,0
DA:11,0
DA:12,0
DA:13,0
DA:14,0
DA:15,0
DA:16,0
DA:17,0
DA:18,0
DA:19,0
DA:27,0
DA:37,0
DA:65,0
LF:22
LH:0
BRF:0
BRH:0
end_of_record
TN:
SF:src\app.service.ts
FN:5,(anonymous_1)
FNF:1
FNH:1
FNDA:1,(anonymous_1)
DA:1,2
DA:4,2
DA:6,1
LF:3
LH:3
BRF:0
BRH:0
end_of_record
TN:
SF:src\main.ts
FN:6,bootstrap
FNF:1
FNH:0
FNDA:0,bootstrap
DA:1,0
DA:2,0
DA:3,0
DA:4,0
DA:7,0
DA:8,0
DA:13,0
DA:14,0
DA:15,0
DA:22,0
DA:23,0
DA:24,0
DA:26,0
LF:13
LH:0
BRDA:14,0,0,0
BRDA:14,0,1,0
BRF:2
BRH:0
end_of_record
TN:
SF:src\Until\configConst.ts
FNF:0
FNH:0
DA:1,7
DA:6,7
LF:2
LH:2
BRF:0
BRH:0
end_of_record
TN:
SF:src\Until\responseUtil.ts
FN:2,(anonymous_0)
FN:11,(anonymous_1)
FN:19,(anonymous_2)
FN:27,(anonymous_3)
FN:35,(anonymous_4)
FNF:5
FNH:5
FNDA:77,(anonymous_0)
FNDA:1,(anonymous_1)
FNDA:100,(anonymous_2)
FNDA:8,(anonymous_3)
FNDA:2,(anonymous_4)
DA:1,37
DA:3,77
DA:12,1
DA:20,100
DA:28,8
DA:36,2
LF:6
LH:6
BRDA:23,0,0,100
BRDA:23,0,1,1
BRDA:31,1,0,8
BRDA:31,1,1,1
BRF:4
BRH:4
end_of_record
TN:
SF:src\backend\backend.module.ts
FNF:0
FNH:0
DA:1,0
DA:2,0
DA:3,0
DA:4,0
DA:5,0
DA:6,0
DA:8,0
DA:9,0
DA:10,0
DA:11,0
DA:12,0
DA:13,0
DA:14,0
DA:15,0
DA:16,0
DA:17,0
DA:18,0
DA:19,0
DA:20,0
DA:44,0
LF:20
LH:0
BRF:0
BRH:0
end_of_record
TN:
SF:src\backend\article\article.controller.ts
FNF:0
FNH:0
DA:1,0
DA:4,0
LF:2
LH:0
BRF:0
BRH:0
end_of_record
TN:
SF:src\backend\article\article.module.ts
FNF:0
FNH:0
DA:1,0
DA:2,0
DA:3,0
DA:9,0
LF:4
LH:0
BRF:0
BRH:0
end_of_record
TN:
SF:src\backend\article\article.service.ts
FNF:0
FNH:0
DA:1,0
DA:4,0
LF:2
LH:0
BRF:0
BRH:0
end_of_record
TN:
SF:src\backend\auth\change-password\change-password.controller.ts
FN:15,(anonymous_4)
FN:19,(anonymous_5)
FNF:2
FNH:2
FNDA:4,(anonymous_4)
FNDA:4,(anonymous_5)
DA:1,1
DA:2,1
DA:3,1
DA:4,1
DA:5,1
DA:6,1
DA:7,1
DA:8,1
DA:14,1
DA:15,4
DA:19,1
DA:23,4
DA:24,4
DA:28,3
DA:30,1
DA:31,1
LF:16
LH:16
BRDA:30,0,0,1
BRDA:30,0,1,0
BRF:2
BRH:1
end_of_record
TN:
SF:src\backend\auth\change-password\change-password.module.ts
FNF:0
FNH:0
DA:1,0
DA:2,0
DA:3,0
DA:4,0
DA:5,0
DA:12,0
LF:6
LH:0
BRF:0
BRH:0
end_of_record
TN:
SF:src\backend\auth\change-password\change-password.service.ts
FN:10,(anonymous_10)
FN:14,(anonymous_11)
FNF:2
FNH:2
FNDA:8,(anonymous_10)
FNDA:8,(anonymous_11)
DA:1,2
DA:2,2
DA:3,2
DA:4,2
DA:6,2
DA:9,2
DA:11,8
DA:15,8
DA:20,8
DA:21,1
DA:24,7
DA:29,6
DA:30,1
DA:33,5
DA:35,4
DA:37,4
DA:38,2
DA:41,2
LF:18
LH:18
BRDA:20,0,0,1
BRDA:29,1,0,1
BRDA:37,2,0,2
BRF:3
BRH:3
end_of_record
TN:
SF:src\backend\auth\login-module\login-module.controller.ts
FN:10,(anonymous_4)
FN:13,(anonymous_5)
FNF:2
FNH:2
FNDA:3,(anonymous_4)
FNDA:3,(anonymous_5)
DA:1,1
DA:2,1
DA:3,1
DA:4,1
DA:5,1
DA:9,1
DA:10,3
DA:13,1
DA:14,3
DA:15,3
DA:16,1
DA:18,2
DA:19,2
LF:13
LH:13
BRDA:18,0,0,1
BRDA:18,0,1,1
BRF:2
BRH:2
end_of_record
TN:
SF:src\backend\auth\login-module\login-module.module.ts
FNF:0
FNH:0
DA:1,0
DA:2,0
DA:3,0
DA:4,0
DA:5,0
DA:12,0
LF:6
LH:0
BRF:0
BRH:0
end_of_record
TN:
SF:src\backend\auth\login-module\login-module.service.ts
FN:17,(anonymous_10)
FN:23,(anonymous_11)
FNF:2
FNH:2
FNDA:4,(anonymous_10)
FNDA:4,(anonymous_11)
DA:1,2
DA:7,2
DA:8,2
DA:9,2
DA:10,2
DA:11,2
DA:13,2
DA:16,2
DA:18,4
DA:19,4
DA:20,4
DA:24,4
DA:29,4
DA:30,1
DA:33,3
DA:37,3
DA:38,1
DA:42,2
DA:48,1
DA:49,1
DA:51,1
LF:21
LH:21
BRDA:29,0,0,1
BRDA:37,1,0,1
BRF:2
BRH:2
end_of_record
TN:
SF:src\backend\auth\logout\logout.controller.ts
FN:15,(anonymous_4)
FN:19,(anonymous_5)
FNF:2
FNH:2
FNDA:4,(anonymous_4)
FNDA:4,(anonymous_5)
DA:1,1
DA:2,1
DA:3,1
DA:4,1
DA:5,1
DA:6,1
DA:7,1
DA:8,1
DA:14,1
DA:15,4
DA:19,1
DA:23,4
DA:24,4
DA:25,1
DA:27,3
DA:28,3
LF:16
LH:16
BRDA:27,0,0,2
BRDA:27,0,1,1
BRF:2
BRH:2
end_of_record
TN:
SF:src\backend\auth\logout\logout.module.ts
FNF:0
FNH:0
DA:1,0
DA:2,0
DA:3,0
DA:4,0
DA:5,0
DA:12,0
LF:6
LH:0
BRF:0
BRH:0
end_of_record
TN:
SF:src\backend\auth\logout\logout.service.ts
FN:8,(anonymous_4)
FN:12,(anonymous_5)
FNF:2
FNH:2
FNDA:4,(anonymous_4)
FNDA:4,(anonymous_5)
DA:1,2
DA:2,2
DA:3,2
DA:4,2
DA:7,2
DA:9,4
DA:13,4
DA:18,4
DA:19,2
DA:22,2
DA:23,2
DA:25,2
DA:26,1
DA:29,1
LF:14
LH:14
BRDA:18,0,0,2
BRDA:25,1,0,1
BRF:2
BRH:2
end_of_record
TN:
SF:src\backend\auth\register-module\register-module.controller.ts
FN:11,(anonymous_4)
FN:14,(anonymous_5)
FN:25,(anonymous_6)
FNF:3
FNH:3
FNDA:8,(anonymous_4)
FNDA:4,(anonymous_5)
FNDA:4,(anonymous_6)
DA:1,2
DA:2,2
DA:3,2
DA:4,2
DA:5,2
DA:6,2
DA:10,2
DA:11,8
DA:14,2
DA:15,4
DA:16,4
DA:17,1
DA:19,3
DA:20,3
DA:25,2
DA:26,4
LF:16
LH:16
BRDA:19,0,0,2
BRDA:19,0,1,1
BRF:2
BRH:2
end_of_record
TN:
SF:src\backend\auth\register-module\register-module.module.ts
FNF:0
FNH:0
DA:1,0
DA:2,0
DA:3,0
DA:4,0
DA:5,0
DA:6,0
DA:13,0
LF:7
LH:0
BRF:0
BRH:0
end_of_record
TN:
SF:src\backend\auth\register-module\register-service\register-module.service.ts
FN:16,(anonymous_10)
FN:25,(anonymous_11)
FN:53,(anonymous_12)
FN:125,(anonymous_13)
FNF:4
FNH:4
FNDA:7,(anonymous_10)
FNDA:2,(anonymous_11)
FNDA:4,(anonymous_12)
FNDA:3,(anonymous_13)
DA:1,4
DA:2,4
DA:3,4
DA:4,4
DA:5,4
DA:6,4
DA:8,4
DA:9,4
DA:11,4
DA:15,4
DA:17,7
DA:19,7
DA:20,7
DA:22,7
DA:26,2
DA:27,2
DA:28,2
DA:36,2
DA:43,2
DA:44,2
DA:45,2
DA:47,0
DA:48,0
DA:55,4
DA:59,4
DA:60,1
DA:63,3
DA:64,1
DA:68,1
DA:72,2
DA:73,2
DA:74,2
DA:76,2
DA:78,2
DA:81,2
DA:89,2
DA:92,1
DA:101,1
DA:102,1
DA:105,1
DA:106,1
DA:108,1
DA:112,1
DA:113,1
DA:116,1
DA:117,1
DA:121,2
DA:126,3
DA:127,3
DA:129,3
DA:130,3
DA:131,1
DA:134,2
DA:139,2
DA:140,1
DA:143,1
LF:56
LH:54
BRDA:59,0,0,1
BRDA:63,1,0,1
BRDA:63,2,0,3
BRDA:63,2,1,1
BRDA:130,3,0,1
BRDA:139,4,0,1
BRF:6
BRH:6
end_of_record
TN:
SF:src\backend\cart\cart.controller.ts
FN:27,(anonymous_4)
FN:31,(anonymous_5)
FN:46,(anonymous_6)
FN:61,(anonymous_7)
FN:76,(anonymous_8)
FN:91,(anonymous_9)
FNF:6
FNH:6
FNDA:16,(anonymous_4)
FNDA:3,(anonymous_5)
FNDA:3,(anonymous_6)
FNDA:4,(anonymous_7)
FNDA:3,(anonymous_8)
FNDA:3,(anonymous_9)
DA:1,5
DA:12,5
DA:13,5
DA:14,5
DA:15,5
DA:16,5
DA:17,5
DA:18,5
DA:19,5
DA:20,5
DA:26,5
DA:27,16
DA:31,5
DA:35,3
DA:36,3
DA:37,1
DA:39,2
DA:40,2
DA:46,5
DA:50,3
DA:51,3
DA:52,1
DA:54,2
DA:55,2
DA:61,5
DA:62,4
DA:63,4
DA:66,4
DA:67,2
DA:69,2
DA:70,2
DA:76,5
DA:77,3
DA:78,3
DA:82,1
DA:84,2
DA:85,2
DA:91,5
DA:94,3
DA:95,3
DA:96,2
DA:98,1
DA:99,1
LF:43
LH:43
BRDA:39,0,0,1
BRDA:39,0,1,1
BRDA:54,1,0,1
BRDA:54,1,1,1
BRDA:69,2,0,1
BRDA:69,2,1,1
BRDA:84,3,0,1
BRDA:84,3,1,1
BRDA:98,4,0,1
BRDA:98,4,1,0
BRF:10
BRH:9
end_of_record
TN:
SF:src\backend\cart\cart.module.ts
FNF:0
FNH:0
DA:1,0
DA:2,0
DA:3,0
DA:5,0
DA:8,0
DA:19,0
LF:6
LH:0
BRF:0
BRH:0
end_of_record
TN:
SF:src\backend\cart\cart.service.ts
FN:13,(anonymous_4)
FN:20,(anonymous_5)
FN:45,(anonymous_6)
FN:59,(anonymous_7)
FN:72,(anonymous_8)
FN:79,(anonymous_9)
FN:83,(anonymous_10)
FNF:7
FNH:7
FNDA:23,(anonymous_4)
FNDA:4,(anonymous_5)
FNDA:4,(anonymous_6)
FNDA:4,(anonymous_7)
FNDA:4,(anonymous_8)
FNDA:3,(anonymous_9)
FNDA:4,(anonymous_10)
DA:1,11
DA:4,11
DA:5,11
DA:6,11
DA:7,11
DA:9,11
DA:12,11
DA:15,23
DA:17,23
DA:21,4
DA:22,1
DA:25,3
DA:26,1
DA:29,2
DA:35,2
DA:37,1
DA:46,4
DA:47,4
DA:48,4
DA:52,3
DA:53,2
DA:60,4
DA:64,4
DA:65,4
DA:66,2
DA:67,2
DA:69,2
DA:73,4
DA:74,4
DA:75,4
DA:76,4
DA:80,3
DA:84,4
DA:85,1
DA:87,3
DA:88,3
DA:92,2
DA:93,1
DA:95,1
DA:97,2
LF:40
LH:40
BRDA:20,0,0,0
BRDA:20,1,0,0
BRDA:21,2,0,1
BRDA:25,3,0,1
BRDA:35,4,0,1
BRDA:47,5,0,3
BRDA:52,6,0,1
BRDA:65,7,0,2
BRDA:74,8,0,2
BRDA:75,9,0,0
BRDA:84,10,0,1
BRDA:84,11,0,4
BRDA:84,11,1,4
BRDA:92,12,0,1
BRF:14
BRH:11
end_of_record
TN:
SF:src\backend\category\category.controller.ts
FN:27,(anonymous_4)
FN:41,(anonymous_5)
FN:66,(anonymous_6)
FN:78,(anonymous_7)
FN:89,(anonymous_8)
FN:104,(anonymous_9)
FNF:6
FNH:6
FNDA:16,(anonymous_4)
FNDA:4,(anonymous_5)
FNDA:3,(anonymous_6)
FNDA:3,(anonymous_7)
FNDA:3,(anonymous_8)
FNDA:3,(anonymous_9)
DA:1,5
DA:12,5
DA:13,5
DA:14,5
DA:15,5
DA:16,5
DA:17,5
DA:18,5
DA:19,5
DA:20,5
DA:26,5
DA:27,16
DA:41,5
DA:47,4
DA:48,4
DA:52,4
DA:57,2
DA:59,2
DA:60,2
DA:66,5
DA:67,3
DA:68,3
DA:69,1
DA:71,2
DA:72,2
DA:78,5
DA:79,3
DA:80,3
DA:82,2
DA:83,2
DA:89,5
DA:90,3
DA:91,3
DA:95,1
DA:97,2
DA:98,2
DA:104,5
DA:105,3
DA:106,3
DA:107,1
DA:109,2
DA:110,2
LF:42
LH:42
BRDA:49,0,0,1
BRDA:49,0,1,3
BRDA:50,1,0,1
BRDA:50,1,1,3
BRDA:59,2,0,1
BRDA:59,2,1,1
BRDA:71,3,0,1
BRDA:71,3,1,1
BRDA:82,4,0,1
BRDA:82,4,1,1
BRDA:97,5,0,1
BRDA:97,5,1,1
BRDA:109,6,0,1
BRDA:109,6,1,1
BRF:14
BRH:14
end_of_record
TN:
SF:src\backend\category\category.module.ts
FNF:0
FNH:0
DA:1,0
DA:2,0
DA:3,0
DA:4,0
DA:5,0
DA:6,0
DA:7,0
DA:17,0
LF:8
LH:0
BRF:0
BRH:0
end_of_record
TN:
SF:src\backend\category\category.service.ts
FN:14,(anonymous_4)
FN:21,(anonymous_5)
FN:50,(anonymous_6)
FN:60,(anonymous_7)
FN:64,(anonymous_8)
FN:68,(anonymous_9)
FNF:6
FNH:6
FNDA:35,(anonymous_4)
FNDA:11,(anonymous_5)
FNDA:7,(anonymous_6)
FNDA:6,(anonymous_7)
FNDA:2,(anonymous_8)
FNDA:2,(anonymous_9)
DA:1,11
DA:2,11
DA:3,11
DA:4,11
DA:7,11
DA:8,11
DA:9,11
DA:13,11
DA:16,35
DA:18,35
DA:22,11
DA:23,2
DA:26,9
DA:27,2
DA:30,7
DA:31,7
DA:32,7
DA:34,7
DA:40,7
DA:42,6
DA:51,7
DA:55,2
DA:57,5
DA:61,6
DA:65,2
DA:69,2
LF:26
LH:26
BRDA:21,0,0,0
BRDA:21,1,0,0
BRDA:22,2,0,2
BRDA:26,3,0,2
BRDA:31,4,0,3
BRDA:32,5,0,3
BRDA:40,6,0,1
BRDA:51,7,0,2
BRDA:52,8,0,7
BRDA:52,8,1,4
BRF:10
BRH:8
end_of_record
TN:
SF:src\backend\cloudinary\cloudinary.controller.ts
FN:15,(anonymous_4)
FN:34,(anonymous_5)
FN:36,(anonymous_6)
FN:38,(anonymous_7)
FNF:4
FNH:0
FNDA:0,(anonymous_4)
FNDA:0,(anonymous_5)
FNDA:0,(anonymous_6)
FNDA:0,(anonymous_7)
DA:1,0
DA:7,0
DA:9,0
DA:10,0
DA:14,0
DA:15,0
DA:34,0
DA:35,0
DA:36,0
DA:38,0
LF:10
LH:0
BRF:0
BRH:0
end_of_record
TN:
SF:src\backend\cloudinary\cloudinary.module.ts
FNF:0
FNH:0
DA:1,0
DA:2,0
DA:3,0
DA:4,0
DA:11,0
LF:5
LH:0
BRF:0
BRH:0
end_of_record
TN:
SF:src\backend\cloudinary\cloudinary.provider.ts
FN:5,(anonymous_0)
FNF:1
FNH:0
FNDA:0,(anonymous_0)
DA:1,0
DA:3,0
DA:6,0
LF:3
LH:0
BRF:0
BRH:0
end_of_record
TN:
SF:src\backend\cloudinary\cloudinary.service.ts
FN:9,(anonymous_7)
FN:10,(anonymous_8)
FN:19,(anonymous_9)
FNF:3
FNH:0
FNDA:0,(anonymous_7)
FNDA:0,(anonymous_8)
FNDA:0,(anonymous_9)
DA:1,0
DA:2,0
DA:4,0
DA:8,0
DA:10,0
DA:11,0
DA:20,0
DA:21,0
DA:26,0
LF:9
LH:0
BRDA:20,0,0,0
BRF:1
BRH:0
end_of_record
TN:
SF:src\backend\dashboard\dashboard.controller.ts
FN:15,(anonymous_4)
FN:24,(anonymous_5)
FN:41,(anonymous_6)
FN:58,(anonymous_7)
FN:77,(anonymous_8)
FN:96,(anonymous_9)
FN:115,(anonymous_10)
FN:128,(anonymous_11)
FN:139,(anonymous_12)
FN:155,(anonymous_13)
FNF:10
FNH:10
FNDA:36,(anonymous_4)
FNDA:4,(anonymous_5)
FNDA:4,(anonymous_6)
FNDA:4,(anonymous_7)
FNDA:4,(anonymous_8)
FNDA:4,(anonymous_9)
FNDA:4,(anonymous_10)
FNDA:4,(anonymous_11)
FNDA:4,(anonymous_12)
FNDA:4,(anonymous_13)
DA:1,9
DA:2,9
DA:3,9
DA:4,9
DA:5,9
DA:6,9
DA:7,9
DA:8,9
DA:14,9
DA:15,36
DA:24,9
DA:25,4
DA:26,4
DA:27,2
DA:29,2
DA:30,2
DA:41,9
DA:42,4
DA:43,4
DA:44,2
DA:46,2
DA:47,2
DA:58,9
DA:61,4
DA:62,4
DA:63,2
DA:65,2
DA:66,2
DA:77,9
DA:80,4
DA:81,4
DA:82,2
DA:84,2
DA:85,2
DA:96,9
DA:99,4
DA:100,4
DA:101,2
DA:103,2
DA:104,2
DA:115,9
DA:118,4
DA:119,4
DA:120,2
DA:122,2
DA:123,2
DA:128,9
DA:129,4
DA:130,4
DA:131,2
DA:133,2
DA:134,2
DA:139,9
DA:140,4
DA:141,4
DA:142,2
DA:144,2
DA:145,2
DA:155,9
DA:156,4
DA:157,4
DA:158,2
DA:160,2
DA:161,2
LF:64
LH:64
BRDA:29,0,0,1
BRDA:29,0,1,1
BRDA:46,1,0,1
BRDA:46,1,1,1
BRDA:65,2,0,1
BRDA:65,2,1,1
BRDA:84,3,0,1
BRDA:84,3,1,1
BRDA:103,4,0,1
BRDA:103,4,1,1
BRDA:122,5,0,1
BRDA:122,5,1,1
BRDA:133,6,0,1
BRDA:133,6,1,1
BRDA:144,7,0,1
BRDA:144,7,1,1
BRDA:160,8,0,1
BRDA:160,8,1,1
BRF:18
BRH:18
end_of_record
TN:
SF:src\backend\dashboard\dashboard.module.ts
FNF:0
FNH:0
DA:1,0
DA:2,0
DA:3,0
DA:4,0
DA:5,0
DA:6,0
DA:7,0
DA:8,0
DA:9,0
DA:10,0
DA:11,0
DA:12,0
DA:29,0
LF:13
LH:0
BRF:0
BRH:0
end_of_record
TN:
SF:src\backend\dashboard\dashboard.service.ts
FN:17,(anonymous_4)
FN:30,(anonymous_5)
FN:62,(anonymous_6)
FN:64,(anonymous_7)
FN:72,(anonymous_8)
FN:80,(anonymous_9)
FN:88,(anonymous_10)
FN:96,(anonymous_11)
FN:104,(anonymous_12)
FN:109,(anonymous_13)
FN:114,(anonymous_14)
FN:191,(anonymous_15)
FN:220,(anonymous_16)
FN:243,(anonymous_17)
FN:249,(anonymous_18)
FN:255,(anonymous_19)
FNF:16
FNH:0
FNDA:0,(anonymous_4)
FNDA:0,(anonymous_5)
FNDA:0,(anonymous_6)
FNDA:0,(anonymous_7)
FNDA:0,(anonymous_8)
FNDA:0,(anonymous_9)
FNDA:0,(anonymous_10)
FNDA:0,(anonymous_11)
FNDA:0,(anonymous_12)
FNDA:0,(anonymous_13)
FNDA:0,(anonymous_14)
FNDA:0,(anonymous_15)
FNDA:0,(anonymous_16)
FNDA:0,(anonymous_17)
FNDA:0,(anonymous_18)
FNDA:0,(anonymous_19)
DA:1,9
DA:3,9
DA:5,9
DA:8,9
DA:9,9
DA:10,9
DA:11,9
DA:12,9
DA:13,9
DA:16,9
DA:19,0
DA:21,0
DA:23,0
DA:25,0
DA:27,0
DA:31,0
DA:32,0
DA:43,0
DA:46,0
DA:63,0
DA:64,0
DA:73,0
DA:74,0
DA:76,0
DA:77,0
DA:81,0
DA:82,0
DA:84,0
DA:85,0
DA:89,0
DA:90,0
DA:92,0
DA:93,0
DA:97,0
DA:98,0
DA:100,0
DA:101,0
DA:105,0
DA:106,0
DA:110,0
DA:111,0
DA:115,0
DA:116,0
DA:117,0
DA:118,0
DA:120,0
DA:121,0
DA:122,0
DA:123,0
DA:125,0
DA:130,0
DA:136,0
DA:144,0
DA:153,0
DA:163,0
DA:173,0
DA:181,0
DA:182,0
DA:192,0
DA:193,0
DA:194,0
DA:198,0
DA:199,0
DA:203,0
DA:204,0
DA:208,0
DA:209,0
DA:210,0
DA:211,0
DA:212,0
DA:214,0
DA:216,0
DA:224,0
DA:225,0
DA:226,0
DA:227,0
DA:228,0
DA:229,0
DA:230,0
DA:231,0
DA:232,0
DA:233,0
DA:234,0
DA:235,0
DA:237,0
DA:240,0
DA:244,0
DA:245,0
DA:246,0
DA:250,0
DA:251,0
DA:252,0
DA:256,0
DA:257,0
DA:258,0
LF:95
LH:10
BRDA:66,0,0,0
BRDA:66,0,1,0
BRDA:67,1,0,0
BRDA:67,1,1,0
BRDA:68,2,0,0
BRDA:68,2,1,0
BRDA:193,3,0,0
BRDA:193,3,1,0
BRDA:198,4,0,0
BRDA:198,4,1,0
BRDA:203,5,0,0
BRDA:203,5,1,0
BRDA:208,6,0,0
BRDA:208,6,1,0
BRDA:224,7,0,0
BRDA:224,7,1,0
BRDA:227,8,0,0
BRDA:227,8,1,0
BRDA:230,9,0,0
BRDA:230,9,1,0
BRDA:233,10,0,0
BRDA:233,10,1,0
BRF:22
BRH:0
end_of_record
TN:
SF:src\backend\email\email.module.ts
FNF:0
FNH:0
DA:1,0
DA:2,0
DA:8,0
LF:3
LH:0
BRF:0
BRH:0
end_of_record
TN:
SF:src\backend\email\email.service.ts
FN:10,(anonymous_8)
FN:23,(anonymous_9)
FNF:2
FNH:2
FNDA:5,(anonymous_8)
FNDA:3,(anonymous_9)
DA:1,3
DA:2,3
DA:5,3
DA:8,3
DA:12,5
DA:24,3
DA:25,1
DA:26,1
DA:29,2
DA:30,2
DA:31,3
DA:38,2
DA:41,1
DA:42,1
LF:14
LH:14
BRDA:24,0,0,1
BRF:1
BRH:1
end_of_record
TN:
SF:src\backend\import\import.controller.ts
FN:25,(anonymous_4)
FN:29,(anonymous_5)
FN:42,(anonymous_6)
FN:54,(anonymous_7)
FN:66,(anonymous_8)
FN:78,(anonymous_9)
FN:90,(anonymous_10)
FNF:7
FNH:7
FNDA:13,(anonymous_4)
FNDA:2,(anonymous_5)
FNDA:2,(anonymous_6)
FNDA:2,(anonymous_7)
FNDA:2,(anonymous_8)
FNDA:2,(anonymous_9)
FNDA:2,(anonymous_10)
DA:1,1
DA:11,1
DA:12,1
DA:13,1
DA:14,1
DA:15,1
DA:16,1
DA:17,1
DA:18,1
DA:24,1
DA:25,13
DA:29,1
DA:30,2
DA:31,2
DA:32,2
DA:33,1
DA:35,1
DA:36,1
DA:42,1
DA:43,2
DA:44,2
DA:45,1
DA:47,1
DA:48,1
DA:54,1
DA:55,2
DA:56,2
DA:57,1
DA:59,1
DA:60,1
DA:66,1
DA:67,2
DA:68,2
DA:69,1
DA:71,1
DA:72,1
DA:78,1
DA:79,2
DA:80,2
DA:81,1
DA:83,1
DA:84,1
DA:90,1
DA:91,2
DA:92,2
DA:93,1
DA:95,1
DA:96,1
LF:48
LH:48
BRDA:35,0,0,1
BRDA:35,0,1,0
BRDA:47,1,0,1
BRDA:47,1,1,0
BRDA:59,2,0,1
BRDA:59,2,1,0
BRDA:71,3,0,1
BRDA:71,3,1,0
BRDA:83,4,0,1
BRDA:83,4,1,0
BRDA:95,5,0,1
BRDA:95,5,1,0
BRF:12
BRH:6
end_of_record
TN:
SF:src\backend\import\import.module.ts
FNF:0
FNH:0
DA:1,0
DA:2,0
DA:3,0
DA:4,0
DA:5,0
DA:6,0
DA:13,0
LF:7
LH:0
BRF:0
BRH:0
end_of_record
TN:
SF:src\backend\import\import.service.ts
FN:12,(anonymous_4)
FN:19,(anonymous_5)
FN:34,(anonymous_6)
FN:60,(anonymous_7)
FN:72,(anonymous_8)
FN:90,(anonymous_9)
FN:102,(anonymous_10)
FN:119,(anonymous_11)
FN:144,(anonymous_12)
FNF:9
FNH:9
FNDA:21,(anonymous_4)
FNDA:4,(anonymous_5)
FNDA:1,(anonymous_6)
FNDA:4,(anonymous_7)
FNDA:3,(anonymous_8)
FNDA:3,(anonymous_9)
FNDA:3,(anonymous_10)
FNDA:1,(anonymous_11)
FNDA:3,(anonymous_12)
DA:1,2
DA:2,2
DA:3,2
DA:4,2
DA:5,2
DA:8,2
DA:11,2
DA:14,21
DA:16,21
DA:17,21
DA:21,4
DA:22,4
DA:23,4
DA:25,4
DA:26,4
DA:32,1
DA:34,1
DA:35,1
DA:43,1
DA:46,1
DA:48,1
DA:51,3
DA:52,3
DA:56,4
DA:61,4
DA:66,3
DA:73,3
DA:78,2
DA:79,2
DA:80,1
DA:81,1
DA:82,1
DA:84,2
DA:91,3
DA:96,2
DA:97,1
DA:99,1
DA:103,3
DA:108,3
DA:109,1
DA:112,2
DA:113,2
DA:114,2
DA:117,2
DA:118,2
DA:119,1
DA:122,2
DA:124,1
DA:125,1
DA:126,1
DA:129,1
DA:130,1
DA:131,1
DA:132,1
DA:133,1
DA:135,1
DA:140,2
DA:141,2
DA:145,3
LF:59
LH:59
BRDA:79,0,0,1
BRDA:96,1,0,1
BRDA:108,2,0,1
BRDA:122,3,0,1
BRDA:122,3,1,1
BRF:5
BRH:5
end_of_record
TN:
SF:src\backend\location_user\location_user.controller.ts
FN:25,(anonymous_4)
FN:29,(anonymous_5)
FN:44,(anonymous_6)
FN:59,(anonymous_7)
FN:73,(anonymous_8)
FN:87,(anonymous_9)
FNF:6
FNH:6
FNDA:11,(anonymous_4)
FNDA:2,(anonymous_5)
FNDA:2,(anonymous_6)
FNDA:2,(anonymous_7)
FNDA:2,(anonymous_8)
FNDA:2,(anonymous_9)
DA:1,1
DA:11,1
DA:12,1
DA:13,1
DA:14,1
DA:15,1
DA:16,1
DA:17,1
DA:18,1
DA:24,1
DA:25,11
DA:29,1
DA:30,2
DA:31,2
DA:34,2
DA:35,1
DA:37,1
DA:38,1
DA:44,1
DA:45,2
DA:46,2
DA:49,2
DA:50,1
DA:52,1
DA:53,1
DA:59,1
DA:60,2
DA:61,2
DA:64,1
DA:66,1
DA:67,1
DA:73,1
DA:74,2
DA:75,2
DA:78,1
DA:80,1
DA:81,1
DA:87,1
DA:88,2
DA:89,2
DA:90,1
DA:92,1
DA:93,1
LF:43
LH:43
BRDA:37,0,0,1
BRDA:37,0,1,0
BRDA:52,1,0,1
BRDA:52,1,1,0
BRDA:66,2,0,1
BRDA:66,2,1,0
BRDA:80,3,0,1
BRDA:80,3,1,0
BRDA:92,4,0,1
BRDA:92,4,1,0
BRF:10
BRH:5
end_of_record
TN:
SF:src\backend\location_user\location_user.module.ts
FNF:0
FNH:0
DA:1,0
DA:2,0
DA:3,0
DA:4,0
DA:5,0
DA:13,0
LF:6
LH:0
BRF:0
BRH:0
end_of_record
TN:
SF:src\backend\location_user\location_user.service.ts
FN:10,(anonymous_4)
FN:16,(anonymous_5)
FN:33,(anonymous_6)
FN:43,(anonymous_7)
FN:47,(anonymous_8)
FN:54,(anonymous_9)
FN:67,(anonymous_10)
FNF:7
FNH:7
FNDA:12,(anonymous_4)
FNDA:3,(anonymous_5)
FNDA:2,(anonymous_6)
FNDA:2,(anonymous_7)
FNDA:2,(anonymous_8)
FNDA:2,(anonymous_9)
FNDA:2,(anonymous_10)
DA:1,2
DA:2,2
DA:3,2
DA:4,2
DA:5,2
DA:9,2
DA:12,12
DA:14,12
DA:17,3
DA:18,3
DA:19,3
DA:20,1
DA:21,3
DA:25,3
DA:26,2
DA:34,2
DA:35,1
DA:37,2
DA:44,2
DA:48,2
DA:49,1
DA:51,2
DA:55,2
DA:61,2
DA:62,2
DA:63,2
DA:68,2
LF:27
LH:27
BRDA:18,0,0,1
BRDA:19,1,0,1
BRDA:25,2,0,1
BRDA:34,3,0,1
BRDA:48,4,0,1
BRDA:61,5,0,2
BRF:6
BRH:6
end_of_record
TN:
SF:src\backend\menu\menu.controller.ts
FNF:0
FNH:0
DA:1,0
DA:4,0
LF:2
LH:0
BRF:0
BRH:0
end_of_record
TN:
SF:src\backend\menu\menu.module.ts
FNF:0
FNH:0
DA:1,0
DA:2,0
DA:3,0
DA:9,0
LF:4
LH:0
BRF:0
BRH:0
end_of_record
TN:
SF:src\backend\menu\menu.service.ts
FNF:0
FNH:0
DA:1,0
DA:4,0
LF:2
LH:0
BRF:0
BRH:0
end_of_record
TN:
SF:src\backend\momo\momo.controller.ts
FN:19,(anonymous_4)
FN:25,(anonymous_5)
FN:53,(anonymous_6)
FNF:3
FNH:0
FNDA:0,(anonymous_4)
FNDA:0,(anonymous_5)
FNDA:0,(anonymous_6)
DA:1,0
DA:8,0
DA:9,0
DA:10,0
DA:11,0
DA:12,0
DA:13,0
DA:14,0
DA:18,0
DA:20,0
DA:21,0
DA:25,0
DA:26,0
DA:28,0
DA:31,0
DA:40,0
DA:47,0
DA:48,0
DA:53,0
DA:54,0
DA:55,0
DA:58,0
DA:59,0
DA:60,0
DA:62,0
DA:63,0
DA:64,0
DA:65,0
DA:66,0
DA:67,0
DA:68,0
DA:69,0
DA:70,0
DA:71,0
DA:72,0
DA:76,0
DA:78,0
DA:79,0
DA:83,0
DA:84,0
LF:40
LH:0
BRDA:47,0,0,0
BRDA:47,0,1,0
BRDA:58,1,0,0
BRDA:58,1,1,0
BRDA:70,2,0,0
BRF:5
BRH:0
end_of_record
TN:
SF:src\backend\momo\momo.module.ts
FNF:0
FNH:0
DA:1,0
DA:2,0
DA:3,0
DA:4,0
DA:11,0
LF:5
LH:0
BRF:0
BRH:0
end_of_record
TN:
SF:src\backend\momo\momo.service.ts
FN:6,(anonymous_8)
FN:13,(anonymous_9)
FNF:2
FNH:1
FNDA:1,(anonymous_8)
FNDA:0,(anonymous_9)
DA:1,1
DA:2,1
DA:3,1
DA:6,1
DA:7,1
DA:8,1
DA:9,1
DA:10,1
DA:20,0
DA:21,0
DA:22,0
DA:23,0
DA:24,0
DA:25,0
DA:28,0
DA:29,0
DA:35,0
DA:53,0
DA:54,0
DA:60,0
DA:62,0
DA:63,0
LF:22
LH:8
BRF:0
BRH:0
end_of_record
TN:
SF:src\backend\momo\dto\create-momo.dto.ts
FN:17,(anonymous_2)
FNF:1
FNH:0
FNDA:0,(anonymous_2)
DA:1,0
DA:2,0
DA:3,0
DA:9,0
DA:11,0
DA:17,0
DA:18,0
DA:26,0
DA:34,0
DA:42,0
LF:10
LH:0
BRF:0
BRH:0
end_of_record
TN:
SF:src\backend\momo\dto\update-momo.dto.ts
FNF:0
FNH:0
DA:1,0
DA:2,0
DA:4,0
LF:3
LH:0
BRF:0
BRH:0
end_of_record
TN:
SF:src\backend\momo\entities\momo.entity.ts
FNF:0
FNH:0
DA:1,0
LF:1
LH:0
BRF:0
BRH:0
end_of_record
TN:
SF:src\backend\notification\notification.controller.ts
FN:7,(anonymous_2)
FNF:1
FNH:1
FNDA:2,(anonymous_2)
DA:1,1
DA:2,1
DA:6,1
DA:7,2
LF:4
LH:4
BRF:0
BRH:0
end_of_record
TN:
SF:src\backend\notification\notification.module.ts
FNF:0
FNH:0
DA:1,0
DA:2,0
DA:3,0
DA:10,0
LF:4
LH:0
BRF:0
BRH:0
end_of_record
TN:
SF:src\backend\notification\notification.service.ts
FN:11,(anonymous_8)
FN:25,(anonymous_9)
FNF:2
FNH:2
FNDA:7,(anonymous_8)
FNDA:2,(anonymous_9)
DA:1,4
DA:4,4
DA:5,4
DA:6,4
DA:7,4
DA:10,4
DA:12,7
DA:13,6
DA:17,6
DA:18,6
DA:31,2
DA:32,2
DA:33,2
DA:41,2
LF:14
LH:14
BRDA:12,0,0,6
BRF:1
BRH:1
end_of_record
TN:
SF:src\backend\order\order.controller.ts
FN:32,(anonymous_4)
FN:36,(anonymous_5)
FN:74,(anonymous_6)
FN:104,(anonymous_7)
FN:119,(anonymous_8)
FN:131,(anonymous_9)
FN:143,(anonymous_10)
FNF:7
FNH:7
FNDA:28,(anonymous_4)
FNDA:5,(anonymous_5)
FNDA:8,(anonymous_6)
FNDA:5,(anonymous_7)
FNDA:2,(anonymous_8)
FNDA:5,(anonymous_9)
FNDA:1,(anonymous_10)
DA:1,2
DA:11,2
DA:12,2
DA:13,2
DA:14,2
DA:15,2
DA:16,2
DA:17,2
DA:18,2
DA:19,2
DA:20,2
DA:25,2
DA:31,2
DA:32,28
DA:36,2
DA:40,5
DA:41,5
DA:45,3
DA:47,2
DA:48,2
DA:74,2
DA:81,8
DA:82,8
DA:83,8
DA:90,8
DA:95,6
DA:97,2
DA:98,2
DA:104,2
DA:108,5
DA:109,5
DA:110,2
DA:112,3
DA:113,3
DA:119,2
DA:120,2
DA:121,2
DA:122,1
DA:124,1
DA:125,1
DA:131,2
DA:132,5
DA:133,5
DA:134,2
DA:136,3
DA:137,3
DA:143,2
DA:144,1
DA:145,1
DA:146,1
DA:148,0
DA:149,0
LF:52
LH:50
BRDA:47,0,0,2
BRDA:47,0,1,0
BRDA:84,1,0,8
BRDA:84,1,1,4
BRDA:85,2,0,8
BRDA:85,2,1,2
BRDA:86,3,0,2
BRDA:86,3,1,6
BRDA:86,4,0,8
BRDA:86,4,1,2
BRDA:87,5,0,1
BRDA:87,5,1,7
BRDA:87,6,0,8
BRDA:87,6,1,5
BRDA:97,7,0,2
BRDA:97,7,1,0
BRDA:112,8,0,3
BRDA:112,8,1,0
BRDA:124,9,0,1
BRDA:124,9,1,0
BRDA:136,10,0,3
BRDA:136,10,1,0
BRDA:148,11,0,0
BRDA:148,11,1,0
BRF:24
BRH:17
end_of_record
TN:
SF:src\backend\order\order.module.ts
FNF:0
FNH:0
DA:1,0
DA:2,0
DA:3,0
DA:4,0
DA:5,0
DA:6,0
DA:7,0
DA:8,0
DA:9,0
DA:10,0
DA:11,0
DA:12,0
DA:34,0
LF:13
LH:0
BRF:0
BRH:0
end_of_record
TN:
SF:src\backend\order\order.service.ts
FN:29,(anonymous_4)
FN:46,(anonymous_5)
FN:66,(anonymous_6)
FN:93,(anonymous_7)
FN:100,(anonymous_8)
FN:105,(anonymous_9)
FN:119,(anonymous_10)
FN:133,(anonymous_11)
FN:173,(anonymous_12)
FN:185,(anonymous_13)
FN:219,(anonymous_14)
FN:230,(anonymous_15)
FN:247,(anonymous_16)
FN:254,(anonymous_17)
FN:273,(anonymous_18)
FN:303,(anonymous_19)
FN:315,(anonymous_20)
FN:327,(anonymous_21)
FN:353,(anonymous_22)
FN:369,(anonymous_23)
FNF:20
FNH:0
FNDA:0,(anonymous_4)
FNDA:0,(anonymous_5)
FNDA:0,(anonymous_6)
FNDA:0,(anonymous_7)
FNDA:0,(anonymous_8)
FNDA:0,(anonymous_9)
FNDA:0,(anonymous_10)
FNDA:0,(anonymous_11)
FNDA:0,(anonymous_12)
FNDA:0,(anonymous_13)
FNDA:0,(anonymous_14)
FNDA:0,(anonymous_15)
FNDA:0,(anonymous_16)
FNDA:0,(anonymous_17)
FNDA:0,(anonymous_18)
FNDA:0,(anonymous_19)
FNDA:0,(anonymous_20)
FNDA:0,(anonymous_21)
FNDA:0,(anonymous_22)
FNDA:0,(anonymous_23)
DA:1,2
DA:2,2
DA:3,2
DA:4,2
DA:5,2
DA:9,2
DA:15,2
DA:16,2
DA:17,2
DA:18,2
DA:19,2
DA:20,2
DA:21,2
DA:22,2
DA:23,2
DA:24,2
DA:25,2
DA:28,2
DA:31,0
DA:33,0
DA:35,0
DA:37,0
DA:38,0
DA:39,0
DA:40,0
DA:41,0
DA:43,0
DA:48,0
DA:49,0
DA:50,0
DA:52,0
DA:53,0
DA:64,0
DA:66,0
DA:67,0
DA:75,0
DA:77,0
DA:80,0
DA:81,0
DA:84,0
DA:85,0
DA:89,0
DA:94,0
DA:95,0
DA:97,0
DA:100,0
DA:102,0
DA:104,0
DA:105,0
DA:106,0
DA:107,0
DA:108,0
DA:109,0
DA:110,0
DA:111,0
DA:112,0
DA:115,0
DA:120,0
DA:127,0
DA:144,0
DA:146,0
DA:154,0
DA:155,0
DA:157,0
DA:158,0
DA:160,0
DA:161,0
DA:165,0
DA:166,0
DA:171,0
DA:172,0
DA:173,0
DA:174,0
DA:185,0
DA:219,0
DA:220,0
DA:222,0
DA:224,0
DA:225,0
DA:230,0
DA:231,0
DA:232,0
DA:234,0
DA:242,0
DA:247,0
DA:248,0
DA:249,0
DA:251,0
DA:255,0
DA:256,0
DA:258,0
DA:270,0
DA:278,0
DA:279,0
DA:282,0
DA:286,0
DA:287,0
DA:288,0
DA:290,0
DA:294,0
DA:300,0
DA:304,0
DA:309,0
DA:310,0
DA:312,0
DA:316,0
DA:317,0
DA:319,0
DA:327,0
DA:328,0
DA:329,0
DA:332,0
DA:333,0
DA:336,0
DA:340,0
DA:345,0
DA:354,0
DA:355,0
DA:356,0
DA:358,0
DA:359,0
DA:364,0
DA:365,0
DA:367,0
DA:368,0
DA:369,0
DA:372,0
DA:375,0
DA:376,0
DA:380,0
LF:130
LH:18
BRDA:104,0,0,0
BRDA:154,1,0,0
BRDA:157,2,0,0
BRDA:160,3,0,0
BRDA:165,4,0,0
BRDA:175,5,0,0
BRDA:175,5,1,0
BRDA:185,6,0,0
BRDA:185,6,1,0
BRDA:192,7,0,0
BRDA:192,7,1,0
BRDA:199,8,0,0
BRDA:199,8,1,0
BRDA:206,9,0,0
BRDA:206,9,1,0
BRDA:222,10,0,0
BRDA:255,11,0,0
BRDA:255,12,0,0
BRDA:255,12,1,0
BRDA:276,13,0,0
BRDA:278,14,0,0
BRDA:278,15,0,0
BRDA:278,15,1,0
BRDA:286,16,0,0
BRDA:286,17,0,0
BRDA:286,17,1,0
BRDA:287,18,0,0
BRDA:287,18,1,0
BRDA:309,19,0,0
BRDA:364,20,0,0
BRDA:367,21,0,0
BRDA:368,22,0,0
BRDA:369,23,0,0
BRF:33
BRH:0
end_of_record
TN:
SF:src\backend\product\product.controller.ts
FN:27,(anonymous_4)
FN:36,(anonymous_5)
FN:79,(anonymous_6)
FN:104,(anonymous_7)
FN:115,(anonymous_8)
FN:126,(anonymous_9)
FN:141,(anonymous_10)
FNF:7
FNH:0
FNDA:0,(anonymous_4)
FNDA:0,(anonymous_5)
FNDA:0,(anonymous_6)
FNDA:0,(anonymous_7)
FNDA:0,(anonymous_8)
FNDA:0,(anonymous_9)
FNDA:0,(anonymous_10)
DA:1,0
DA:12,0
DA:13,0
DA:14,0
DA:15,0
DA:16,0
DA:17,0
DA:18,0
DA:19,0
DA:20,0
DA:26,0
DA:27,0
DA:36,0
DA:41,0
DA:42,0
DA:45,0
DA:50,0
DA:52,0
DA:53,0
DA:79,0
DA:85,0
DA:86,0
DA:90,0
DA:95,0
DA:97,0
DA:98,0
DA:104,0
DA:105,0
DA:106,0
DA:107,0
DA:109,0
DA:110,0
DA:115,0
DA:116,0
DA:117,0
DA:119,0
DA:120,0
DA:126,0
DA:127,0
DA:128,0
DA:132,0
DA:134,0
DA:135,0
DA:141,0
DA:142,0
DA:143,0
DA:144,0
DA:146,0
DA:147,0
LF:49
LH:0
BRDA:43,0,0,0
BRDA:43,0,1,0
BRDA:52,1,0,0
BRDA:52,1,1,0
BRDA:87,2,0,0
BRDA:87,2,1,0
BRDA:88,3,0,0
BRDA:88,3,1,0
BRDA:97,4,0,0
BRDA:97,4,1,0
BRDA:109,5,0,0
BRDA:109,5,1,0
BRDA:119,6,0,0
BRDA:119,6,1,0
BRDA:134,7,0,0
BRDA:134,7,1,0
BRDA:146,8,0,0
BRDA:146,8,1,0
BRF:18
BRH:0
end_of_record
TN:
SF:src\backend\product\product.module.ts
FNF:0
FNH:0
DA:1,0
DA:2,0
DA:3,0
DA:4,0
DA:5,0
DA:8,0
DA:9,0
DA:17,0
LF:8
LH:0
BRF:0
BRH:0
end_of_record
TN:
SF:src\backend\product\product.service.ts
FN:16,(anonymous_4)
FN:26,(anonymous_5)
FN:55,(anonymous_6)
FN:90,(anonymous_7)
FN:94,(anonymous_8)
FN:106,(anonymous_9)
FN:110,(anonymous_10)
FNF:7
FNH:0
FNDA:0,(anonymous_4)
FNDA:0,(anonymous_5)
FNDA:0,(anonymous_6)
FNDA:0,(anonymous_7)
FNDA:0,(anonymous_8)
FNDA:0,(anonymous_9)
FNDA:0,(anonymous_10)
DA:1,0
DA:2,0
DA:3,0
DA:4,0
DA:5,0
DA:6,0
DA:7,0
DA:11,0
DA:12,0
DA:15,0
DA:18,0
DA:20,0
DA:21,0
DA:23,0
DA:27,0
DA:28,0
DA:30,0
DA:31,0
DA:33,0
DA:34,0
DA:35,0
DA:37,0
DA:38,0
DA:41,0
DA:42,0
DA:44,0
DA:45,0
DA:46,0
DA:47,0
DA:60,0
DA:61,0
DA:62,0
DA:66,0
DA:67,0
DA:68,0
DA:72,0
DA:77,0
DA:80,0
DA:81,0
DA:83,0
DA:91,0
DA:95,0
DA:96,0
DA:97,0
DA:101,0
DA:107,0
DA:111,0
LF:47
LH:0
BRDA:26,0,0,0
BRDA:26,1,0,0
BRDA:27,2,0,0
BRDA:30,3,0,0
BRDA:34,4,0,0
BRDA:34,5,0,0
BRDA:34,5,1,0
BRDA:41,6,0,0
BRDA:41,7,0,0
BRDA:41,7,1,0
BRDA:46,8,0,0
BRDA:61,9,0,0
BRDA:66,10,0,0
BRDA:67,11,0,0
BRDA:67,11,1,0
BRF:15
BRH:0
end_of_record
TN:
SF:src\backend\supplier\supplier.controller.ts
FN:26,(anonymous_4)
FN:30,(anonymous_5)
FN:47,(anonymous_6)
FN:72,(anonymous_7)
FN:84,(anonymous_8)
FN:96,(anonymous_9)
FN:114,(anonymous_10)
FNF:7
FNH:0
FNDA:0,(anonymous_4)
FNDA:0,(anonymous_5)
FNDA:0,(anonymous_6)
FNDA:0,(anonymous_7)
FNDA:0,(anonymous_8)
FNDA:0,(anonymous_9)
FNDA:0,(anonymous_10)
DA:1,1
DA:11,1
DA:12,1
DA:13,1
DA:14,1
DA:15,1
DA:16,1
DA:17,1
DA:18,1
DA:19,1
DA:25,1
DA:26,0
DA:30,1
DA:31,0
DA:32,0
DA:33,0
DA:38,0
DA:40,0
DA:41,0
DA:47,1
DA:52,0
DA:53,0
DA:54,0
DA:55,0
DA:56,0
DA:57,0
DA:58,0
DA:63,0
DA:65,0
DA:66,0
DA:72,1
DA:73,0
DA:74,0
DA:75,0
DA:77,0
DA:78,0
DA:84,1
DA:85,0
DA:86,0
DA:87,0
DA:89,0
DA:90,0
DA:96,1
DA:100,0
DA:101,0
DA:105,0
DA:107,0
DA:108,0
DA:114,1
DA:115,0
DA:116,0
DA:117,0
DA:119,0
DA:120,0
LF:54
LH:17
BRDA:40,0,0,0
BRDA:40,0,1,0
BRDA:54,1,0,0
BRDA:56,2,0,0
BRDA:65,3,0,0
BRDA:65,3,1,0
BRDA:77,4,0,0
BRDA:77,4,1,0
BRDA:89,5,0,0
BRDA:89,5,1,0
BRDA:107,6,0,0
BRDA:107,6,1,0
BRDA:119,7,0,0
BRDA:119,7,1,0
BRF:14
BRH:0
end_of_record
TN:
SF:src\backend\supplier\supplier.module.ts
FNF:0
FNH:0
DA:1,0
DA:2,0
DA:3,0
DA:4,0
DA:5,0
DA:13,0
LF:6
LH:0
BRF:0
BRH:0
end_of_record
TN:
SF:src\backend\supplier\supplier.service.ts
FN:14,(anonymous_4)
FN:22,(anonymous_5)
FN:46,(anonymous_6)
FN:52,(anonymous_7)
FN:56,(anonymous_8)
FN:63,(anonymous_9)
FNF:6
FNH:0
FNDA:0,(anonymous_4)
FNDA:0,(anonymous_5)
FNDA:0,(anonymous_6)
FNDA:0,(anonymous_7)
FNDA:0,(anonymous_8)
FNDA:0,(anonymous_9)
DA:1,2
DA:4,2
DA:6,2
DA:7,2
DA:8,2
DA:9,2
DA:13,2
DA:16,0
DA:17,0
DA:19,0
DA:23,0
DA:24,0
DA:27,0
DA:28,0
DA:29,0
DA:30,0
DA:36,0
DA:38,0
DA:47,0
DA:53,0
DA:60,0
DA:64,0
LF:22
LH:7
BRDA:22,0,0,0
BRDA:22,1,0,0
BRDA:23,2,0,0
BRDA:23,3,0,0
BRDA:23,3,1,0
BRDA:28,4,0,0
BRDA:29,5,0,0
BRDA:36,6,0,0
BRF:8
BRH:0
end_of_record
TN:
SF:src\backend\transaction\transaction.controller.ts
FNF:0
FNH:0
DA:1,0
DA:4,0
LF:2
LH:0
BRF:0
BRH:0
end_of_record
TN:
SF:src\backend\transaction\transaction.module.ts
FNF:0
FNH:0
DA:1,0
DA:2,0
DA:3,0
DA:9,0
LF:4
LH:0
BRF:0
BRH:0
end_of_record
TN:
SF:src\backend\transaction\transaction.service.ts
FNF:0
FNH:0
DA:1,0
DA:4,0
LF:2
LH:0
BRF:0
BRH:0
end_of_record
TN:
SF:src\backend\user\user.controller.ts
FN:28,(anonymous_4)
FN:36,(anonymous_5)
FN:49,(anonymous_6)
FN:77,(anonymous_7)
FN:94,(anonymous_8)
FN:111,(anonymous_9)
FN:127,(anonymous_10)
FN:146,(anonymous_11)
FN:161,(anonymous_12)
FNF:9
FNH:9
FNDA:25,(anonymous_4)
FNDA:3,(anonymous_5)
FNDA:4,(anonymous_6)
FNDA:3,(anonymous_7)
FNDA:3,(anonymous_8)
FNDA:3,(anonymous_9)
FNDA:3,(anonymous_10)
FNDA:3,(anonymous_11)
FNDA:3,(anonymous_12)
DA:1,8
DA:12,8
DA:13,8
DA:14,8
DA:15,8
DA:16,8
DA:17,8
DA:19,8
DA:20,8
DA:21,8
DA:27,8
DA:28,25
DA:36,8
DA:37,3
DA:38,3
DA:39,1
DA:41,2
DA:42,2
DA:49,8
DA:54,4
DA:55,4
DA:56,4
DA:57,3
DA:58,4
DA:59,4
DA:60,4
DA:61,4
DA:62,3
DA:63,4
DA:68,3
DA:70,1
DA:71,1
DA:77,8
DA:78,3
DA:79,3
DA:80,1
DA:82,2
DA:83,2
DA:94,8
DA:95,3
DA:96,3
DA:97,1
DA:99,2
DA:100,2
DA:111,8
DA:112,3
DA:113,3
DA:114,1
DA:116,2
DA:117,2
DA:127,8
DA:131,3
DA:132,3
DA:133,1
DA:135,2
DA:136,2
DA:146,8
DA:150,3
DA:151,3
DA:152,1
DA:154,2
DA:155,2
DA:161,8
DA:162,3
DA:163,3
DA:164,1
DA:166,2
DA:167,2
LF:68
LH:68
BRDA:41,0,0,1
BRDA:41,0,1,1
BRDA:56,1,0,3
BRDA:58,2,0,3
BRDA:59,3,0,3
BRDA:60,4,0,3
BRDA:61,5,0,3
BRDA:70,6,0,1
BRDA:70,6,1,0
BRDA:82,7,0,1
BRDA:82,7,1,1
BRDA:99,8,0,1
BRDA:99,8,1,1
BRDA:116,9,0,1
BRDA:116,9,1,1
BRDA:135,10,0,1
BRDA:135,10,1,1
BRDA:154,11,0,1
BRDA:154,11,1,1
BRDA:166,12,0,1
BRDA:166,12,1,1
BRF:21
BRH:20
end_of_record
TN:
SF:src\backend\user\user.module.ts
FNF:0
FNH:0
DA:1,0
DA:2,0
DA:3,0
DA:4,0
DA:5,0
DA:14,0
LF:6
LH:0
BRF:0
BRH:0
end_of_record
TN:
SF:src\backend\user\user.service.ts
FN:12,(anonymous_10)
FN:16,(anonymous_11)
FN:41,(anonymous_12)
FN:61,(anonymous_13)
FN:88,(anonymous_14)
FN:97,(anonymous_15)
FN:113,(anonymous_16)
FN:124,(anonymous_17)
FNF:8
FNH:8
FNDA:24,(anonymous_10)
FNDA:3,(anonymous_11)
FNDA:4,(anonymous_12)
FNDA:5,(anonymous_13)
FNDA:3,(anonymous_14)
FNDA:3,(anonymous_15)
FNDA:3,(anonymous_16)
FNDA:3,(anonymous_17)
DA:1,43
DA:2,43
DA:3,43
DA:4,43
DA:5,43
DA:8,43
DA:11,43
DA:14,24
DA:17,3
DA:18,3
DA:22,3
DA:23,1
DA:27,2
DA:28,2
DA:31,2
DA:33,2
DA:34,1
DA:36,1
DA:42,4
DA:43,2
DA:46,2
DA:51,2
DA:53,1
DA:62,5
DA:63,2
DA:65,3
DA:72,3
DA:78,3
DA:80,3
DA:89,3
DA:91,2
DA:92,1
DA:94,1
DA:98,3
DA:100,3
DA:101,1
DA:104,2
DA:106,2
DA:108,2
DA:110,1
DA:114,3
DA:115,3
DA:116,1
DA:118,2
DA:119,2
DA:120,2
DA:121,1
DA:125,3
DA:126,3
DA:127,3
DA:129,3
DA:130,3
DA:131,3
DA:132,3
DA:134,3
DA:135,2
DA:140,2
DA:145,2
DA:153,1
LF:59
LH:59
BRDA:22,0,0,1
BRDA:33,1,0,1
BRDA:41,2,0,0
BRDA:41,3,0,0
BRDA:42,4,0,2
BRDA:42,5,0,4
BRDA:42,5,1,3
BRDA:51,6,0,1
BRDA:61,7,0,0
BRDA:61,8,0,0
BRDA:62,9,0,2
BRDA:62,10,0,5
BRDA:62,10,1,4
BRDA:66,11,0,3
BRDA:66,11,1,1
BRDA:67,12,0,3
BRDA:67,12,1,1
BRDA:68,13,0,3
BRDA:68,13,1,0
BRDA:69,14,0,3
BRDA:69,14,1,0
BRDA:70,15,0,3
BRDA:70,15,1,0
BRDA:78,16,0,0
BRDA:91,17,0,1
BRDA:100,18,0,1
BRDA:108,19,0,1
BRDA:115,20,0,1
BRDA:120,21,0,1
BRF:29
BRH:21
end_of_record
TN:
SF:src\base\baseEntity\base.entity.ts
FN:13,(anonymous_2)
FN:20,(anonymous_3)
FNF:2
FNH:0
FNDA:0,(anonymous_2)
FNDA:0,(anonymous_3)
DA:1,74
DA:7,74
DA:9,74
DA:13,0
DA:15,74
DA:20,0
DA:23,74
LF:7
LH:5
BRF:0
BRH:0
end_of_record
TN:
SF:src\base\baseService\base.service.ts
FN:4,(anonymous_0)
FN:6,(anonymous_1)
FN:20,(anonymous_2)
FN:31,(anonymous_3)
FN:38,(anonymous_4)
FN:44,(anonymous_5)
FNF:6
FNH:6
FNDA:93,(anonymous_0)
FNDA:5,(anonymous_1)
FNDA:8,(anonymous_2)
FNDA:30,(anonymous_3)
FNDA:12,(anonymous_4)
FNDA:7,(anonymous_5)
DA:3,33
DA:4,93
DA:10,5
DA:14,5
DA:21,8
DA:24,8
DA:25,2
DA:27,6
DA:28,6
DA:32,30
DA:33,29
DA:34,14
DA:35,15
DA:39,12
DA:40,7
DA:41,7
DA:45,7
DA:46,4
LF:18
LH:18
BRDA:7,0,0,2
BRDA:8,1,0,2
BRDA:24,2,0,2
BRDA:33,3,0,14
BRDA:33,3,1,15
BRF:5
BRH:5
end_of_record
TN:
SF:src\decorator\Role.decorator.ts
FN:4,(anonymous_0)
FNF:1
FNH:1
FNDA:204,(anonymous_0)
DA:1,35
DA:4,204
LF:2
LH:2
BRF:0
BRH:0
end_of_record
TN:
SF:src\decorator\match.decorator.ts
FN:7,Match
FN:8,(anonymous_1)
FN:16,(anonymous_2)
FN:21,(anonymous_3)
FNF:4
FNH:4
FNDA:7,Match
FNDA:7,(anonymous_1)
FNDA:5,(anonymous_2)
FNDA:2,(anonymous_3)
DA:1,2
DA:7,2
DA:8,7
DA:9,7
DA:17,5
DA:18,5
DA:19,5
DA:22,2
DA:23,2
LF:9
LH:9
BRF:0
BRH:0
end_of_record
TN:
SF:src\dto\cart_product\create-cart.dto.ts
FNF:0
FNH:0
DA:1,5
DA:2,5
DA:3,5
DA:6,5
DA:11,5
DA:16,5
DA:21,5
LF:7
LH:7
BRF:0
BRH:0
end_of_record
TN:
SF:src\dto\cart_product\delete-cart.dto.ts
FNF:0
FNH:0
DA:1,5
DA:2,5
DA:3,5
DA:5,5
DA:15,5
LF:5
LH:5
BRF:0
BRH:0
end_of_record
TN:
SF:src\dto\cart_product\update-cart.dto.ts
FNF:0
FNH:0
DA:1,5
DA:2,5
DA:3,5
DA:4,5
DA:6,5
DA:10,5
LF:6
LH:6
BRF:0
BRH:0
end_of_record
TN:
SF:src\dto\categoryDTO\category.create.dto.ts
FNF:0
FNH:0
DA:1,5
DA:2,5
DA:3,5
DA:4,5
DA:6,5
DA:10,5
DA:15,5
DA:19,5
DA:23,5
DA:28,5
LF:10
LH:10
BRF:0
BRH:0
end_of_record
TN:
SF:src\dto\categoryDTO\category.update.dto.ts
FNF:0
FNH:0
DA:1,5
DA:2,5
DA:3,5
DA:4,5
DA:6,5
DA:10,5
LF:6
LH:6
BRF:0
BRH:0
end_of_record
TN:
SF:src\dto\importDTO\import.create.dto.ts
FN:47,(anonymous_2)
FNF:1
FNH:0
FNDA:0,(anonymous_2)
DA:1,1
DA:8,1
DA:9,1
DA:15,1
DA:20,1
DA:25,1
DA:28,1
DA:32,1
DA:37,1
DA:42,1
DA:47,0
DA:50,1
LF:12
LH:11
BRF:0
BRH:0
end_of_record
TN:
SF:src\dto\importDTO\import.update.dto.ts
FN:51,(anonymous_2)
FNF:1
FNH:0
FNDA:0,(anonymous_2)
DA:1,1
DA:8,1
DA:9,1
DA:15,1
DA:20,1
DA:25,1
DA:28,1
DA:32,1
DA:37,1
DA:42,1
DA:47,1
DA:51,0
DA:54,1
LF:13
LH:12
BRF:0
BRH:0
end_of_record
TN:
SF:src\dto\locationUserDTO\create-location_user.dto.ts
FNF:0
FNH:0
DA:1,1
DA:2,1
DA:3,1
DA:5,1
DA:9,1
DA:14,1
DA:20,1
DA:25,1
DA:30,1
LF:9
LH:9
BRF:0
BRH:0
end_of_record
TN:
SF:src\dto\locationUserDTO\update-location_user.dto.ts
FNF:0
FNH:0
DA:1,1
DA:2,1
DA:3,1
DA:4,1
DA:6,1
DA:10,1
LF:6
LH:6
BRF:0
BRH:0
end_of_record
TN:
SF:src\dto\loginDTO\login.dto.ts
FNF:0
FNH:0
DA:1,1
DA:2,1
DA:3,1
DA:5,1
DA:10,1
DA:14,1
LF:6
LH:6
BRF:0
BRH:0
end_of_record
TN:
SF:src\dto\orderDTO\order.allOrder.dto.ts
FNF:0
FNH:0
DA:1,2
DA:2,2
DA:4,2
DA:7,2
DA:11,2
LF:5
LH:5
BRF:0
BRH:0
end_of_record
TN:
SF:src\dto\orderDTO\order.create.dto.ts
FN:30,(anonymous_2)
FN:63,(anonymous_3)
FNF:2
FNH:0
FNDA:0,(anonymous_2)
FNDA:0,(anonymous_3)
DA:1,2
DA:9,2
DA:10,2
DA:11,2
DA:17,2
DA:22,2
DA:27,2
DA:30,2
DA:34,2
DA:39,2
DA:44,2
DA:49,2
DA:54,2
DA:59,2
DA:63,0
DA:66,2
LF:16
LH:15
BRF:0
BRH:0
end_of_record
TN:
SF:src\dto\orderDTO\order.update.dto.ts
FN:36,(anonymous_2)
FNF:1
FNH:0
FNDA:0,(anonymous_2)
DA:1,2
DA:11,2
DA:12,2
DA:23,2
DA:28,2
DA:33,2
DA:36,2
DA:40,2
DA:45,2
DA:50,2
DA:54,2
DA:59,2
LF:12
LH:12
BRF:0
BRH:0
end_of_record
TN:
SF:src\dto\productDTO\product.create.dto.ts
FN:53,(anonymous_2)
FNF:1
FNH:0
FNDA:0,(anonymous_2)
DA:1,0
DA:2,0
DA:3,0
DA:6,0
DA:10,0
DA:15,0
DA:19,0
DA:23,0
DA:28,0
DA:33,0
DA:38,0
DA:43,0
DA:48,0
DA:53,0
DA:55,0
LF:15
LH:0
BRF:0
BRH:0
end_of_record
TN:
SF:src\dto\productDTO\product.update.dto.ts
FNF:0
FNH:0
DA:1,0
DA:2,0
DA:3,0
DA:4,0
DA:6,0
DA:10,0
LF:6
LH:0
BRF:0
BRH:0
end_of_record
TN:
SF:src\dto\supplierDTO\create-supplier.dto.ts
FNF:0
FNH:0
DA:1,1
DA:2,1
DA:3,1
DA:5,1
DA:9,1
DA:15,1
DA:21,1
DA:26,1
LF:8
LH:8
BRF:0
BRH:0
end_of_record
TN:
SF:src\dto\supplierDTO\search-supplier.dto.ts
FNF:0
FNH:0
DA:1,1
DA:2,1
DA:3,1
DA:5,1
DA:9,1
DA:15,1
LF:6
LH:6
BRF:0
BRH:0
end_of_record
TN:
SF:src\dto\supplierDTO\update-supplier.dto.ts
FNF:0
FNH:0
DA:1,1
DA:2,1
DA:3,1
DA:4,1
DA:6,1
DA:10,1
LF:6
LH:6
BRF:0
BRH:0
end_of_record
TN:
SF:src\dto\userDTO\user.changePass.dto.ts
FNF:0
FNH:0
DA:1,1
DA:2,1
DA:3,1
DA:4,1
DA:6,1
DA:10,1
DA:14,1
DA:20,1
LF:8
LH:8
BRF:0
BRH:0
end_of_record
TN:
SF:src\dto\userDTO\user.create.dto.ts
FNF:0
FNH:0
DA:1,10
DA:2,10
DA:3,10
DA:5,10
DA:9,10
DA:13,10
DA:18,10
DA:23,10
DA:27,10
DA:31,10
DA:34,10
DA:37,10
LF:12
LH:12
BRF:0
BRH:0
end_of_record
TN:
SF:src\dto\userDTO\user.logout.dto.ts
FNF:0
FNH:0
DA:1,1
DA:2,1
DA:3,1
DA:5,1
DA:9,1
LF:5
LH:5
BRF:0
BRH:0
end_of_record
TN:
SF:src\dto\userDTO\user.search.dto.ts
FNF:0
FNH:0
DA:1,8
DA:2,8
DA:3,8
DA:5,8
DA:9,8
DA:14,8
DA:20,8
DA:25,8
DA:30,8
LF:9
LH:9
BRF:0
BRH:0
end_of_record
TN:
SF:src\dto\userDTO\user.update.dto.ts
FNF:0
FNH:0
DA:1,8
DA:2,8
DA:3,8
DA:5,8
DA:9,8
DA:13,8
DA:18,8
DA:23,8
DA:27,8
DA:31,8
DA:35,8
DA:37,8
LF:12
LH:12
BRF:0
BRH:0
end_of_record
TN:
SF:src\dto\userDTO\user.verify.dto.ts
FNF:0
FNH:0
DA:1,2
DA:2,2
DA:3,2
DA:5,2
DA:10,2
DA:14,2
LF:6
LH:6
BRF:0
BRH:0
end_of_record
TN:
SF:src\entities\cartproduct_entity\cart_product.entity.ts
FN:17,(anonymous_2)
FN:17,(anonymous_3)
FN:22,(anonymous_4)
FN:22,(anonymous_5)
FNF:4
FNH:0
FNDA:0,(anonymous_2)
FNDA:0,(anonymous_3)
FNDA:0,(anonymous_4)
FNDA:0,(anonymous_5)
DA:1,74
DA:2,74
DA:3,74
DA:4,74
DA:6,74
DA:8,74
DA:11,74
DA:14,74
DA:17,0
DA:19,74
DA:22,0
DA:24,74
LF:12
LH:10
BRF:0
BRH:0
end_of_record
TN:
SF:src\entities\category_entity\category.entity.ts
FN:24,(anonymous_2)
FN:24,(anonymous_3)
FNF:2
FNH:0
FNDA:0,(anonymous_2)
FNDA:0,(anonymous_3)
DA:1,74
DA:2,74
DA:3,74
DA:4,74
DA:7,74
DA:9,74
DA:12,74
DA:15,74
DA:18,74
DA:21,74
DA:24,0
DA:25,74
LF:12
LH:11
BRF:0
BRH:0
end_of_record
TN:
SF:src\entities\helper\email_entity.ts
FNF:0
FNH:0
DA:1,3
LF:1
LH:1
BRF:0
BRH:0
end_of_record
TN:
SF:src\entities\import_entity\import.entity.ts
FN:24,(anonymous_2)
FN:28,(anonymous_3)
FN:28,(anonymous_4)
FN:34,(anonymous_5)
FN:35,(anonymous_6)
FNF:5
FNH:0
FNDA:0,(anonymous_2)
FNDA:0,(anonymous_3)
FNDA:0,(anonymous_4)
FNDA:0,(anonymous_5)
FNDA:0,(anonymous_6)
DA:1,74
DA:9,74
DA:10,74
DA:13,74
DA:15,74
DA:17,74
DA:19,74
DA:21,74
DA:24,0
DA:26,74
DA:28,0
DA:30,74
DA:34,0
DA:35,0
DA:37,74
LF:15
LH:11
BRF:0
BRH:0
end_of_record
TN:
SF:src\entities\import_entity\import_product.entity.ts
FN:25,(anonymous_2)
FN:25,(anonymous_3)
FN:30,(anonymous_4)
FN:30,(anonymous_5)
FNF:4
FNH:0
FNDA:0,(anonymous_2)
FNDA:0,(anonymous_3)
FNDA:0,(anonymous_4)
FNDA:0,(anonymous_5)
DA:1,74
DA:8,74
DA:9,74
DA:12,74
DA:14,74
DA:16,74
DA:18,74
DA:20,74
DA:23,74
DA:25,0
DA:27,74
DA:30,0
DA:32,74
LF:13
LH:11
BRF:0
BRH:0
end_of_record
TN:
SF:src\entities\order_entity\oder.entity.ts
FN:27,(anonymous_2)
FN:27,(anonymous_3)
FN:32,(anonymous_4)
FN:32,(anonymous_5)
FN:36,(anonymous_6)
FN:36,(anonymous_7)
FN:41,(anonymous_8)
FN:41,(anonymous_9)
FNF:8
FNH:0
FNDA:0,(anonymous_2)
FNDA:0,(anonymous_3)
FNDA:0,(anonymous_4)
FNDA:0,(anonymous_5)
FNDA:0,(anonymous_6)
FNDA:0,(anonymous_7)
FNDA:0,(anonymous_8)
FNDA:0,(anonymous_9)
DA:1,74
DA:2,74
DA:3,74
DA:4,74
DA:5,74
DA:6,74
DA:8,74
DA:10,74
DA:12,74
DA:14,74
DA:16,74
DA:18,74
DA:20,74
DA:22,74
DA:24,74
DA:27,0
DA:29,74
DA:32,0
DA:34,74
DA:36,0
DA:38,74
DA:41,0
DA:42,74
LF:23
LH:19
BRF:0
BRH:0
end_of_record
TN:
SF:src\entities\order_entity\order_product.entity.ts
FN:27,(anonymous_2)
FN:27,(anonymous_3)
FN:32,(anonymous_4)
FN:32,(anonymous_5)
FNF:4
FNH:0
FNDA:0,(anonymous_2)
FNDA:0,(anonymous_3)
FNDA:0,(anonymous_4)
FNDA:0,(anonymous_5)
DA:1,74
DA:8,74
DA:9,74
DA:11,74
DA:13,74
DA:16,74
DA:19,74
DA:22,74
DA:25,74
DA:27,0
DA:29,74
DA:32,0
DA:34,74
LF:13
LH:11
BRF:0
BRH:0
end_of_record
TN:
SF:src\entities\product_entity\product.entity.ts
FN:39,(anonymous_2)
FN:39,(anonymous_3)
FN:43,(anonymous_4)
FN:43,(anonymous_5)
FN:48,(anonymous_6)
FN:49,(anonymous_7)
FN:54,(anonymous_8)
FN:54,(anonymous_9)
FN:59,(anonymous_10)
FN:59,(anonymous_11)
FNF:10
FNH:0
FNDA:0,(anonymous_2)
FNDA:0,(anonymous_3)
FNDA:0,(anonymous_4)
FNDA:0,(anonymous_5)
FNDA:0,(anonymous_6)
FNDA:0,(anonymous_7)
FNDA:0,(anonymous_8)
FNDA:0,(anonymous_9)
FNDA:0,(anonymous_10)
FNDA:0,(anonymous_11)
DA:1,74
DA:2,74
DA:3,74
DA:4,74
DA:5,74
DA:6,74
DA:7,74
DA:10,74
DA:12,74
DA:15,74
DA:18,74
DA:21,74
DA:24,74
DA:27,74
DA:30,74
DA:33,74
DA:36,74
DA:39,0
DA:40,74
DA:43,0
DA:44,74
DA:48,0
DA:49,0
DA:51,74
DA:54,0
DA:56,74
DA:59,0
DA:61,74
LF:28
LH:22
BRF:0
BRH:0
end_of_record
TN:
SF:src\entities\supplier_entity\supplier.entity.ts
FN:22,(anonymous_2)
FN:22,(anonymous_3)
FNF:2
FNH:0
FNDA:0,(anonymous_2)
FNDA:0,(anonymous_3)
DA:1,74
DA:2,74
DA:5,74
DA:7,74
DA:10,74
DA:13,74
DA:16,74
DA:19,74
DA:22,0
DA:23,74
LF:10
LH:9
BRF:0
BRH:0
end_of_record
TN:
SF:src\entities\user_entity\location_user.entity.ts
FN:31,(anonymous_2)
FN:31,(anonymous_3)
FN:35,(anonymous_4)
FN:35,(anonymous_5)
FNF:4
FNH:0
FNDA:0,(anonymous_2)
FNDA:0,(anonymous_3)
FNDA:0,(anonymous_4)
FNDA:0,(anonymous_5)
DA:1,74
DA:8,74
DA:9,74
DA:11,74
DA:14,74
DA:16,74
DA:19,74
DA:22,74
DA:25,74
DA:28,74
DA:31,0
DA:33,74
DA:35,0
DA:36,74
LF:14
LH:12
BRF:0
BRH:0
end_of_record
TN:
SF:src\entities\user_entity\user.entity.ts
FN:34,(anonymous_2)
FN:34,(anonymous_3)
FN:38,(anonymous_4)
FN:38,(anonymous_5)
FN:42,(anonymous_6)
FN:42,(anonymous_7)
FN:46,(anonymous_8)
FN:46,(anonymous_9)
FN:50,(anonymous_10)
FN:50,(anonymous_11)
FNF:10
FNH:0
FNDA:0,(anonymous_2)
FNDA:0,(anonymous_3)
FNDA:0,(anonymous_4)
FNDA:0,(anonymous_5)
FNDA:0,(anonymous_6)
FNDA:0,(anonymous_7)
FNDA:0,(anonymous_8)
FNDA:0,(anonymous_9)
FNDA:0,(anonymous_10)
FNDA:0,(anonymous_11)
DA:1,74
DA:2,74
DA:3,74
DA:4,74
DA:5,74
DA:6,74
DA:9,74
DA:11,74
DA:13,74
DA:16,74
DA:19,74
DA:22,74
DA:25,74
DA:28,74
DA:31,74
DA:34,0
DA:35,74
DA:38,0
DA:39,74
DA:42,0
DA:43,74
DA:46,0
DA:47,74
DA:50,0
DA:51,74
LF:25
LH:20
BRF:0
BRH:0
end_of_record
TN:
SF:src\guards\JwtAuth.guard.ts
FN:14,(anonymous_2)
FN:19,(anonymous_3)
FNF:2
FNH:2
FNDA:30,(anonymous_2)
FNDA:15,(anonymous_3)
DA:1,35
DA:7,35
DA:8,35
DA:9,35
DA:10,35
DA:13,35
DA:15,30
DA:16,30
DA:17,30
DA:20,15
DA:23,15
DA:25,15
DA:26,2
DA:29,13
DA:32,13
DA:33,2
DA:36,11
DA:38,11
DA:42,9
DA:43,0
DA:46,9
DA:48,9
DA:50,7
DA:51,5
DA:53,3
DA:54,3
DA:55,2
DA:61,3
DA:63,2
DA:64,2
DA:66,3
LF:31
LH:30
BRDA:25,0,0,2
BRDA:32,1,0,2
BRDA:42,2,0,0
BRDA:48,3,0,2
BRDA:50,4,0,2
BRDA:51,5,0,3
BRDA:54,6,0,2
BRDA:54,7,0,3
BRDA:54,7,1,3
BRDA:63,8,0,2
BRDA:63,8,1,0
BRF:11
BRH:9
end_of_record
TN:
SF:src\guards\Roles.guard.ts
FN:12,(anonymous_2)
FN:14,(anonymous_3)
FNF:2
FNH:2
FNDA:25,(anonymous_2)
FNDA:10,(anonymous_3)
DA:1,35
DA:7,35
DA:8,35
DA:11,35
DA:12,25
DA:15,10
DA:16,10
DA:17,2
DA:20,8
DA:21,8
DA:24,8
DA:25,6
DA:29,2
LF:13
LH:13
BRDA:16,0,0,2
BRDA:24,1,0,6
BRDA:24,2,0,8
BRDA:24,2,1,6
BRF:4
BRH:4
end_of_record
TN:
SF:src\repository\CartRepository.ts
FNF:0
FNH:0
DA:1,13
DA:2,13
DA:5,13
LF:3
LH:3
BRF:0
BRH:0
end_of_record
TN:
SF:src\repository\CategoryRepository.ts
FNF:0
FNH:0
DA:1,11
DA:2,11
DA:5,11
LF:3
LH:3
BRF:0
BRH:0
end_of_record
TN:
SF:src\repository\ImportProductRepository.ts
FN:8,(anonymous_2)
FN:12,(anonymous_3)
FNF:2
FNH:2
FNDA:4,(anonymous_2)
FNDA:4,(anonymous_3)
DA:1,10
DA:2,10
DA:7,10
DA:8,4
DA:9,4
DA:13,4
LF:6
LH:6
BRF:0
BRH:0
end_of_record
TN:
SF:src\repository\ImportRepository.ts
FN:8,(anonymous_2)
FNF:1
FNH:0
FNDA:0,(anonymous_2)
DA:1,9
DA:2,9
DA:7,9
DA:8,0
DA:9,0
LF:5
LH:3
BRF:0
BRH:0
end_of_record
TN:
SF:src\repository\LocationUserRepository.ts
FNF:0
FNH:0
DA:1,2
DA:2,2
DA:5,2
LF:3
LH:3
BRF:0
BRH:0
end_of_record
TN:
SF:src\repository\OrderProductRepository.ts
FN:8,(anonymous_2)
FN:12,(anonymous_3)
FN:30,(anonymous_4)
FN:38,(anonymous_5)
FN:56,(anonymous_6)
FNF:5
FNH:5
FNDA:7,(anonymous_2)
FNDA:3,(anonymous_3)
FNDA:3,(anonymous_4)
FNDA:4,(anonymous_5)
FNDA:7,(anonymous_6)
DA:1,11
DA:3,11
DA:4,11
DA:7,11
DA:8,7
DA:9,7
DA:13,3
DA:30,3
DA:39,4
DA:56,7
LF:10
LH:10
BRF:0
BRH:0
end_of_record
TN:
SF:src\repository\OrderRepository.ts
FN:7,(anonymous_2)
FN:11,(anonymous_3)
FN:62,(anonymous_4)
FN:76,(anonymous_5)
FN:83,(anonymous_6)
FN:155,(anonymous_7)
FN:156,(anonymous_8)
FN:170,(anonymous_9)
FN:186,(anonymous_10)
FN:193,(anonymous_11)
FN:208,(anonymous_12)
FNF:11
FNH:11
FNDA:19,(anonymous_2)
FNDA:3,(anonymous_3)
FNDA:4,(anonymous_4)
FNDA:8,(anonymous_5)
FNDA:6,(anonymous_6)
FNDA:33,(anonymous_7)
FNDA:21,(anonymous_8)
FNDA:3,(anonymous_9)
FNDA:2,(anonymous_10)
FNDA:3,(anonymous_11)
FNDA:4,(anonymous_12)
DA:1,16
DA:2,16
DA:3,16
DA:6,16
DA:7,19
DA:8,19
DA:26,3
DA:50,3
DA:63,4
DA:76,8
DA:87,6
DA:88,6
DA:90,6
DA:92,1
DA:93,1
DA:96,1
DA:97,1
DA:98,1
DA:99,1
DA:101,1
DA:102,1
DA:103,1
DA:105,1
DA:108,2
DA:109,2
DA:110,2
DA:111,2
DA:112,24
DA:114,2
DA:117,1
DA:118,1
DA:119,1
DA:120,1
DA:121,4
DA:123,1
DA:126,1
DA:127,1
DA:128,1
DA:129,1
DA:130,1
DA:131,4
DA:133,1
DA:136,1
DA:139,5
DA:155,5
DA:156,33
DA:157,33
DA:167,5
DA:171,3
DA:186,3
DA:194,3
DA:208,4
LF:52
LH:52
BRDA:51,0,0,3
BRDA:51,0,1,2
BRDA:52,1,0,3
BRDA:52,1,1,2
BRDA:53,2,0,3
BRDA:53,2,1,2
BRDA:54,3,0,3
BRDA:54,3,1,2
BRDA:55,4,0,3
BRDA:55,4,1,2
BRDA:56,5,0,3
BRDA:56,5,1,2
BRDA:57,6,0,3
BRDA:57,6,1,2
BRDA:58,7,0,3
BRDA:58,7,1,2
BRDA:90,8,0,1
BRDA:90,8,1,2
BRDA:90,8,2,1
BRDA:90,8,3,1
BRDA:90,8,4,1
BRDA:158,9,0,33
BRDA:158,9,1,29
BRF:23
BRH:23
end_of_record
TN:
SF:src\repository\ProductRepository.ts
FN:8,(anonymous_2)
FNF:1
FNH:0
FNDA:0,(anonymous_2)
DA:1,0
DA:2,0
DA:3,0
DA:7,0
DA:8,0
DA:9,0
LF:6
LH:0
BRF:0
BRH:0
end_of_record
TN:
SF:src\repository\SupplierRepository.ts
FNF:0
FNH:0
DA:1,2
DA:3,2
DA:6,2
LF:3
LH:3
BRF:0
BRH:0
end_of_record
TN:
SF:src\repository\UserRepository.ts
FN:6,(anonymous_2)
FNF:1
FNH:0
FNDA:0,(anonymous_2)
DA:1,11
DA:2,11
DA:5,11
DA:6,0
DA:7,0
LF:5
LH:3
BRF:0
BRH:0
end_of_record
TN:
SF:src\share\GenerateEntityCode.ts
FN:2,(anonymous_0)
FNF:1
FNH:1
FNDA:15,(anonymous_0)
DA:1,6
DA:3,15
DA:4,15
DA:5,15
LF:4
LH:4
BRF:0
BRH:0
end_of_record
TN:
SF:src\share\ParseBooleanPipe.ts
FN:5,(anonymous_1)
FNF:1
FNH:1
FNDA:19,(anonymous_1)
DA:1,4
DA:4,4
DA:6,19
DA:7,17
DA:8,15
DA:9,13
LF:6
LH:6
BRDA:6,0,0,2
BRDA:7,1,0,2
BRDA:8,2,0,2
BRF:3
BRH:3
end_of_record
TN:
SF:src\share\Enum\Enum.ts
FN:1,(anonymous_0)
FN:7,(anonymous_1)
FN:14,(anonymous_2)
FN:20,(anonymous_3)
FN:26,(anonymous_4)
FN:34,(anonymous_5)
FN:39,(anonymous_6)
FN:46,(anonymous_7)
FN:52,(anonymous_8)
FNF:9
FNH:9
FNDA:75,(anonymous_0)
FNDA:75,(anonymous_1)
FNDA:75,(anonymous_2)
FNDA:75,(anonymous_3)
FNDA:75,(anonymous_4)
FNDA:75,(anonymous_5)
FNDA:75,(anonymous_6)
FNDA:75,(anonymous_7)
FNDA:75,(anonymous_8)
DA:1,75
DA:2,75
DA:3,75
DA:4,75
DA:7,75
DA:8,75
DA:9,75
DA:10,75
DA:11,75
DA:14,75
DA:15,75
DA:16,75
DA:17,75
DA:20,75
DA:21,75
DA:22,75
DA:23,75
DA:26,75
DA:27,75
DA:28,75
DA:29,75
DA:30,75
DA:31,75
DA:34,75
DA:35,75
DA:36,75
DA:39,75
DA:40,75
DA:41,75
DA:42,75
DA:43,75
DA:46,75
DA:47,75
DA:48,75
DA:49,75
DA:52,75
DA:53,75
DA:54,75
LF:38
LH:38
BRDA:1,0,0,75
BRDA:1,0,1,75
BRDA:7,1,0,75
BRDA:7,1,1,75
BRDA:14,2,0,75
BRDA:14,2,1,75
BRDA:20,3,0,75
BRDA:20,3,1,75
BRDA:26,4,0,75
BRDA:26,4,1,75
BRDA:34,5,0,75
BRDA:34,5,1,75
BRDA:39,6,0,75
BRDA:39,6,1,75
BRDA:46,7,0,75
BRDA:46,7,1,75
BRDA:52,8,0,75
BRDA:52,8,1,75
BRF:18
BRH:18
end_of_record
